Added Component: Designator=C(CAPC1608X90)
Add component (AddParameter): Name = "Digi-Key_Part_Number"; Value = "399-1281-1-ND"; VariantName = "[No Variations]"
Add component (AddParameter): Name = "Digi-Key_Purchase_URL"; Value = "https://www.digikey.com/product-detail/en/kemet/C0603C104K3RACTU/399-1281-1-ND/416057?utm_source=snapeda&utm_medium=aggregator&utm_campaign=symbol"; VariantName = "[No Variations]"
Add component (AddParameter): Name = "MF"; Value = "KEMET"; VariantName = "[No Variations]"
Add component (AddParameter): Name = "MP"; Value = "C0603C104K3RACTU"; VariantName = "[No Variations]"
Add component (AddParameter): Name = "Package"; Value = "0603 Kemet"; VariantName = "[No Variations]"
Add component (AddParameter): Name = "SnapEDA_Link"; Value = "https://www.snapeda.com/parts/C0603C104K3RACTU/KEMET/view-part/78674/?ref=snap"; VariantName = "[No Variations]"
Add component (AddParameter): Name = "Value"; Value = ""; VariantName = "[No Variations]"
Added Component: Designator=HP1(5HeaderPin)
Added Component: Designator=HP2(5HeaderPin)
Added Component: Designator=HP3(5HeaderPin)
Added Component: Designator=HP4(5HeaderPin)
Added Component: Designator=R1(RESC1608X55N)
Add component (AddParameter): Name = "Availability"; Value = "Unavailable"; VariantName = "[No Variations]"
Add component (AddParameter): Name = "MF"; Value = ""; VariantName = "[No Variations]"
Add component (AddParameter): Name = "MP"; Value = "RC0603FR-102ML"; VariantName = "[No Variations]"
Add component (AddParameter): Name = "Package"; Value = "None"; VariantName = "[No Variations]"
Add component (AddParameter): Name = "Price"; Value = "None"; VariantName = "[No Variations]"
Add component (AddParameter): Name = "Value"; Value = "0"; VariantName = "[No Variations]"
Added Component: Designator=R2(RESC1608X55N)
Add component (AddParameter): Name = "Availability"; Value = "Unavailable"; VariantName = "[No Variations]"
Add component (AddParameter): Name = "MF"; Value = ""; VariantName = "[No Variations]"
Add component (AddParameter): Name = "MP"; Value = "RC0603FR-102ML"; VariantName = "[No Variations]"
Add component (AddParameter): Name = "Package"; Value = "None"; VariantName = "[No Variations]"
Add component (AddParameter): Name = "Price"; Value = "None"; VariantName = "[No Variations]"
Add component (AddParameter): Name = "Value"; Value = "0"; VariantName = "[No Variations]"
Added Component: Designator=R3(RESC1608X55N)
Add component (AddParameter): Name = "Availability"; Value = "Unavailable"; VariantName = "[No Variations]"
Add component (AddParameter): Name = "MF"; Value = ""; VariantName = "[No Variations]"
Add component (AddParameter): Name = "MP"; Value = "RC0603FR-102ML"; VariantName = "[No Variations]"
Add component (AddParameter): Name = "Package"; Value = "None"; VariantName = "[No Variations]"
Add component (AddParameter): Name = "Price"; Value = "None"; VariantName = "[No Variations]"
Add component (AddParameter): Name = "Value"; Value = "0"; VariantName = "[No Variations]"
Added Component: Designator=R4(RESC1608X55N)
Add component (AddParameter): Name = "Availability"; Value = "Unavailable"; VariantName = "[No Variations]"
Add component (AddParameter): Name = "MF"; Value = ""; VariantName = "[No Variations]"
Add component (AddParameter): Name = "MP"; Value = "RC0603FR-102ML"; VariantName = "[No Variations]"
Add component (AddParameter): Name = "Package"; Value = "None"; VariantName = "[No Variations]"
Add component (AddParameter): Name = "Price"; Value = "None"; VariantName = "[No Variations]"
Add component (AddParameter): Name = "Value"; Value = "0"; VariantName = "[No Variations]"
Added Component: Designator=R5(RESC1608X55N)
Add component (AddParameter): Name = "Availability"; Value = "Unavailable"; VariantName = "[No Variations]"
Add component (AddParameter): Name = "MF"; Value = ""; VariantName = "[No Variations]"
Add component (AddParameter): Name = "MP"; Value = "RC0603FR-102ML"; VariantName = "[No Variations]"
Add component (AddParameter): Name = "Package"; Value = "None"; VariantName = "[No Variations]"
Add component (AddParameter): Name = "Price"; Value = "None"; VariantName = "[No Variations]"
Add component (AddParameter): Name = "Value"; Value = "0"; VariantName = "[No Variations]"
Added Component: Designator=R6(RESC1608X55N)
Add component (AddParameter): Name = "Availability"; Value = "Unavailable"; VariantName = "[No Variations]"
Add component (AddParameter): Name = "MF"; Value = ""; VariantName = "[No Variations]"
Add component (AddParameter): Name = "MP"; Value = "RC0603FR-102ML"; VariantName = "[No Variations]"
Add component (AddParameter): Name = "Package"; Value = "None"; VariantName = "[No Variations]"
Add component (AddParameter): Name = "Price"; Value = "None"; VariantName = "[No Variations]"
Add component (AddParameter): Name = "Value"; Value = "0"; VariantName = "[No Variations]"
Added Component: Designator=R7(RESC1608X55N)
Add component (AddParameter): Name = "Availability"; Value = "Unavailable"; VariantName = "[No Variations]"
Add component (AddParameter): Name = "MF"; Value = ""; VariantName = "[No Variations]"
Add component (AddParameter): Name = "MP"; Value = "RC0603FR-102ML"; VariantName = "[No Variations]"
Add component (AddParameter): Name = "Package"; Value = "None"; VariantName = "[No Variations]"
Add component (AddParameter): Name = "Price"; Value = "None"; VariantName = "[No Variations]"
Add component (AddParameter): Name = "Value"; Value = "4.7k"; VariantName = "[No Variations]"
Added Component: Designator=R8(RESC1608X55N)
Add component (AddParameter): Name = "Availability"; Value = "Unavailable"; VariantName = "[No Variations]"
Add component (AddParameter): Name = "MF"; Value = ""; VariantName = "[No Variations]"
Add component (AddParameter): Name = "MP"; Value = "RC0603FR-102ML"; VariantName = "[No Variations]"
Add component (AddParameter): Name = "Package"; Value = "None"; VariantName = "[No Variations]"
Add component (AddParameter): Name = "Price"; Value = "None"; VariantName = "[No Variations]"
Add component (AddParameter): Name = "Value"; Value = "0"; VariantName = "[No Variations]"
Added Component: Designator=R9(RESC1608X55N)
Add component (AddParameter): Name = "Availability"; Value = "Unavailable"; VariantName = "[No Variations]"
Add component (AddParameter): Name = "MF"; Value = ""; VariantName = "[No Variations]"
Add component (AddParameter): Name = "MP"; Value = "RC0603FR-102ML"; VariantName = "[No Variations]"
Add component (AddParameter): Name = "Package"; Value = "None"; VariantName = "[No Variations]"
Add component (AddParameter): Name = "Price"; Value = "None"; VariantName = "[No Variations]"
Add component (AddParameter): Name = "Value"; Value = "0"; VariantName = "[No Variations]"
Added Component: Designator=R10(RESC1608X55N)
Add component (AddParameter): Name = "Availability"; Value = "Unavailable"; VariantName = "[No Variations]"
Add component (AddParameter): Name = "MF"; Value = ""; VariantName = "[No Variations]"
Add component (AddParameter): Name = "MP"; Value = "RC0603FR-102ML"; VariantName = "[No Variations]"
Add component (AddParameter): Name = "Package"; Value = "None"; VariantName = "[No Variations]"
Add component (AddParameter): Name = "Price"; Value = "None"; VariantName = "[No Variations]"
Add component (AddParameter): Name = "Value"; Value = "4.7k"; VariantName = "[No Variations]"
Added Component: Designator=U(XCVR_CYBLE-416045-02)
Add component (AddParameter): Name = "Availability"; Value = "Unavailable"; VariantName = "[No Variations]"
Add component (AddParameter): Name = "MF"; Value = "Cypress Semiconductor"; VariantName = "[No Variations]"
Add component (AddParameter): Name = "MP"; Value = "CYBLE-416045-02"; VariantName = "[No Variations]"
Add component (AddParameter): Name = "Package"; Value = "SMD-43 Cypress Semiconductor"; VariantName = "[No Variations]"
Add component (AddParameter): Name = "Price"; Value = "None"; VariantName = "[No Variations]"
Add component (AddParameter): Name = "SnapEDA_Link"; Value = "https://www.snapeda.com/parts/CYBLE-416045-02/Teledyne%20e2v/view-part/3593961/?ref=snap"; VariantName = "[No Variations]"
Add component (AddParameter): Name = "Value"; Value = ""; VariantName = "[No Variations]"
Added Pin To Net: NetName=GND Pin=C-1
Added Pin To Net: NetName=VBUCK Pin=C-2
Added Pin To Net: NetName=VBUCK Pin=HP1-1
Added Pin To Net: NetName=VBACKUP Pin=HP2-1
Added Pin To Net: NetName=VBUCK Pin=HP3-1
Added Pin To Net: NetName=VBUCK Pin=R7-2
Added Pin To Net: NetName=VBUCK Pin=R9-1
Added Pin To Net: NetName=VBACKUP Pin=R9-2
Added Pin To Net: NetName=VBUCK Pin=R10-2
Added Pin To Net: NetName=GND Pin=U-1
Added Pin To Net: NetName=VBACKUP Pin=U-3
Added Pin To Net: NetName=VBUCK Pin=U-4
Added Pin To Net: NetName=GND Pin=U-15
Added Pin To Net: NetName=GND Pin=U-43
Added Pin To Net: NetName=ECHO1 Pin=HP4-3
Added Pin To Net: NetName=ECHO1 Pin=U-7
Added Net: Name=ECHO1
Added Pin To Net: NetName=ECHO2 Pin=HP3-2
Added Pin To Net: NetName=ECHO2 Pin=U-32
Added Net: Name=ECHO2
Added Pin To Net: NetName=ECHO3 Pin=HP3-4
Added Pin To Net: NetName=ECHO3 Pin=U-25
Added Net: Name=ECHO3
Added Pin To Net: NetName=ECHO Pin=HP4-1
Added Pin To Net: NetName=ECHO Pin=U-13
Added Net: Name=ECHO
Added Pin To Net: NetName=LED Pin=HP4-5
Added Pin To Net: NetName=LED Pin=U-8
Added Net: Name=LED
Added Pin To Net: NetName=P5_0 Pin=R2-1
Added Pin To Net: NetName=P5_0 Pin=U-39
Added Net: Name=P5_0
Added Pin To Net: NetName=P5_1 Pin=R4-1
Added Pin To Net: NetName=P5_1 Pin=U-40
Added Net: Name=P5_1
Added Pin To Net: NetName=P6_4 Pin=R8-1
Added Pin To Net: NetName=P6_4 Pin=U-24
Added Net: Name=P6_4
Added Pin To Net: NetName=P6_5 Pin=R6-1
Added Pin To Net: NetName=P6_5 Pin=U-29
Added Net: Name=P6_5
Added Pin To Net: NetName=P6_6 Pin=R5-1
Added Pin To Net: NetName=P6_6 Pin=U-27
Added Net: Name=P6_6
Added Pin To Net: NetName=P6_7 Pin=R3-1
Added Pin To Net: NetName=P6_7 Pin=U-26
Added Net: Name=P6_7
Added Pin To Net: NetName=RESET Pin=HP1-4
Added Pin To Net: NetName=RESET Pin=R1-2
Added Net: Name=RESET
Added Pin To Net: NetName=RX Pin=HP2-4
Added Pin To Net: NetName=RX Pin=R2-2
Added Net: Name=RX
Added Pin To Net: NetName=SCL Pin=HP2-3
Added Pin To Net: NetName=SCL Pin=R8-2
Added Pin To Net: NetName=SCL Pin=R10-1
Added Net: Name=SCL
Added Pin To Net: NetName=SDA Pin=HP2-2
Added Pin To Net: NetName=SDA Pin=R6-2
Added Pin To Net: NetName=SDA Pin=R7-1
Added Net: Name=SDA
Added Pin To Net: NetName=SWDCLK Pin=HP1-2
Added Pin To Net: NetName=SWDCLK Pin=R3-2
Added Net: Name=SWDCLK
Added Pin To Net: NetName=SWDIO Pin=HP1-3
Added Pin To Net: NetName=SWDIO Pin=R5-2
Added Net: Name=SWDIO
Added Pin To Net: NetName=TRIGGER1 Pin=HP4-4
Added Pin To Net: NetName=TRIGGER1 Pin=U-33
Added Net: Name=TRIGGER1
Added Pin To Net: NetName=TRIGGER2 Pin=HP3-3
Added Pin To Net: NetName=TRIGGER2 Pin=U-36
Added Net: Name=TRIGGER2
Added Pin To Net: NetName=TRIGGER3 Pin=HP3-5
Added Pin To Net: NetName=TRIGGER3 Pin=U-37
Added Net: Name=TRIGGER3
Added Pin To Net: NetName=TRIGGER Pin=HP4-2
Added Pin To Net: NetName=TRIGGER Pin=U-12
Added Net: Name=TRIGGER
Added Pin To Net: NetName=TX Pin=HP2-5
Added Pin To Net: NetName=TX Pin=R4-2
Added Net: Name=TX
Added Pin To Net: NetName=VREF Pin=HP1-5
Added Pin To Net: NetName=VREF Pin=U-16
Added Net: Name=VREF
Added Pin To Net: NetName=XRES Pin=R1-1
Added Pin To Net: NetName=XRES Pin=U-42
Added Net: Name=XRES
Added Member To Class: ClassName=CollisionDetection Member=Component C 10uF
Added Member To Class: ClassName=CollisionDetection Member=Component HP1 5HeaderPin
Added Member To Class: ClassName=CollisionDetection Member=Component HP2 5HeaderPin
Added Member To Class: ClassName=CollisionDetection Member=Component HP3 5HeaderPin
Added Member To Class: ClassName=CollisionDetection Member=Component HP4 5HeaderPin
Added Member To Class: ClassName=CollisionDetection Member=Component R1 RC0603FR-102ML
Added Member To Class: ClassName=CollisionDetection Member=Component R2 RC0603FR-102ML
Added Member To Class: ClassName=CollisionDetection Member=Component R3 RC0603FR-102ML
Added Member To Class: ClassName=CollisionDetection Member=Component R4 RC0603FR-102ML
Added Member To Class: ClassName=CollisionDetection Member=Component R5 RC0603FR-102ML
Added Member To Class: ClassName=CollisionDetection Member=Component R6 RC0603FR-102ML
Added Member To Class: ClassName=CollisionDetection Member=Component R7 RC0603FR-102ML
Added Member To Class: ClassName=CollisionDetection Member=Component R8 RC0603FR-102ML
Added Member To Class: ClassName=CollisionDetection Member=Component R9 RC0603FR-102ML
Added Member To Class: ClassName=CollisionDetection Member=Component R10 RC0603FR-102ML
Added Member To Class: ClassName=CollisionDetection Member=Component U CYBLE-416045-02
Added Room: Name=CollisionDetection
