ARM GAS  C:\Users\admin\AppData\Local\Temp\ccRbtlt7.s 			page 1


   1              		.syntax unified
   2              		.cpu cortex-m4
   3              		.eabi_attribute 27, 1
   4              		.fpu fpv4-sp-d16
   5              		.eabi_attribute 20, 1
   6              		.eabi_attribute 21, 1
   7              		.eabi_attribute 23, 3
   8              		.eabi_attribute 24, 1
   9              		.eabi_attribute 25, 1
  10              		.eabi_attribute 26, 1
  11              		.eabi_attribute 30, 1
  12              		.eabi_attribute 34, 1
  13              		.eabi_attribute 18, 4
  14              		.thumb
  15              		.syntax unified
  16              		.file	"main_cm4.c"
  17              		.text
  18              	.Ltext0:
  19              		.cfi_sections	.debug_frame
  20              		.section	.text.main,"ax",%progbits
  21              		.align	2
  22              		.global	main
  23              		.thumb
  24              		.thumb_func
  25              		.type	main, %function
  26              	main:
  27              	.LFB508:
  28              		.file 1 "main_cm4.c"
   1:main_cm4.c    **** /* ========================================
   2:main_cm4.c    ****  *
   3:main_cm4.c    ****  * Copyright YOUR COMPANY, THE YEAR
   4:main_cm4.c    ****  * All Rights Reserved
   5:main_cm4.c    ****  * UNPUBLISHED, LICENSED SOFTWARE.
   6:main_cm4.c    ****  *
   7:main_cm4.c    ****  * CONFIDENTIAL AND PROPRIETARY INFORMATION
   8:main_cm4.c    ****  * WHICH IS THE PROPERTY OF your company.
   9:main_cm4.c    ****  *
  10:main_cm4.c    ****  * ========================================
  11:main_cm4.c    **** */
  12:main_cm4.c    **** #include "project.h"
  13:main_cm4.c    **** 
  14:main_cm4.c    **** int main(void)
  15:main_cm4.c    **** {
  29              		.loc 1 15 0
  30              		.cfi_startproc
  31              		@ Volatile: function does not return.
  32              		@ args = 0, pretend = 0, frame = 0
  33              		@ frame_needed = 0, uses_anonymous_args = 0
  34              		@ link register save eliminated.
  35              	.L2:
  36 0000 FEE7     		b	.L2
  37              		.cfi_endproc
  38              	.LFE508:
  39              		.size	main, .-main
  40 0002 00BF     		.text
  41              	.Letext0:
  42              		.file 2 "c:\\program files (x86)\\cypress\\psoc creator\\4.4\\psoc creator\\import\\gnu\\arm\\5.4.
ARM GAS  C:\Users\admin\AppData\Local\Temp\ccRbtlt7.s 			page 2


  43              		.file 3 "c:\\program files (x86)\\cypress\\psoc creator\\4.4\\psoc creator\\import\\gnu\\arm\\5.4.
  44              		.file 4 "Generated_Source\\PSoC6\\pdl\\drivers/peripheral/device/cy_device.h"
  45              		.file 5 "Generated_Source\\PSoC6\\pdl\\drivers/peripheral/scb/cy_scb_i2c.h"
  46              		.file 6 "Generated_Source\\PSoC6\\pdl\\drivers/peripheral/scb/cy_scb_uart.h"
  47              		.file 7 "Generated_Source\\PSoC6\\pdl\\cmsis/include/core_cm4.h"
  48              		.file 8 "Generated_Source\\PSoC6/SensorBus.h"
  49              		.file 9 "Generated_Source\\PSoC6/UART.h"
  50              		.section	.debug_info,"",%progbits
  51              	.Ldebug_info0:
  52 0000 EB070000 		.4byte	0x7eb
  53 0004 0400     		.2byte	0x4
  54 0006 00000000 		.4byte	.Ldebug_abbrev0
  55 000a 04       		.byte	0x4
  56 000b 01       		.uleb128 0x1
  57 000c 02060000 		.4byte	.LASF160
  58 0010 0C       		.byte	0xc
  59 0011 310A0000 		.4byte	.LASF161
  60 0015 43050000 		.4byte	.LASF162
  61 0019 00000000 		.4byte	.Ldebug_ranges0+0
  62 001d 00000000 		.4byte	0
  63 0021 00000000 		.4byte	.Ldebug_line0
  64 0025 02       		.uleb128 0x2
  65 0026 02       		.byte	0x2
  66 0027 05       		.byte	0x5
  67 0028 62070000 		.4byte	.LASF0
  68 002c 02       		.uleb128 0x2
  69 002d 01       		.byte	0x1
  70 002e 06       		.byte	0x6
  71 002f A8010000 		.4byte	.LASF1
  72 0033 03       		.uleb128 0x3
  73 0034 88000000 		.4byte	.LASF3
  74 0038 02       		.byte	0x2
  75 0039 1D       		.byte	0x1d
  76 003a 3E000000 		.4byte	0x3e
  77 003e 02       		.uleb128 0x2
  78 003f 01       		.byte	0x1
  79 0040 08       		.byte	0x8
  80 0041 40070000 		.4byte	.LASF2
  81 0045 03       		.uleb128 0x3
  82 0046 17030000 		.4byte	.LASF4
  83 004a 02       		.byte	0x2
  84 004b 29       		.byte	0x29
  85 004c 25000000 		.4byte	0x25
  86 0050 03       		.uleb128 0x3
  87 0051 36080000 		.4byte	.LASF5
  88 0055 02       		.byte	0x2
  89 0056 2B       		.byte	0x2b
  90 0057 5B000000 		.4byte	0x5b
  91 005b 02       		.uleb128 0x2
  92 005c 02       		.byte	0x2
  93 005d 07       		.byte	0x7
  94 005e AD080000 		.4byte	.LASF6
  95 0062 03       		.uleb128 0x3
  96 0063 54080000 		.4byte	.LASF7
  97 0067 02       		.byte	0x2
  98 0068 3F       		.byte	0x3f
  99 0069 6D000000 		.4byte	0x6d
ARM GAS  C:\Users\admin\AppData\Local\Temp\ccRbtlt7.s 			page 3


 100 006d 02       		.uleb128 0x2
 101 006e 04       		.byte	0x4
 102 006f 05       		.byte	0x5
 103 0070 41020000 		.4byte	.LASF8
 104 0074 03       		.uleb128 0x3
 105 0075 FC020000 		.4byte	.LASF9
 106 0079 02       		.byte	0x2
 107 007a 41       		.byte	0x41
 108 007b 7F000000 		.4byte	0x7f
 109 007f 02       		.uleb128 0x2
 110 0080 04       		.byte	0x4
 111 0081 07       		.byte	0x7
 112 0082 C6030000 		.4byte	.LASF10
 113 0086 02       		.uleb128 0x2
 114 0087 08       		.byte	0x8
 115 0088 05       		.byte	0x5
 116 0089 9A010000 		.4byte	.LASF11
 117 008d 02       		.uleb128 0x2
 118 008e 08       		.byte	0x8
 119 008f 07       		.byte	0x7
 120 0090 E3000000 		.4byte	.LASF12
 121 0094 04       		.uleb128 0x4
 122 0095 04       		.byte	0x4
 123 0096 05       		.byte	0x5
 124 0097 696E7400 		.ascii	"int\000"
 125 009b 02       		.uleb128 0x2
 126 009c 04       		.byte	0x4
 127 009d 07       		.byte	0x7
 128 009e 69030000 		.4byte	.LASF13
 129 00a2 03       		.uleb128 0x3
 130 00a3 92090000 		.4byte	.LASF14
 131 00a7 03       		.byte	0x3
 132 00a8 18       		.byte	0x18
 133 00a9 33000000 		.4byte	0x33
 134 00ad 03       		.uleb128 0x3
 135 00ae 92010000 		.4byte	.LASF15
 136 00b2 03       		.byte	0x3
 137 00b3 20       		.byte	0x20
 138 00b4 45000000 		.4byte	0x45
 139 00b8 03       		.uleb128 0x3
 140 00b9 87030000 		.4byte	.LASF16
 141 00bd 03       		.byte	0x3
 142 00be 24       		.byte	0x24
 143 00bf 50000000 		.4byte	0x50
 144 00c3 03       		.uleb128 0x3
 145 00c4 38070000 		.4byte	.LASF17
 146 00c8 03       		.byte	0x3
 147 00c9 2C       		.byte	0x2c
 148 00ca 62000000 		.4byte	0x62
 149 00ce 03       		.uleb128 0x3
 150 00cf E9070000 		.4byte	.LASF18
 151 00d3 03       		.byte	0x3
 152 00d4 30       		.byte	0x30
 153 00d5 74000000 		.4byte	0x74
 154 00d9 02       		.uleb128 0x2
 155 00da 04       		.byte	0x4
 156 00db 07       		.byte	0x7
ARM GAS  C:\Users\admin\AppData\Local\Temp\ccRbtlt7.s 			page 4


 157 00dc 0E050000 		.4byte	.LASF19
 158 00e0 05       		.uleb128 0x5
 159 00e1 CE000000 		.4byte	0xce
 160 00e5 02       		.uleb128 0x2
 161 00e6 08       		.byte	0x8
 162 00e7 04       		.byte	0x4
 163 00e8 0B080000 		.4byte	.LASF20
 164 00ec 06       		.uleb128 0x6
 165 00ed B8       		.byte	0xb8
 166 00ee 04       		.byte	0x4
 167 00ef 34       		.byte	0x34
 168 00f0 FD040000 		.4byte	0x4fd
 169 00f4 07       		.uleb128 0x7
 170 00f5 CA000000 		.4byte	.LASF21
 171 00f9 04       		.byte	0x4
 172 00fa 37       		.byte	0x37
 173 00fb CE000000 		.4byte	0xce
 174 00ff 00       		.byte	0
 175 0100 07       		.uleb128 0x7
 176 0101 F1020000 		.4byte	.LASF22
 177 0105 04       		.byte	0x4
 178 0106 38       		.byte	0x38
 179 0107 CE000000 		.4byte	0xce
 180 010b 04       		.byte	0x4
 181 010c 07       		.uleb128 0x7
 182 010d 73020000 		.4byte	.LASF23
 183 0111 04       		.byte	0x4
 184 0112 39       		.byte	0x39
 185 0113 CE000000 		.4byte	0xce
 186 0117 08       		.byte	0x8
 187 0118 07       		.uleb128 0x7
 188 0119 1B070000 		.4byte	.LASF24
 189 011d 04       		.byte	0x4
 190 011e 3A       		.byte	0x3a
 191 011f CE000000 		.4byte	0xce
 192 0123 0C       		.byte	0xc
 193 0124 07       		.uleb128 0x7
 194 0125 C9010000 		.4byte	.LASF25
 195 0129 04       		.byte	0x4
 196 012a 3B       		.byte	0x3b
 197 012b CE000000 		.4byte	0xce
 198 012f 10       		.byte	0x10
 199 0130 07       		.uleb128 0x7
 200 0131 13020000 		.4byte	.LASF26
 201 0135 04       		.byte	0x4
 202 0136 3C       		.byte	0x3c
 203 0137 CE000000 		.4byte	0xce
 204 013b 14       		.byte	0x14
 205 013c 07       		.uleb128 0x7
 206 013d 0F040000 		.4byte	.LASF27
 207 0141 04       		.byte	0x4
 208 0142 3D       		.byte	0x3d
 209 0143 CE000000 		.4byte	0xce
 210 0147 18       		.byte	0x18
 211 0148 07       		.uleb128 0x7
 212 0149 71000000 		.4byte	.LASF28
 213 014d 04       		.byte	0x4
ARM GAS  C:\Users\admin\AppData\Local\Temp\ccRbtlt7.s 			page 5


 214 014e 3E       		.byte	0x3e
 215 014f CE000000 		.4byte	0xce
 216 0153 1C       		.byte	0x1c
 217 0154 07       		.uleb128 0x7
 218 0155 FB090000 		.4byte	.LASF29
 219 0159 04       		.byte	0x4
 220 015a 3F       		.byte	0x3f
 221 015b CE000000 		.4byte	0xce
 222 015f 20       		.byte	0x20
 223 0160 07       		.uleb128 0x7
 224 0161 EA050000 		.4byte	.LASF30
 225 0165 04       		.byte	0x4
 226 0166 40       		.byte	0x40
 227 0167 CE000000 		.4byte	0xce
 228 016b 24       		.byte	0x24
 229 016c 07       		.uleb128 0x7
 230 016d E0040000 		.4byte	.LASF31
 231 0171 04       		.byte	0x4
 232 0172 43       		.byte	0x43
 233 0173 A2000000 		.4byte	0xa2
 234 0177 28       		.byte	0x28
 235 0178 07       		.uleb128 0x7
 236 0179 57000000 		.4byte	.LASF32
 237 017d 04       		.byte	0x4
 238 017e 44       		.byte	0x44
 239 017f A2000000 		.4byte	0xa2
 240 0183 29       		.byte	0x29
 241 0184 07       		.uleb128 0x7
 242 0185 F1090000 		.4byte	.LASF33
 243 0189 04       		.byte	0x4
 244 018a 45       		.byte	0x45
 245 018b A2000000 		.4byte	0xa2
 246 018f 2A       		.byte	0x2a
 247 0190 07       		.uleb128 0x7
 248 0191 DC050000 		.4byte	.LASF34
 249 0195 04       		.byte	0x4
 250 0196 46       		.byte	0x46
 251 0197 A2000000 		.4byte	0xa2
 252 019b 2B       		.byte	0x2b
 253 019c 07       		.uleb128 0x7
 254 019d 69040000 		.4byte	.LASF35
 255 01a1 04       		.byte	0x4
 256 01a2 47       		.byte	0x47
 257 01a3 A2000000 		.4byte	0xa2
 258 01a7 2C       		.byte	0x2c
 259 01a8 07       		.uleb128 0x7
 260 01a9 6B080000 		.4byte	.LASF36
 261 01ad 04       		.byte	0x4
 262 01ae 48       		.byte	0x48
 263 01af A2000000 		.4byte	0xa2
 264 01b3 2D       		.byte	0x2d
 265 01b4 07       		.uleb128 0x7
 266 01b5 D2010000 		.4byte	.LASF37
 267 01b9 04       		.byte	0x4
 268 01ba 49       		.byte	0x49
 269 01bb A2000000 		.4byte	0xa2
 270 01bf 2E       		.byte	0x2e
ARM GAS  C:\Users\admin\AppData\Local\Temp\ccRbtlt7.s 			page 6


 271 01c0 07       		.uleb128 0x7
 272 01c1 ED040000 		.4byte	.LASF38
 273 01c5 04       		.byte	0x4
 274 01c6 4A       		.byte	0x4a
 275 01c7 A2000000 		.4byte	0xa2
 276 01cb 2F       		.byte	0x2f
 277 01cc 07       		.uleb128 0x7
 278 01cd 1C080000 		.4byte	.LASF39
 279 01d1 04       		.byte	0x4
 280 01d2 4B       		.byte	0x4b
 281 01d3 A2000000 		.4byte	0xa2
 282 01d7 30       		.byte	0x30
 283 01d8 07       		.uleb128 0x7
 284 01d9 04040000 		.4byte	.LASF40
 285 01dd 04       		.byte	0x4
 286 01de 4E       		.byte	0x4e
 287 01df A2000000 		.4byte	0xa2
 288 01e3 31       		.byte	0x31
 289 01e4 07       		.uleb128 0x7
 290 01e5 7A000000 		.4byte	.LASF41
 291 01e9 04       		.byte	0x4
 292 01ea 4F       		.byte	0x4f
 293 01eb A2000000 		.4byte	0xa2
 294 01ef 32       		.byte	0x32
 295 01f0 07       		.uleb128 0x7
 296 01f1 5D030000 		.4byte	.LASF42
 297 01f5 04       		.byte	0x4
 298 01f6 50       		.byte	0x50
 299 01f7 A2000000 		.4byte	0xa2
 300 01fb 33       		.byte	0x33
 301 01fc 07       		.uleb128 0x7
 302 01fd 32050000 		.4byte	.LASF43
 303 0201 04       		.byte	0x4
 304 0202 51       		.byte	0x51
 305 0203 A2000000 		.4byte	0xa2
 306 0207 34       		.byte	0x34
 307 0208 07       		.uleb128 0x7
 308 0209 E1080000 		.4byte	.LASF44
 309 020d 04       		.byte	0x4
 310 020e 52       		.byte	0x52
 311 020f AD000000 		.4byte	0xad
 312 0213 36       		.byte	0x36
 313 0214 07       		.uleb128 0x7
 314 0215 8D020000 		.4byte	.LASF45
 315 0219 04       		.byte	0x4
 316 021a 53       		.byte	0x53
 317 021b AD000000 		.4byte	0xad
 318 021f 38       		.byte	0x38
 319 0220 07       		.uleb128 0x7
 320 0221 8A080000 		.4byte	.LASF46
 321 0225 04       		.byte	0x4
 322 0226 54       		.byte	0x54
 323 0227 AD000000 		.4byte	0xad
 324 022b 3A       		.byte	0x3a
 325 022c 07       		.uleb128 0x7
 326 022d 04020000 		.4byte	.LASF47
 327 0231 04       		.byte	0x4
ARM GAS  C:\Users\admin\AppData\Local\Temp\ccRbtlt7.s 			page 7


 328 0232 55       		.byte	0x55
 329 0233 A2000000 		.4byte	0xa2
 330 0237 3C       		.byte	0x3c
 331 0238 07       		.uleb128 0x7
 332 0239 B4020000 		.4byte	.LASF48
 333 023d 04       		.byte	0x4
 334 023e 56       		.byte	0x56
 335 023f A2000000 		.4byte	0xa2
 336 0243 3D       		.byte	0x3d
 337 0244 07       		.uleb128 0x7
 338 0245 47090000 		.4byte	.LASF49
 339 0249 04       		.byte	0x4
 340 024a 57       		.byte	0x57
 341 024b A2000000 		.4byte	0xa2
 342 024f 3E       		.byte	0x3e
 343 0250 07       		.uleb128 0x7
 344 0251 65000000 		.4byte	.LASF50
 345 0255 04       		.byte	0x4
 346 0256 58       		.byte	0x58
 347 0257 A2000000 		.4byte	0xa2
 348 025b 3F       		.byte	0x3f
 349 025c 07       		.uleb128 0x7
 350 025d F5050000 		.4byte	.LASF51
 351 0261 04       		.byte	0x4
 352 0262 59       		.byte	0x59
 353 0263 A2000000 		.4byte	0xa2
 354 0267 40       		.byte	0x40
 355 0268 07       		.uleb128 0x7
 356 0269 07030000 		.4byte	.LASF52
 357 026d 04       		.byte	0x4
 358 026e 5A       		.byte	0x5a
 359 026f A2000000 		.4byte	0xa2
 360 0273 41       		.byte	0x41
 361 0274 07       		.uleb128 0x7
 362 0275 8B040000 		.4byte	.LASF53
 363 0279 04       		.byte	0x4
 364 027a 5B       		.byte	0x5b
 365 027b A2000000 		.4byte	0xa2
 366 027f 42       		.byte	0x42
 367 0280 07       		.uleb128 0x7
 368 0281 C8050000 		.4byte	.LASF54
 369 0285 04       		.byte	0x4
 370 0286 5C       		.byte	0x5c
 371 0287 A2000000 		.4byte	0xa2
 372 028b 43       		.byte	0x43
 373 028c 07       		.uleb128 0x7
 374 028d 7C020000 		.4byte	.LASF55
 375 0291 04       		.byte	0x4
 376 0292 5D       		.byte	0x5d
 377 0293 A2000000 		.4byte	0xa2
 378 0297 44       		.byte	0x44
 379 0298 07       		.uleb128 0x7
 380 0299 00000000 		.4byte	.LASF56
 381 029d 04       		.byte	0x4
 382 029e 5E       		.byte	0x5e
 383 029f CE000000 		.4byte	0xce
 384 02a3 48       		.byte	0x48
ARM GAS  C:\Users\admin\AppData\Local\Temp\ccRbtlt7.s 			page 8


 385 02a4 07       		.uleb128 0x7
 386 02a5 65020000 		.4byte	.LASF57
 387 02a9 04       		.byte	0x4
 388 02aa 5F       		.byte	0x5f
 389 02ab CE000000 		.4byte	0xce
 390 02af 4C       		.byte	0x4c
 391 02b0 07       		.uleb128 0x7
 392 02b1 3C0A0000 		.4byte	.LASF58
 393 02b5 04       		.byte	0x4
 394 02b6 60       		.byte	0x60
 395 02b7 A2000000 		.4byte	0xa2
 396 02bb 50       		.byte	0x50
 397 02bc 07       		.uleb128 0x7
 398 02bd 44010000 		.4byte	.LASF59
 399 02c1 04       		.byte	0x4
 400 02c2 61       		.byte	0x61
 401 02c3 A2000000 		.4byte	0xa2
 402 02c7 51       		.byte	0x51
 403 02c8 07       		.uleb128 0x7
 404 02c9 82090000 		.4byte	.LASF60
 405 02cd 04       		.byte	0x4
 406 02ce 62       		.byte	0x62
 407 02cf A2000000 		.4byte	0xa2
 408 02d3 52       		.byte	0x52
 409 02d4 07       		.uleb128 0x7
 410 02d5 78080000 		.4byte	.LASF61
 411 02d9 04       		.byte	0x4
 412 02da 63       		.byte	0x63
 413 02db A2000000 		.4byte	0xa2
 414 02df 53       		.byte	0x53
 415 02e0 07       		.uleb128 0x7
 416 02e1 D9070000 		.4byte	.LASF62
 417 02e5 04       		.byte	0x4
 418 02e6 64       		.byte	0x64
 419 02e7 A2000000 		.4byte	0xa2
 420 02eb 54       		.byte	0x54
 421 02ec 07       		.uleb128 0x7
 422 02ed 7E010000 		.4byte	.LASF63
 423 02f1 04       		.byte	0x4
 424 02f2 65       		.byte	0x65
 425 02f3 A2000000 		.4byte	0xa2
 426 02f7 55       		.byte	0x55
 427 02f8 07       		.uleb128 0x7
 428 02f9 B2030000 		.4byte	.LASF64
 429 02fd 04       		.byte	0x4
 430 02fe 66       		.byte	0x66
 431 02ff A2000000 		.4byte	0xa2
 432 0303 56       		.byte	0x56
 433 0304 07       		.uleb128 0x7
 434 0305 18040000 		.4byte	.LASF65
 435 0309 04       		.byte	0x4
 436 030a 67       		.byte	0x67
 437 030b A2000000 		.4byte	0xa2
 438 030f 57       		.byte	0x57
 439 0310 07       		.uleb128 0x7
 440 0311 1C000000 		.4byte	.LASF66
 441 0315 04       		.byte	0x4
ARM GAS  C:\Users\admin\AppData\Local\Temp\ccRbtlt7.s 			page 9


 442 0316 68       		.byte	0x68
 443 0317 A2000000 		.4byte	0xa2
 444 031b 58       		.byte	0x58
 445 031c 07       		.uleb128 0x7
 446 031d 4E070000 		.4byte	.LASF67
 447 0321 04       		.byte	0x4
 448 0322 69       		.byte	0x69
 449 0323 A2000000 		.4byte	0xa2
 450 0327 59       		.byte	0x59
 451 0328 07       		.uleb128 0x7
 452 0329 17050000 		.4byte	.LASF68
 453 032d 04       		.byte	0x4
 454 032e 6E       		.byte	0x6e
 455 032f B8000000 		.4byte	0xb8
 456 0333 5A       		.byte	0x5a
 457 0334 07       		.uleb128 0x7
 458 0335 C0080000 		.4byte	.LASF69
 459 0339 04       		.byte	0x4
 460 033a 6F       		.byte	0x6f
 461 033b B8000000 		.4byte	0xb8
 462 033f 5C       		.byte	0x5c
 463 0340 07       		.uleb128 0x7
 464 0341 D4000000 		.4byte	.LASF70
 465 0345 04       		.byte	0x4
 466 0346 70       		.byte	0x70
 467 0347 A2000000 		.4byte	0xa2
 468 034b 5E       		.byte	0x5e
 469 034c 07       		.uleb128 0x7
 470 034d F4060000 		.4byte	.LASF71
 471 0351 04       		.byte	0x4
 472 0352 71       		.byte	0x71
 473 0353 A2000000 		.4byte	0xa2
 474 0357 5F       		.byte	0x5f
 475 0358 07       		.uleb128 0x7
 476 0359 B7050000 		.4byte	.LASF72
 477 035d 04       		.byte	0x4
 478 035e 72       		.byte	0x72
 479 035f A2000000 		.4byte	0xa2
 480 0363 60       		.byte	0x60
 481 0364 07       		.uleb128 0x7
 482 0365 CD060000 		.4byte	.LASF73
 483 0369 04       		.byte	0x4
 484 036a 73       		.byte	0x73
 485 036b CE000000 		.4byte	0xce
 486 036f 64       		.byte	0x64
 487 0370 07       		.uleb128 0x7
 488 0371 FA000000 		.4byte	.LASF74
 489 0375 04       		.byte	0x4
 490 0376 76       		.byte	0x76
 491 0377 B8000000 		.4byte	0xb8
 492 037b 68       		.byte	0x68
 493 037c 07       		.uleb128 0x7
 494 037d A0030000 		.4byte	.LASF75
 495 0381 04       		.byte	0x4
 496 0382 77       		.byte	0x77
 497 0383 B8000000 		.4byte	0xb8
 498 0387 6A       		.byte	0x6a
ARM GAS  C:\Users\admin\AppData\Local\Temp\ccRbtlt7.s 			page 10


 499 0388 07       		.uleb128 0x7
 500 0389 36040000 		.4byte	.LASF76
 501 038d 04       		.byte	0x4
 502 038e 78       		.byte	0x78
 503 038f B8000000 		.4byte	0xb8
 504 0393 6C       		.byte	0x6c
 505 0394 07       		.uleb128 0x7
 506 0395 5C040000 		.4byte	.LASF77
 507 0399 04       		.byte	0x4
 508 039a 79       		.byte	0x79
 509 039b B8000000 		.4byte	0xb8
 510 039f 6E       		.byte	0x6e
 511 03a0 07       		.uleb128 0x7
 512 03a1 7D070000 		.4byte	.LASF78
 513 03a5 04       		.byte	0x4
 514 03a6 7B       		.byte	0x7b
 515 03a7 A2000000 		.4byte	0xa2
 516 03ab 70       		.byte	0x70
 517 03ac 07       		.uleb128 0x7
 518 03ad B4010000 		.4byte	.LASF79
 519 03b1 04       		.byte	0x4
 520 03b2 7C       		.byte	0x7c
 521 03b3 A2000000 		.4byte	0xa2
 522 03b7 71       		.byte	0x71
 523 03b8 07       		.uleb128 0x7
 524 03b9 030A0000 		.4byte	.LASF80
 525 03bd 04       		.byte	0x4
 526 03be 7D       		.byte	0x7d
 527 03bf A2000000 		.4byte	0xa2
 528 03c3 72       		.byte	0x72
 529 03c4 07       		.uleb128 0x7
 530 03c5 92050000 		.4byte	.LASF81
 531 03c9 04       		.byte	0x4
 532 03ca 7E       		.byte	0x7e
 533 03cb A2000000 		.4byte	0xa2
 534 03cf 73       		.byte	0x73
 535 03d0 07       		.uleb128 0x7
 536 03d1 C4020000 		.4byte	.LASF82
 537 03d5 04       		.byte	0x4
 538 03d6 80       		.byte	0x80
 539 03d7 B8000000 		.4byte	0xb8
 540 03db 74       		.byte	0x74
 541 03dc 07       		.uleb128 0x7
 542 03dd 41080000 		.4byte	.LASF83
 543 03e1 04       		.byte	0x4
 544 03e2 81       		.byte	0x81
 545 03e3 B8000000 		.4byte	0xb8
 546 03e7 76       		.byte	0x76
 547 03e8 07       		.uleb128 0x7
 548 03e9 9F020000 		.4byte	.LASF84
 549 03ed 04       		.byte	0x4
 550 03ee 82       		.byte	0x82
 551 03ef B8000000 		.4byte	0xb8
 552 03f3 78       		.byte	0x78
 553 03f4 07       		.uleb128 0x7
 554 03f5 9E000000 		.4byte	.LASF85
 555 03f9 04       		.byte	0x4
ARM GAS  C:\Users\admin\AppData\Local\Temp\ccRbtlt7.s 			page 11


 556 03fa 83       		.byte	0x83
 557 03fb B8000000 		.4byte	0xb8
 558 03ff 7A       		.byte	0x7a
 559 0400 07       		.uleb128 0x7
 560 0401 AF090000 		.4byte	.LASF86
 561 0405 04       		.byte	0x4
 562 0406 86       		.byte	0x86
 563 0407 A2000000 		.4byte	0xa2
 564 040b 7C       		.byte	0x7c
 565 040c 07       		.uleb128 0x7
 566 040d EE080000 		.4byte	.LASF87
 567 0411 04       		.byte	0x4
 568 0412 87       		.byte	0x87
 569 0413 A2000000 		.4byte	0xa2
 570 0417 7D       		.byte	0x7d
 571 0418 07       		.uleb128 0x7
 572 0419 30000000 		.4byte	.LASF88
 573 041d 04       		.byte	0x4
 574 041e 88       		.byte	0x88
 575 041f A2000000 		.4byte	0xa2
 576 0423 7E       		.byte	0x7e
 577 0424 07       		.uleb128 0x7
 578 0425 D6020000 		.4byte	.LASF89
 579 0429 04       		.byte	0x4
 580 042a 89       		.byte	0x89
 581 042b A2000000 		.4byte	0xa2
 582 042f 7F       		.byte	0x7f
 583 0430 07       		.uleb128 0x7
 584 0431 49030000 		.4byte	.LASF90
 585 0435 04       		.byte	0x4
 586 0436 8A       		.byte	0x8a
 587 0437 A2000000 		.4byte	0xa2
 588 043b 80       		.byte	0x80
 589 043c 07       		.uleb128 0x7
 590 043d C9040000 		.4byte	.LASF91
 591 0441 04       		.byte	0x4
 592 0442 8D       		.byte	0x8d
 593 0443 CE000000 		.4byte	0xce
 594 0447 84       		.byte	0x84
 595 0448 07       		.uleb128 0x7
 596 0449 B3000000 		.4byte	.LASF92
 597 044d 04       		.byte	0x4
 598 044e 8E       		.byte	0x8e
 599 044f CE000000 		.4byte	0xce
 600 0453 88       		.byte	0x88
 601 0454 07       		.uleb128 0x7
 602 0455 9A090000 		.4byte	.LASF93
 603 0459 04       		.byte	0x4
 604 045a 8F       		.byte	0x8f
 605 045b CE000000 		.4byte	0xce
 606 045f 8C       		.byte	0x8c
 607 0460 07       		.uleb128 0x7
 608 0461 F9040000 		.4byte	.LASF94
 609 0465 04       		.byte	0x4
 610 0466 90       		.byte	0x90
 611 0467 CE000000 		.4byte	0xce
 612 046b 90       		.byte	0x90
ARM GAS  C:\Users\admin\AppData\Local\Temp\ccRbtlt7.s 			page 12


 613 046c 07       		.uleb128 0x7
 614 046d 2A030000 		.4byte	.LASF95
 615 0471 04       		.byte	0x4
 616 0472 91       		.byte	0x91
 617 0473 CE000000 		.4byte	0xce
 618 0477 94       		.byte	0x94
 619 0478 07       		.uleb128 0x7
 620 0479 A5040000 		.4byte	.LASF96
 621 047d 04       		.byte	0x4
 622 047e 92       		.byte	0x92
 623 047f CE000000 		.4byte	0xce
 624 0483 98       		.byte	0x98
 625 0484 07       		.uleb128 0x7
 626 0485 D2090000 		.4byte	.LASF97
 627 0489 04       		.byte	0x4
 628 048a 93       		.byte	0x93
 629 048b CE000000 		.4byte	0xce
 630 048f 9C       		.byte	0x9c
 631 0490 07       		.uleb128 0x7
 632 0491 14010000 		.4byte	.LASF98
 633 0495 04       		.byte	0x4
 634 0496 94       		.byte	0x94
 635 0497 CE000000 		.4byte	0xce
 636 049b A0       		.byte	0xa0
 637 049c 07       		.uleb128 0x7
 638 049d EF010000 		.4byte	.LASF99
 639 04a1 04       		.byte	0x4
 640 04a2 95       		.byte	0x95
 641 04a3 B8000000 		.4byte	0xb8
 642 04a7 A4       		.byte	0xa4
 643 04a8 07       		.uleb128 0x7
 644 04a9 6D090000 		.4byte	.LASF100
 645 04ad 04       		.byte	0x4
 646 04ae 96       		.byte	0x96
 647 04af B8000000 		.4byte	0xb8
 648 04b3 A6       		.byte	0xa6
 649 04b4 07       		.uleb128 0x7
 650 04b5 E8060000 		.4byte	.LASF101
 651 04b9 04       		.byte	0x4
 652 04ba 97       		.byte	0x97
 653 04bb B8000000 		.4byte	0xb8
 654 04bf A8       		.byte	0xa8
 655 04c0 07       		.uleb128 0x7
 656 04c1 28080000 		.4byte	.LASF102
 657 04c5 04       		.byte	0x4
 658 04c6 98       		.byte	0x98
 659 04c7 B8000000 		.4byte	0xb8
 660 04cb AA       		.byte	0xaa
 661 04cc 07       		.uleb128 0x7
 662 04cd 45040000 		.4byte	.LASF103
 663 04d1 04       		.byte	0x4
 664 04d2 99       		.byte	0x99
 665 04d3 B8000000 		.4byte	0xb8
 666 04d7 AC       		.byte	0xac
 667 04d8 07       		.uleb128 0x7
 668 04d9 A9050000 		.4byte	.LASF104
 669 04dd 04       		.byte	0x4
ARM GAS  C:\Users\admin\AppData\Local\Temp\ccRbtlt7.s 			page 13


 670 04de 9A       		.byte	0x9a
 671 04df B8000000 		.4byte	0xb8
 672 04e3 AE       		.byte	0xae
 673 04e4 07       		.uleb128 0x7
 674 04e5 C9080000 		.4byte	.LASF105
 675 04e9 04       		.byte	0x4
 676 04ea 9D       		.byte	0x9d
 677 04eb B8000000 		.4byte	0xb8
 678 04ef B0       		.byte	0xb0
 679 04f0 07       		.uleb128 0x7
 680 04f1 43000000 		.4byte	.LASF106
 681 04f5 04       		.byte	0x4
 682 04f6 9E       		.byte	0x9e
 683 04f7 CE000000 		.4byte	0xce
 684 04fb B4       		.byte	0xb4
 685 04fc 00       		.byte	0
 686 04fd 03       		.uleb128 0x3
 687 04fe 7B040000 		.4byte	.LASF107
 688 0502 04       		.byte	0x4
 689 0503 9F       		.byte	0x9f
 690 0504 EC000000 		.4byte	0xec
 691 0508 02       		.uleb128 0x2
 692 0509 01       		.byte	0x1
 693 050a 08       		.byte	0x8
 694 050b 17080000 		.4byte	.LASF108
 695 050f 02       		.uleb128 0x2
 696 0510 04       		.byte	0x4
 697 0511 04       		.byte	0x4
 698 0512 B5060000 		.4byte	.LASF109
 699 0516 02       		.uleb128 0x2
 700 0517 08       		.byte	0x8
 701 0518 04       		.byte	0x4
 702 0519 98020000 		.4byte	.LASF110
 703 051d 08       		.uleb128 0x8
 704 051e 04       		.byte	0x4
 705 051f 02       		.uleb128 0x2
 706 0520 01       		.byte	0x1
 707 0521 02       		.byte	0x2
 708 0522 32070000 		.4byte	.LASF111
 709 0526 09       		.uleb128 0x9
 710 0527 01       		.byte	0x1
 711 0528 3E000000 		.4byte	0x3e
 712 052c 05       		.byte	0x5
 713 052d 2402     		.2byte	0x224
 714 052f 40050000 		.4byte	0x540
 715 0533 0A       		.uleb128 0xa
 716 0534 23070000 		.4byte	.LASF112
 717 0538 00       		.byte	0
 718 0539 0A       		.uleb128 0xa
 719 053a 56020000 		.4byte	.LASF113
 720 053e 01       		.byte	0x1
 721 053f 00       		.byte	0
 722 0540 0B       		.uleb128 0xb
 723 0541 55090000 		.4byte	.LASF114
 724 0545 05       		.byte	0x5
 725 0546 2702     		.2byte	0x227
 726 0548 26050000 		.4byte	0x526
ARM GAS  C:\Users\admin\AppData\Local\Temp\ccRbtlt7.s 			page 14


 727 054c 0B       		.uleb128 0xb
 728 054d 23020000 		.4byte	.LASF115
 729 0551 05       		.byte	0x5
 730 0552 3902     		.2byte	0x239
 731 0554 58050000 		.4byte	0x558
 732 0558 0C       		.uleb128 0xc
 733 0559 04       		.byte	0x4
 734 055a 5E050000 		.4byte	0x55e
 735 055e 0D       		.uleb128 0xd
 736 055f 69050000 		.4byte	0x569
 737 0563 0E       		.uleb128 0xe
 738 0564 CE000000 		.4byte	0xce
 739 0568 00       		.byte	0
 740 0569 0B       		.uleb128 0xb
 741 056a 9D070000 		.4byte	.LASF116
 742 056e 05       		.byte	0x5
 743 056f 4402     		.2byte	0x244
 744 0571 75050000 		.4byte	0x575
 745 0575 0C       		.uleb128 0xc
 746 0576 04       		.byte	0x4
 747 0577 7B050000 		.4byte	0x57b
 748 057b 0F       		.uleb128 0xf
 749 057c 40050000 		.4byte	0x540
 750 0580 8A050000 		.4byte	0x58a
 751 0584 0E       		.uleb128 0xe
 752 0585 CE000000 		.4byte	0xce
 753 0589 00       		.byte	0
 754 058a 10       		.uleb128 0x10
 755 058b 67010000 		.4byte	.LASF140
 756 058f 4C       		.byte	0x4c
 757 0590 05       		.byte	0x5
 758 0591 C302     		.2byte	0x2c3
 759 0593 A9060000 		.4byte	0x6a9
 760 0597 11       		.uleb128 0x11
 761 0598 D7080000 		.4byte	.LASF117
 762 059c 05       		.byte	0x5
 763 059d C602     		.2byte	0x2c6
 764 059f 1F050000 		.4byte	0x51f
 765 05a3 00       		.byte	0
 766 05a4 11       		.uleb128 0x11
 767 05a5 2C040000 		.4byte	.LASF118
 768 05a9 05       		.byte	0x5
 769 05aa C702     		.2byte	0x2c7
 770 05ac 1F050000 		.4byte	0x51f
 771 05b0 01       		.byte	0x1
 772 05b1 11       		.uleb128 0x11
 773 05b2 1D020000 		.4byte	.LASF119
 774 05b6 05       		.byte	0x5
 775 05b7 C902     		.2byte	0x2c9
 776 05b9 E0000000 		.4byte	0xe0
 777 05bd 04       		.byte	0x4
 778 05be 11       		.uleb128 0x11
 779 05bf 2A010000 		.4byte	.LASF120
 780 05c3 05       		.byte	0x5
 781 05c4 CB02     		.2byte	0x2cb
 782 05c6 E0000000 		.4byte	0xe0
 783 05ca 08       		.byte	0x8
ARM GAS  C:\Users\admin\AppData\Local\Temp\ccRbtlt7.s 			page 15


 784 05cb 11       		.uleb128 0x11
 785 05cc 91070000 		.4byte	.LASF121
 786 05d0 05       		.byte	0x5
 787 05d1 CC02     		.2byte	0x2cc
 788 05d3 1F050000 		.4byte	0x51f
 789 05d7 0C       		.byte	0xc
 790 05d8 11       		.uleb128 0x11
 791 05d9 4A020000 		.4byte	.LASF122
 792 05dd 05       		.byte	0x5
 793 05de CD02     		.2byte	0x2cd
 794 05e0 1F050000 		.4byte	0x51f
 795 05e4 0D       		.byte	0xd
 796 05e5 11       		.uleb128 0x11
 797 05e6 5E080000 		.4byte	.LASF123
 798 05ea 05       		.byte	0x5
 799 05eb CF02     		.2byte	0x2cf
 800 05ed A9060000 		.4byte	0x6a9
 801 05f1 10       		.byte	0x10
 802 05f2 11       		.uleb128 0x11
 803 05f3 6C070000 		.4byte	.LASF124
 804 05f7 05       		.byte	0x5
 805 05f8 D002     		.2byte	0x2d0
 806 05fa CE000000 		.4byte	0xce
 807 05fe 14       		.byte	0x14
 808 05ff 11       		.uleb128 0x11
 809 0600 22050000 		.4byte	.LASF125
 810 0604 05       		.byte	0x5
 811 0605 D102     		.2byte	0x2d1
 812 0607 E0000000 		.4byte	0xe0
 813 060b 18       		.byte	0x18
 814 060c 11       		.uleb128 0x11
 815 060d B9070000 		.4byte	.LASF126
 816 0611 05       		.byte	0x5
 817 0612 D202     		.2byte	0x2d2
 818 0614 E0000000 		.4byte	0xe0
 819 0618 1C       		.byte	0x1c
 820 0619 11       		.uleb128 0x11
 821 061a 92000000 		.4byte	.LASF127
 822 061e 05       		.byte	0x5
 823 061f D402     		.2byte	0x2d4
 824 0621 E0000000 		.4byte	0xe0
 825 0625 20       		.byte	0x20
 826 0626 11       		.uleb128 0x11
 827 0627 90030000 		.4byte	.LASF128
 828 062b 05       		.byte	0x5
 829 062c D502     		.2byte	0x2d5
 830 062e AF060000 		.4byte	0x6af
 831 0632 24       		.byte	0x24
 832 0633 11       		.uleb128 0x11
 833 0634 0D090000 		.4byte	.LASF129
 834 0638 05       		.byte	0x5
 835 0639 D702     		.2byte	0x2d7
 836 063b A9060000 		.4byte	0x6a9
 837 063f 28       		.byte	0x28
 838 0640 11       		.uleb128 0x11
 839 0641 1B090000 		.4byte	.LASF130
 840 0645 05       		.byte	0x5
ARM GAS  C:\Users\admin\AppData\Local\Temp\ccRbtlt7.s 			page 16


 841 0646 D802     		.2byte	0x2d8
 842 0648 CE000000 		.4byte	0xce
 843 064c 2C       		.byte	0x2c
 844 064d 11       		.uleb128 0x11
 845 064e 76030000 		.4byte	.LASF131
 846 0652 05       		.byte	0x5
 847 0653 D902     		.2byte	0x2d9
 848 0655 E0000000 		.4byte	0xe0
 849 0659 30       		.byte	0x30
 850 065a 11       		.uleb128 0x11
 851 065b C8070000 		.4byte	.LASF132
 852 065f 05       		.byte	0x5
 853 0660 DA02     		.2byte	0x2da
 854 0662 E0000000 		.4byte	0xe0
 855 0666 34       		.byte	0x34
 856 0667 11       		.uleb128 0x11
 857 0668 BB040000 		.4byte	.LASF133
 858 066c 05       		.byte	0x5
 859 066d DC02     		.2byte	0x2dc
 860 066f A9060000 		.4byte	0x6a9
 861 0673 38       		.byte	0x38
 862 0674 11       		.uleb128 0x11
 863 0675 DD010000 		.4byte	.LASF134
 864 0679 05       		.byte	0x5
 865 067a DD02     		.2byte	0x2dd
 866 067c CE000000 		.4byte	0xce
 867 0680 3C       		.byte	0x3c
 868 0681 11       		.uleb128 0x11
 869 0682 56010000 		.4byte	.LASF135
 870 0686 05       		.byte	0x5
 871 0687 DE02     		.2byte	0x2de
 872 0689 E0000000 		.4byte	0xe0
 873 068d 40       		.byte	0x40
 874 068e 11       		.uleb128 0x11
 875 068f 53040000 		.4byte	.LASF136
 876 0693 05       		.byte	0x5
 877 0694 E402     		.2byte	0x2e4
 878 0696 4C050000 		.4byte	0x54c
 879 069a 44       		.byte	0x44
 880 069b 11       		.uleb128 0x11
 881 069c EA020000 		.4byte	.LASF137
 882 06a0 05       		.byte	0x5
 883 06a1 EB02     		.2byte	0x2eb
 884 06a3 69050000 		.4byte	0x569
 885 06a7 48       		.byte	0x48
 886 06a8 00       		.byte	0
 887 06a9 0C       		.uleb128 0xc
 888 06aa 04       		.byte	0x4
 889 06ab A2000000 		.4byte	0xa2
 890 06af 05       		.uleb128 0x5
 891 06b0 1F050000 		.4byte	0x51f
 892 06b4 0B       		.uleb128 0xb
 893 06b5 F2070000 		.4byte	.LASF138
 894 06b9 05       		.byte	0x5
 895 06ba EE02     		.2byte	0x2ee
 896 06bc 8A050000 		.4byte	0x58a
 897 06c0 0B       		.uleb128 0xb
ARM GAS  C:\Users\admin\AppData\Local\Temp\ccRbtlt7.s 			page 17


 898 06c1 D8030000 		.4byte	.LASF139
 899 06c5 06       		.byte	0x6
 900 06c6 D901     		.2byte	0x1d9
 901 06c8 58050000 		.4byte	0x558
 902 06cc 10       		.uleb128 0x10
 903 06cd 190A0000 		.4byte	.LASF141
 904 06d1 38       		.byte	0x38
 905 06d2 06       		.byte	0x6
 906 06d3 7502     		.2byte	0x275
 907 06d5 90070000 		.4byte	0x790
 908 06d9 11       		.uleb128 0x11
 909 06da E8090000 		.4byte	.LASF142
 910 06de 06       		.byte	0x6
 911 06df 7802     		.2byte	0x278
 912 06e1 E0000000 		.4byte	0xe0
 913 06e5 00       		.byte	0
 914 06e6 11       		.uleb128 0x11
 915 06e7 D3050000 		.4byte	.LASF143
 916 06eb 06       		.byte	0x6
 917 06ec 7902     		.2byte	0x279
 918 06ee E0000000 		.4byte	0xe0
 919 06f2 04       		.byte	0x4
 920 06f3 11       		.uleb128 0x11
 921 06f4 0A010000 		.4byte	.LASF144
 922 06f8 06       		.byte	0x6
 923 06f9 7B02     		.2byte	0x27b
 924 06fb 1D050000 		.4byte	0x51d
 925 06ff 08       		.byte	0x8
 926 0700 11       		.uleb128 0x11
 927 0701 9F080000 		.4byte	.LASF145
 928 0705 06       		.byte	0x6
 929 0706 7C02     		.2byte	0x27c
 930 0708 CE000000 		.4byte	0xce
 931 070c 0C       		.byte	0xc
 932 070d 11       		.uleb128 0x11
 933 070e 97040000 		.4byte	.LASF146
 934 0712 06       		.byte	0x6
 935 0713 7D02     		.2byte	0x27d
 936 0715 E0000000 		.4byte	0xe0
 937 0719 10       		.byte	0x10
 938 071a 11       		.uleb128 0x11
 939 071b C4090000 		.4byte	.LASF147
 940 071f 06       		.byte	0x6
 941 0720 7E02     		.2byte	0x27e
 942 0722 E0000000 		.4byte	0xe0
 943 0726 14       		.byte	0x14
 944 0727 11       		.uleb128 0x11
 945 0728 07090000 		.4byte	.LASF148
 946 072c 06       		.byte	0x6
 947 072d 8002     		.2byte	0x280
 948 072f 1D050000 		.4byte	0x51d
 949 0733 18       		.byte	0x18
 950 0734 11       		.uleb128 0x11
 951 0735 12000000 		.4byte	.LASF149
 952 0739 06       		.byte	0x6
 953 073a 8102     		.2byte	0x281
 954 073c CE000000 		.4byte	0xce
ARM GAS  C:\Users\admin\AppData\Local\Temp\ccRbtlt7.s 			page 18


 955 0740 1C       		.byte	0x1c
 956 0741 11       		.uleb128 0x11
 957 0742 21030000 		.4byte	.LASF150
 958 0746 06       		.byte	0x6
 959 0747 8202     		.2byte	0x282
 960 0749 E0000000 		.4byte	0xe0
 961 074d 20       		.byte	0x20
 962 074e 11       		.uleb128 0x11
 963 074f 75040000 		.4byte	.LASF151
 964 0753 06       		.byte	0x6
 965 0754 8402     		.2byte	0x284
 966 0756 1D050000 		.4byte	0x51d
 967 075a 24       		.byte	0x24
 968 075b 11       		.uleb128 0x11
 969 075c 3F030000 		.4byte	.LASF152
 970 0760 06       		.byte	0x6
 971 0761 8502     		.2byte	0x285
 972 0763 CE000000 		.4byte	0xce
 973 0767 28       		.byte	0x28
 974 0768 11       		.uleb128 0x11
 975 0769 0A070000 		.4byte	.LASF153
 976 076d 06       		.byte	0x6
 977 076e 8602     		.2byte	0x286
 978 0770 E0000000 		.4byte	0xe0
 979 0774 2C       		.byte	0x2c
 980 0775 11       		.uleb128 0x11
 981 0776 53040000 		.4byte	.LASF136
 982 077a 06       		.byte	0x6
 983 077b 8B02     		.2byte	0x28b
 984 077d C0060000 		.4byte	0x6c0
 985 0781 30       		.byte	0x30
 986 0782 11       		.uleb128 0x11
 987 0783 FF080000 		.4byte	.LASF154
 988 0787 06       		.byte	0x6
 989 0788 8E02     		.2byte	0x28e
 990 078a CE000000 		.4byte	0xce
 991 078e 34       		.byte	0x34
 992 078f 00       		.byte	0
 993 0790 0B       		.uleb128 0xb
 994 0791 2D090000 		.4byte	.LASF155
 995 0795 06       		.byte	0x6
 996 0796 9102     		.2byte	0x291
 997 0798 CC060000 		.4byte	0x6cc
 998 079c 12       		.uleb128 0x12
 999 079d BF020000 		.4byte	.LASF163
 1000 07a1 01       		.byte	0x1
 1001 07a2 0E       		.byte	0xe
 1002 07a3 94000000 		.4byte	0x94
 1003 07a7 00000000 		.4byte	.LFB508
 1004 07ab 02000000 		.4byte	.LFE508-.LFB508
 1005 07af 01       		.uleb128 0x1
 1006 07b0 9C       		.byte	0x9c
 1007 07b1 13       		.uleb128 0x13
 1008 07b2 37010000 		.4byte	.LASF156
 1009 07b6 07       		.byte	0x7
 1010 07b7 F907     		.2byte	0x7f9
 1011 07b9 BD070000 		.4byte	0x7bd
ARM GAS  C:\Users\admin\AppData\Local\Temp\ccRbtlt7.s 			page 19


 1012 07bd 05       		.uleb128 0x5
 1013 07be C3000000 		.4byte	0xc3
 1014 07c2 14       		.uleb128 0x14
 1015 07c3 DE060000 		.4byte	.LASF157
 1016 07c7 04       		.byte	0x4
 1017 07c8 A7       		.byte	0xa7
 1018 07c9 CD070000 		.4byte	0x7cd
 1019 07cd 0C       		.uleb128 0xc
 1020 07ce 04       		.byte	0x4
 1021 07cf D3070000 		.4byte	0x7d3
 1022 07d3 15       		.uleb128 0x15
 1023 07d4 FD040000 		.4byte	0x4fd
 1024 07d8 14       		.uleb128 0x14
 1025 07d9 BB060000 		.4byte	.LASF158
 1026 07dd 08       		.byte	0x8
 1027 07de 7F       		.byte	0x7f
 1028 07df B4060000 		.4byte	0x6b4
 1029 07e3 14       		.uleb128 0x14
 1030 07e4 F7030000 		.4byte	.LASF159
 1031 07e8 09       		.byte	0x9
 1032 07e9 87       		.byte	0x87
 1033 07ea 90070000 		.4byte	0x790
 1034 07ee 00       		.byte	0
 1035              		.section	.debug_abbrev,"",%progbits
 1036              	.Ldebug_abbrev0:
 1037 0000 01       		.uleb128 0x1
 1038 0001 11       		.uleb128 0x11
 1039 0002 01       		.byte	0x1
 1040 0003 25       		.uleb128 0x25
 1041 0004 0E       		.uleb128 0xe
 1042 0005 13       		.uleb128 0x13
 1043 0006 0B       		.uleb128 0xb
 1044 0007 03       		.uleb128 0x3
 1045 0008 0E       		.uleb128 0xe
 1046 0009 1B       		.uleb128 0x1b
 1047 000a 0E       		.uleb128 0xe
 1048 000b 55       		.uleb128 0x55
 1049 000c 17       		.uleb128 0x17
 1050 000d 11       		.uleb128 0x11
 1051 000e 01       		.uleb128 0x1
 1052 000f 10       		.uleb128 0x10
 1053 0010 17       		.uleb128 0x17
 1054 0011 00       		.byte	0
 1055 0012 00       		.byte	0
 1056 0013 02       		.uleb128 0x2
 1057 0014 24       		.uleb128 0x24
 1058 0015 00       		.byte	0
 1059 0016 0B       		.uleb128 0xb
 1060 0017 0B       		.uleb128 0xb
 1061 0018 3E       		.uleb128 0x3e
 1062 0019 0B       		.uleb128 0xb
 1063 001a 03       		.uleb128 0x3
 1064 001b 0E       		.uleb128 0xe
 1065 001c 00       		.byte	0
 1066 001d 00       		.byte	0
 1067 001e 03       		.uleb128 0x3
 1068 001f 16       		.uleb128 0x16
ARM GAS  C:\Users\admin\AppData\Local\Temp\ccRbtlt7.s 			page 20


 1069 0020 00       		.byte	0
 1070 0021 03       		.uleb128 0x3
 1071 0022 0E       		.uleb128 0xe
 1072 0023 3A       		.uleb128 0x3a
 1073 0024 0B       		.uleb128 0xb
 1074 0025 3B       		.uleb128 0x3b
 1075 0026 0B       		.uleb128 0xb
 1076 0027 49       		.uleb128 0x49
 1077 0028 13       		.uleb128 0x13
 1078 0029 00       		.byte	0
 1079 002a 00       		.byte	0
 1080 002b 04       		.uleb128 0x4
 1081 002c 24       		.uleb128 0x24
 1082 002d 00       		.byte	0
 1083 002e 0B       		.uleb128 0xb
 1084 002f 0B       		.uleb128 0xb
 1085 0030 3E       		.uleb128 0x3e
 1086 0031 0B       		.uleb128 0xb
 1087 0032 03       		.uleb128 0x3
 1088 0033 08       		.uleb128 0x8
 1089 0034 00       		.byte	0
 1090 0035 00       		.byte	0
 1091 0036 05       		.uleb128 0x5
 1092 0037 35       		.uleb128 0x35
 1093 0038 00       		.byte	0
 1094 0039 49       		.uleb128 0x49
 1095 003a 13       		.uleb128 0x13
 1096 003b 00       		.byte	0
 1097 003c 00       		.byte	0
 1098 003d 06       		.uleb128 0x6
 1099 003e 13       		.uleb128 0x13
 1100 003f 01       		.byte	0x1
 1101 0040 0B       		.uleb128 0xb
 1102 0041 0B       		.uleb128 0xb
 1103 0042 3A       		.uleb128 0x3a
 1104 0043 0B       		.uleb128 0xb
 1105 0044 3B       		.uleb128 0x3b
 1106 0045 0B       		.uleb128 0xb
 1107 0046 01       		.uleb128 0x1
 1108 0047 13       		.uleb128 0x13
 1109 0048 00       		.byte	0
 1110 0049 00       		.byte	0
 1111 004a 07       		.uleb128 0x7
 1112 004b 0D       		.uleb128 0xd
 1113 004c 00       		.byte	0
 1114 004d 03       		.uleb128 0x3
 1115 004e 0E       		.uleb128 0xe
 1116 004f 3A       		.uleb128 0x3a
 1117 0050 0B       		.uleb128 0xb
 1118 0051 3B       		.uleb128 0x3b
 1119 0052 0B       		.uleb128 0xb
 1120 0053 49       		.uleb128 0x49
 1121 0054 13       		.uleb128 0x13
 1122 0055 38       		.uleb128 0x38
 1123 0056 0B       		.uleb128 0xb
 1124 0057 00       		.byte	0
 1125 0058 00       		.byte	0
ARM GAS  C:\Users\admin\AppData\Local\Temp\ccRbtlt7.s 			page 21


 1126 0059 08       		.uleb128 0x8
 1127 005a 0F       		.uleb128 0xf
 1128 005b 00       		.byte	0
 1129 005c 0B       		.uleb128 0xb
 1130 005d 0B       		.uleb128 0xb
 1131 005e 00       		.byte	0
 1132 005f 00       		.byte	0
 1133 0060 09       		.uleb128 0x9
 1134 0061 04       		.uleb128 0x4
 1135 0062 01       		.byte	0x1
 1136 0063 0B       		.uleb128 0xb
 1137 0064 0B       		.uleb128 0xb
 1138 0065 49       		.uleb128 0x49
 1139 0066 13       		.uleb128 0x13
 1140 0067 3A       		.uleb128 0x3a
 1141 0068 0B       		.uleb128 0xb
 1142 0069 3B       		.uleb128 0x3b
 1143 006a 05       		.uleb128 0x5
 1144 006b 01       		.uleb128 0x1
 1145 006c 13       		.uleb128 0x13
 1146 006d 00       		.byte	0
 1147 006e 00       		.byte	0
 1148 006f 0A       		.uleb128 0xa
 1149 0070 28       		.uleb128 0x28
 1150 0071 00       		.byte	0
 1151 0072 03       		.uleb128 0x3
 1152 0073 0E       		.uleb128 0xe
 1153 0074 1C       		.uleb128 0x1c
 1154 0075 0B       		.uleb128 0xb
 1155 0076 00       		.byte	0
 1156 0077 00       		.byte	0
 1157 0078 0B       		.uleb128 0xb
 1158 0079 16       		.uleb128 0x16
 1159 007a 00       		.byte	0
 1160 007b 03       		.uleb128 0x3
 1161 007c 0E       		.uleb128 0xe
 1162 007d 3A       		.uleb128 0x3a
 1163 007e 0B       		.uleb128 0xb
 1164 007f 3B       		.uleb128 0x3b
 1165 0080 05       		.uleb128 0x5
 1166 0081 49       		.uleb128 0x49
 1167 0082 13       		.uleb128 0x13
 1168 0083 00       		.byte	0
 1169 0084 00       		.byte	0
 1170 0085 0C       		.uleb128 0xc
 1171 0086 0F       		.uleb128 0xf
 1172 0087 00       		.byte	0
 1173 0088 0B       		.uleb128 0xb
 1174 0089 0B       		.uleb128 0xb
 1175 008a 49       		.uleb128 0x49
 1176 008b 13       		.uleb128 0x13
 1177 008c 00       		.byte	0
 1178 008d 00       		.byte	0
 1179 008e 0D       		.uleb128 0xd
 1180 008f 15       		.uleb128 0x15
 1181 0090 01       		.byte	0x1
 1182 0091 27       		.uleb128 0x27
ARM GAS  C:\Users\admin\AppData\Local\Temp\ccRbtlt7.s 			page 22


 1183 0092 19       		.uleb128 0x19
 1184 0093 01       		.uleb128 0x1
 1185 0094 13       		.uleb128 0x13
 1186 0095 00       		.byte	0
 1187 0096 00       		.byte	0
 1188 0097 0E       		.uleb128 0xe
 1189 0098 05       		.uleb128 0x5
 1190 0099 00       		.byte	0
 1191 009a 49       		.uleb128 0x49
 1192 009b 13       		.uleb128 0x13
 1193 009c 00       		.byte	0
 1194 009d 00       		.byte	0
 1195 009e 0F       		.uleb128 0xf
 1196 009f 15       		.uleb128 0x15
 1197 00a0 01       		.byte	0x1
 1198 00a1 27       		.uleb128 0x27
 1199 00a2 19       		.uleb128 0x19
 1200 00a3 49       		.uleb128 0x49
 1201 00a4 13       		.uleb128 0x13
 1202 00a5 01       		.uleb128 0x1
 1203 00a6 13       		.uleb128 0x13
 1204 00a7 00       		.byte	0
 1205 00a8 00       		.byte	0
 1206 00a9 10       		.uleb128 0x10
 1207 00aa 13       		.uleb128 0x13
 1208 00ab 01       		.byte	0x1
 1209 00ac 03       		.uleb128 0x3
 1210 00ad 0E       		.uleb128 0xe
 1211 00ae 0B       		.uleb128 0xb
 1212 00af 0B       		.uleb128 0xb
 1213 00b0 3A       		.uleb128 0x3a
 1214 00b1 0B       		.uleb128 0xb
 1215 00b2 3B       		.uleb128 0x3b
 1216 00b3 05       		.uleb128 0x5
 1217 00b4 01       		.uleb128 0x1
 1218 00b5 13       		.uleb128 0x13
 1219 00b6 00       		.byte	0
 1220 00b7 00       		.byte	0
 1221 00b8 11       		.uleb128 0x11
 1222 00b9 0D       		.uleb128 0xd
 1223 00ba 00       		.byte	0
 1224 00bb 03       		.uleb128 0x3
 1225 00bc 0E       		.uleb128 0xe
 1226 00bd 3A       		.uleb128 0x3a
 1227 00be 0B       		.uleb128 0xb
 1228 00bf 3B       		.uleb128 0x3b
 1229 00c0 05       		.uleb128 0x5
 1230 00c1 49       		.uleb128 0x49
 1231 00c2 13       		.uleb128 0x13
 1232 00c3 38       		.uleb128 0x38
 1233 00c4 0B       		.uleb128 0xb
 1234 00c5 00       		.byte	0
 1235 00c6 00       		.byte	0
 1236 00c7 12       		.uleb128 0x12
 1237 00c8 2E       		.uleb128 0x2e
 1238 00c9 00       		.byte	0
 1239 00ca 3F       		.uleb128 0x3f
ARM GAS  C:\Users\admin\AppData\Local\Temp\ccRbtlt7.s 			page 23


 1240 00cb 19       		.uleb128 0x19
 1241 00cc 03       		.uleb128 0x3
 1242 00cd 0E       		.uleb128 0xe
 1243 00ce 3A       		.uleb128 0x3a
 1244 00cf 0B       		.uleb128 0xb
 1245 00d0 3B       		.uleb128 0x3b
 1246 00d1 0B       		.uleb128 0xb
 1247 00d2 27       		.uleb128 0x27
 1248 00d3 19       		.uleb128 0x19
 1249 00d4 49       		.uleb128 0x49
 1250 00d5 13       		.uleb128 0x13
 1251 00d6 8701     		.uleb128 0x87
 1252 00d8 19       		.uleb128 0x19
 1253 00d9 11       		.uleb128 0x11
 1254 00da 01       		.uleb128 0x1
 1255 00db 12       		.uleb128 0x12
 1256 00dc 06       		.uleb128 0x6
 1257 00dd 40       		.uleb128 0x40
 1258 00de 18       		.uleb128 0x18
 1259 00df 9742     		.uleb128 0x2117
 1260 00e1 19       		.uleb128 0x19
 1261 00e2 00       		.byte	0
 1262 00e3 00       		.byte	0
 1263 00e4 13       		.uleb128 0x13
 1264 00e5 34       		.uleb128 0x34
 1265 00e6 00       		.byte	0
 1266 00e7 03       		.uleb128 0x3
 1267 00e8 0E       		.uleb128 0xe
 1268 00e9 3A       		.uleb128 0x3a
 1269 00ea 0B       		.uleb128 0xb
 1270 00eb 3B       		.uleb128 0x3b
 1271 00ec 05       		.uleb128 0x5
 1272 00ed 49       		.uleb128 0x49
 1273 00ee 13       		.uleb128 0x13
 1274 00ef 3F       		.uleb128 0x3f
 1275 00f0 19       		.uleb128 0x19
 1276 00f1 3C       		.uleb128 0x3c
 1277 00f2 19       		.uleb128 0x19
 1278 00f3 00       		.byte	0
 1279 00f4 00       		.byte	0
 1280 00f5 14       		.uleb128 0x14
 1281 00f6 34       		.uleb128 0x34
 1282 00f7 00       		.byte	0
 1283 00f8 03       		.uleb128 0x3
 1284 00f9 0E       		.uleb128 0xe
 1285 00fa 3A       		.uleb128 0x3a
 1286 00fb 0B       		.uleb128 0xb
 1287 00fc 3B       		.uleb128 0x3b
 1288 00fd 0B       		.uleb128 0xb
 1289 00fe 49       		.uleb128 0x49
 1290 00ff 13       		.uleb128 0x13
 1291 0100 3F       		.uleb128 0x3f
 1292 0101 19       		.uleb128 0x19
 1293 0102 3C       		.uleb128 0x3c
 1294 0103 19       		.uleb128 0x19
 1295 0104 00       		.byte	0
 1296 0105 00       		.byte	0
ARM GAS  C:\Users\admin\AppData\Local\Temp\ccRbtlt7.s 			page 24


 1297 0106 15       		.uleb128 0x15
 1298 0107 26       		.uleb128 0x26
 1299 0108 00       		.byte	0
 1300 0109 49       		.uleb128 0x49
 1301 010a 13       		.uleb128 0x13
 1302 010b 00       		.byte	0
 1303 010c 00       		.byte	0
 1304 010d 00       		.byte	0
 1305              		.section	.debug_aranges,"",%progbits
 1306 0000 1C000000 		.4byte	0x1c
 1307 0004 0200     		.2byte	0x2
 1308 0006 00000000 		.4byte	.Ldebug_info0
 1309 000a 04       		.byte	0x4
 1310 000b 00       		.byte	0
 1311 000c 0000     		.2byte	0
 1312 000e 0000     		.2byte	0
 1313 0010 00000000 		.4byte	.LFB508
 1314 0014 02000000 		.4byte	.LFE508-.LFB508
 1315 0018 00000000 		.4byte	0
 1316 001c 00000000 		.4byte	0
 1317              		.section	.debug_ranges,"",%progbits
 1318              	.Ldebug_ranges0:
 1319 0000 00000000 		.4byte	.LFB508
 1320 0004 02000000 		.4byte	.LFE508
 1321 0008 00000000 		.4byte	0
 1322 000c 00000000 		.4byte	0
 1323              		.section	.debug_line,"",%progbits
 1324              	.Ldebug_line0:
 1325 0000 31020000 		.section	.debug_str,"MS",%progbits,1
 1325      02001C02 
 1325      00000201 
 1325      FB0E0D00 
 1325      01010101 
 1326              	.LASF56:
 1327 0000 70726F74 		.ascii	"protBusMasterMask\000"
 1327      4275734D 
 1327      61737465 
 1327      724D6173 
 1327      6B00
 1328              	.LASF149:
 1329 0012 72784275 		.ascii	"rxBufSize\000"
 1329      6653697A 
 1329      6500
 1330              	.LASF66:
 1331 001c 666C6173 		.ascii	"flashCtlMainWs3Freq\000"
 1331      6843746C 
 1331      4D61696E 
 1331      57733346 
 1331      72657100 
 1332              	.LASF88:
 1333 0030 6770696F 		.ascii	"gpioPrtCfgInOffset\000"
 1333      50727443 
 1333      6667496E 
 1333      4F666673 
 1333      657400
 1334              	.LASF106:
 1335 0043 6970634C 		.ascii	"ipcLockStatusOffset\000"
ARM GAS  C:\Users\admin\AppData\Local\Temp\ccRbtlt7.s 			page 25


 1335      6F636B53 
 1335      74617475 
 1335      734F6666 
 1335      73657400 
 1336              	.LASF32:
 1337 0057 63727970 		.ascii	"cryptoVersion\000"
 1337      746F5665 
 1337      7273696F 
 1337      6E00
 1338              	.LASF50:
 1339 0065 70657269 		.ascii	"periClockNr\000"
 1339      436C6F63 
 1339      6B4E7200 
 1340              	.LASF28:
 1341 0071 70617373 		.ascii	"passBase\000"
 1341      42617365 
 1341      00
 1342              	.LASF41:
 1343 007a 63707573 		.ascii	"cpussIpcIrqNr\000"
 1343      73497063 
 1343      4972714E 
 1343      7200
 1344              	.LASF3:
 1345 0088 5F5F7569 		.ascii	"__uint8_t\000"
 1345      6E74385F 
 1345      7400
 1346              	.LASF127:
 1347 0092 736C6176 		.ascii	"slaveStatus\000"
 1347      65537461 
 1347      74757300 
 1348              	.LASF85:
 1349 009e 70657269 		.ascii	"periDiv24_5CtlOffset\000"
 1349      44697632 
 1349      345F3543 
 1349      746C4F66 
 1349      66736574 
 1350              	.LASF92:
 1351 00b3 63707573 		.ascii	"cpussCm4ClockCtlOffset\000"
 1351      73436D34 
 1351      436C6F63 
 1351      6B43746C 
 1351      4F666673 
 1352              	.LASF21:
 1353 00ca 63707573 		.ascii	"cpussBase\000"
 1353      73426173 
 1353      6500
 1354              	.LASF70:
 1355 00d4 64774368 		.ascii	"dwChCtlPrioPos\000"
 1355      43746C50 
 1355      72696F50 
 1355      6F7300
 1356              	.LASF12:
 1357 00e3 6C6F6E67 		.ascii	"long long unsigned int\000"
 1357      206C6F6E 
 1357      6720756E 
 1357      7369676E 
 1357      65642069 
ARM GAS  C:\Users\admin\AppData\Local\Temp\ccRbtlt7.s 			page 26


 1358              	.LASF74:
 1359 00fa 70657269 		.ascii	"periTrCmdOffset\000"
 1359      5472436D 
 1359      644F6666 
 1359      73657400 
 1360              	.LASF144:
 1361 010a 72785269 		.ascii	"rxRingBuf\000"
 1361      6E674275 
 1361      6600
 1362              	.LASF98:
 1363 0114 63707573 		.ascii	"cpussSysTickCtlOffset\000"
 1363      73537973 
 1363      5469636B 
 1363      43746C4F 
 1363      66667365 
 1364              	.LASF120:
 1365 012a 6D617374 		.ascii	"masterStatus\000"
 1365      65725374 
 1365      61747573 
 1365      00
 1366              	.LASF156:
 1367 0137 49544D5F 		.ascii	"ITM_RxBuffer\000"
 1367      52784275 
 1367      66666572 
 1367      00
 1368              	.LASF59:
 1369 0144 666C6173 		.ascii	"flashPipeRequired\000"
 1369      68506970 
 1369      65526571 
 1369      75697265 
 1369      6400
 1370              	.LASF135:
 1371 0156 736C6176 		.ascii	"slaveRxBufferIdx\000"
 1371      65527842 
 1371      75666665 
 1371      72496478 
 1371      00
 1372              	.LASF140:
 1373 0167 63795F73 		.ascii	"cy_stc_scb_i2c_context\000"
 1373      74635F73 
 1373      63625F69 
 1373      32635F63 
 1373      6F6E7465 
 1374              	.LASF63:
 1375 017e 666C6173 		.ascii	"flashCtlMainWs0Freq\000"
 1375      6843746C 
 1375      4D61696E 
 1375      57733046 
 1375      72657100 
 1376              	.LASF15:
 1377 0192 696E7431 		.ascii	"int16_t\000"
 1377      365F7400 
 1378              	.LASF11:
 1379 019a 6C6F6E67 		.ascii	"long long int\000"
 1379      206C6F6E 
 1379      6720696E 
 1379      7400
ARM GAS  C:\Users\admin\AppData\Local\Temp\ccRbtlt7.s 			page 27


 1380              	.LASF1:
 1381 01a8 7369676E 		.ascii	"signed char\000"
 1381      65642063 
 1381      68617200 
 1382              	.LASF79:
 1383 01b4 70657269 		.ascii	"periDivCmdTypeSelPos\000"
 1383      44697643 
 1383      6D645479 
 1383      70655365 
 1383      6C506F73 
 1384              	.LASF25:
 1385 01c9 70726F74 		.ascii	"protBase\000"
 1385      42617365 
 1385      00
 1386              	.LASF37:
 1387 01d2 69706356 		.ascii	"ipcVersion\000"
 1387      65727369 
 1387      6F6E00
 1388              	.LASF134:
 1389 01dd 736C6176 		.ascii	"slaveRxBufferSize\000"
 1389      65527842 
 1389      75666665 
 1389      7253697A 
 1389      6500
 1390              	.LASF99:
 1391 01ef 63707573 		.ascii	"cpussCm0NmiCtlOffset\000"
 1391      73436D30 
 1391      4E6D6943 
 1391      746C4F66 
 1391      66736574 
 1392              	.LASF47:
 1393 0204 73727373 		.ascii	"srssNumClkpath\000"
 1393      4E756D43 
 1393      6C6B7061 
 1393      746800
 1394              	.LASF26:
 1395 0213 6873696F 		.ascii	"hsiomBase\000"
 1395      6D426173 
 1395      6500
 1396              	.LASF119:
 1397 021d 73746174 		.ascii	"state\000"
 1397      6500
 1398              	.LASF115:
 1399 0223 63795F63 		.ascii	"cy_cb_scb_i2c_handle_events_t\000"
 1399      625F7363 
 1399      625F6932 
 1399      635F6861 
 1399      6E646C65 
 1400              	.LASF8:
 1401 0241 6C6F6E67 		.ascii	"long int\000"
 1401      20696E74 
 1401      00
 1402              	.LASF122:
 1403 024a 6D617374 		.ascii	"masterRdDir\000"
 1403      65725264 
 1403      44697200 
 1404              	.LASF113:
ARM GAS  C:\Users\admin\AppData\Local\Temp\ccRbtlt7.s 			page 28


 1405 0256 43595F53 		.ascii	"CY_SCB_I2C_NAK\000"
 1405      43425F49 
 1405      32435F4E 
 1405      414B00
 1406              	.LASF57:
 1407 0265 63727970 		.ascii	"cryptoMemSize\000"
 1407      746F4D65 
 1407      6D53697A 
 1407      6500
 1408              	.LASF23:
 1409 0273 70657269 		.ascii	"periBase\000"
 1409      42617365 
 1409      00
 1410              	.LASF55:
 1411 027c 73797350 		.ascii	"sysPmSimoPresent\000"
 1411      6D53696D 
 1411      6F507265 
 1411      73656E74 
 1411      00
 1412              	.LASF45:
 1413 028d 63707573 		.ascii	"cpussFmIrq\000"
 1413      73466D49 
 1413      727100
 1414              	.LASF110:
 1415 0298 646F7562 		.ascii	"double\000"
 1415      6C6500
 1416              	.LASF84:
 1417 029f 70657269 		.ascii	"periDiv16_5CtlOffset\000"
 1417      44697631 
 1417      365F3543 
 1417      746C4F66 
 1417      66736574 
 1418              	.LASF48:
 1419 02b4 73727373 		.ascii	"srssNumPll\000"
 1419      4E756D50 
 1419      6C6C00
 1420              	.LASF163:
 1421 02bf 6D61696E 		.ascii	"main\000"
 1421      00
 1422              	.LASF82:
 1423 02c4 70657269 		.ascii	"periDiv8CtlOffset\000"
 1423      44697638 
 1423      43746C4F 
 1423      66667365 
 1423      7400
 1424              	.LASF89:
 1425 02d6 6770696F 		.ascii	"gpioPrtCfgOutOffset\000"
 1425      50727443 
 1425      66674F75 
 1425      744F6666 
 1425      73657400 
 1426              	.LASF137:
 1427 02ea 63624164 		.ascii	"cbAddr\000"
 1427      647200
 1428              	.LASF22:
 1429 02f1 666C6173 		.ascii	"flashcBase\000"
 1429      68634261 
ARM GAS  C:\Users\admin\AppData\Local\Temp\ccRbtlt7.s 			page 29


 1429      736500
 1430              	.LASF9:
 1431 02fc 5F5F7569 		.ascii	"__uint32_t\000"
 1431      6E743332 
 1431      5F7400
 1432              	.LASF52:
 1433 0307 70617373 		.ascii	"passSarChannels\000"
 1433      53617243 
 1433      68616E6E 
 1433      656C7300 
 1434              	.LASF4:
 1435 0317 5F5F696E 		.ascii	"__int16_t\000"
 1435      7431365F 
 1435      7400
 1436              	.LASF150:
 1437 0321 72784275 		.ascii	"rxBufIdx\000"
 1437      66496478 
 1437      00
 1438              	.LASF95:
 1439 032a 63707573 		.ascii	"cpussCm4PwrCtlOffset\000"
 1439      73436D34 
 1439      50777243 
 1439      746C4F66 
 1439      66736574 
 1440              	.LASF152:
 1441 033f 74784275 		.ascii	"txBufSize\000"
 1441      6653697A 
 1441      6500
 1442              	.LASF90:
 1443 0349 6770696F 		.ascii	"gpioPrtCfgSioOffset\000"
 1443      50727443 
 1443      66675369 
 1443      6F4F6666 
 1443      73657400 
 1444              	.LASF42:
 1445 035d 63707573 		.ascii	"cpussDwChNr\000"
 1445      73447743 
 1445      684E7200 
 1446              	.LASF13:
 1447 0369 756E7369 		.ascii	"unsigned int\000"
 1447      676E6564 
 1447      20696E74 
 1447      00
 1448              	.LASF131:
 1449 0376 736C6176 		.ascii	"slaveTxBufferIdx\000"
 1449      65547842 
 1449      75666665 
 1449      72496478 
 1449      00
 1450              	.LASF16:
 1451 0387 75696E74 		.ascii	"uint16_t\000"
 1451      31365F74 
 1451      00
 1452              	.LASF128:
 1453 0390 736C6176 		.ascii	"slaveRdBufEmpty\000"
 1453      65526442 
 1453      7566456D 
ARM GAS  C:\Users\admin\AppData\Local\Temp\ccRbtlt7.s 			page 30


 1453      70747900 
 1454              	.LASF75:
 1455 03a0 70657269 		.ascii	"periTrCmdGrSelMsk\000"
 1455      5472436D 
 1455      64477253 
 1455      656C4D73 
 1455      6B00
 1456              	.LASF64:
 1457 03b2 666C6173 		.ascii	"flashCtlMainWs1Freq\000"
 1457      6843746C 
 1457      4D61696E 
 1457      57733146 
 1457      72657100 
 1458              	.LASF10:
 1459 03c6 6C6F6E67 		.ascii	"long unsigned int\000"
 1459      20756E73 
 1459      69676E65 
 1459      6420696E 
 1459      7400
 1460              	.LASF139:
 1461 03d8 63795F63 		.ascii	"cy_cb_scb_uart_handle_events_t\000"
 1461      625F7363 
 1461      625F7561 
 1461      72745F68 
 1461      616E646C 
 1462              	.LASF159:
 1463 03f7 55415254 		.ascii	"UART_context\000"
 1463      5F636F6E 
 1463      74657874 
 1463      00
 1464              	.LASF40:
 1465 0404 63707573 		.ascii	"cpussIpcNr\000"
 1465      73497063 
 1465      4E7200
 1466              	.LASF27:
 1467 040f 6770696F 		.ascii	"gpioBase\000"
 1467      42617365 
 1467      00
 1468              	.LASF65:
 1469 0418 666C6173 		.ascii	"flashCtlMainWs2Freq\000"
 1469      6843746C 
 1469      4D61696E 
 1469      57733246 
 1469      72657100 
 1470              	.LASF118:
 1471 042c 75736554 		.ascii	"useTxFifo\000"
 1471      78466966 
 1471      6F00
 1472              	.LASF76:
 1473 0436 70657269 		.ascii	"periTrGrOffset\000"
 1473      54724772 
 1473      4F666673 
 1473      657400
 1474              	.LASF103:
 1475 0445 63707573 		.ascii	"cpussRam1Ctl0\000"
 1475      7352616D 
 1475      3143746C 
ARM GAS  C:\Users\admin\AppData\Local\Temp\ccRbtlt7.s 			page 31


 1475      3000
 1476              	.LASF136:
 1477 0453 63624576 		.ascii	"cbEvents\000"
 1477      656E7473 
 1477      00
 1478              	.LASF77:
 1479 045c 70657269 		.ascii	"periTrGrSize\000"
 1479      54724772 
 1479      53697A65 
 1479      00
 1480              	.LASF35:
 1481 0469 6770696F 		.ascii	"gpioVersion\000"
 1481      56657273 
 1481      696F6E00 
 1482              	.LASF151:
 1483 0475 74784275 		.ascii	"txBuf\000"
 1483      6600
 1484              	.LASF107:
 1485 047b 63795F73 		.ascii	"cy_stc_device_t\000"
 1485      74635F64 
 1485      65766963 
 1485      655F7400 
 1486              	.LASF53:
 1487 048b 65704D6F 		.ascii	"epMonitorNr\000"
 1487      6E69746F 
 1487      724E7200 
 1488              	.LASF146:
 1489 0497 72785269 		.ascii	"rxRingBufHead\000"
 1489      6E674275 
 1489      66486561 
 1489      6400
 1490              	.LASF96:
 1491 04a5 63707573 		.ascii	"cpussTrimRamCtlOffset\000"
 1491      73547269 
 1491      6D52616D 
 1491      43746C4F 
 1491      66667365 
 1492              	.LASF133:
 1493 04bb 736C6176 		.ascii	"slaveRxBuffer\000"
 1493      65527842 
 1493      75666665 
 1493      7200
 1494              	.LASF91:
 1495 04c9 63707573 		.ascii	"cpussCm0ClockCtlOffset\000"
 1495      73436D30 
 1495      436C6F63 
 1495      6B43746C 
 1495      4F666673 
 1496              	.LASF31:
 1497 04e0 63707573 		.ascii	"cpussVersion\000"
 1497      73566572 
 1497      73696F6E 
 1497      00
 1498              	.LASF38:
 1499 04ed 70657269 		.ascii	"periVersion\000"
 1499      56657273 
 1499      696F6E00 
ARM GAS  C:\Users\admin\AppData\Local\Temp\ccRbtlt7.s 			page 32


 1500              	.LASF94:
 1501 04f9 63707573 		.ascii	"cpussCm0StatusOffset\000"
 1501      73436D30 
 1501      53746174 
 1501      75734F66 
 1501      66736574 
 1502              	.LASF19:
 1503 050e 73697A65 		.ascii	"sizetype\000"
 1503      74797065 
 1503      00
 1504              	.LASF68:
 1505 0517 64774368 		.ascii	"dwChOffset\000"
 1505      4F666673 
 1505      657400
 1506              	.LASF125:
 1507 0522 6D617374 		.ascii	"masterBufferIdx\000"
 1507      65724275 
 1507      66666572 
 1507      49647800 
 1508              	.LASF43:
 1509 0532 63707573 		.ascii	"cpussFlashPaSize\000"
 1509      73466C61 
 1509      73685061 
 1509      53697A65 
 1509      00
 1510              	.LASF162:
 1511 0543 433A5C55 		.ascii	"C:\\Users\\admin\\Desktop\\PSoC Creator_1\\SeniorDe"
 1511      73657273 
 1511      5C61646D 
 1511      696E5C44 
 1511      65736B74 
 1512 0571 7369676E 		.ascii	"sign\\DecelerationDetection.cydsn\000"
 1512      5C446563 
 1512      656C6572 
 1512      6174696F 
 1512      6E446574 
 1513              	.LASF81:
 1514 0592 70657269 		.ascii	"periDivCmdPaTypeSelPos\000"
 1514      44697643 
 1514      6D645061 
 1514      54797065 
 1514      53656C50 
 1515              	.LASF104:
 1516 05a9 63707573 		.ascii	"cpussRam2Ctl0\000"
 1516      7352616D 
 1516      3243746C 
 1516      3000
 1517              	.LASF72:
 1518 05b7 64775374 		.ascii	"dwStatusChIdxPos\000"
 1518      61747573 
 1518      43684964 
 1518      78506F73 
 1518      00
 1519              	.LASF54:
 1520 05c8 75646250 		.ascii	"udbPresent\000"
 1520      72657365 
 1520      6E7400
ARM GAS  C:\Users\admin\AppData\Local\Temp\ccRbtlt7.s 			page 33


 1521              	.LASF143:
 1522 05d3 72785374 		.ascii	"rxStatus\000"
 1522      61747573 
 1522      00
 1523              	.LASF34:
 1524 05dc 666C6173 		.ascii	"flashcVersion\000"
 1524      68635665 
 1524      7273696F 
 1524      6E00
 1525              	.LASF30:
 1526 05ea 63727970 		.ascii	"cryptoBase\000"
 1526      746F4261 
 1526      736500
 1527              	.LASF51:
 1528 05f5 736D6966 		.ascii	"smifDeviceNr\000"
 1528      44657669 
 1528      63654E72 
 1528      00
 1529              	.LASF160:
 1530 0602 474E5520 		.ascii	"GNU C11 5.4.1 20160609 (release) [ARM/embedded-5-br"
 1530      43313120 
 1530      352E342E 
 1530      31203230 
 1530      31363036 
 1531 0635 616E6368 		.ascii	"anch revision 237715] -mcpu=cortex-m4 -mfloat-abi=s"
 1531      20726576 
 1531      6973696F 
 1531      6E203233 
 1531      37373135 
 1532 0668 6F667466 		.ascii	"oftfp -mfpu=fpv4-sp-d16 -mthumb -g -Og -ffunction-s"
 1532      70202D6D 
 1532      6670753D 
 1532      66707634 
 1532      2D73702D 
 1533 069b 65637469 		.ascii	"ections -ffat-lto-objects\000"
 1533      6F6E7320 
 1533      2D666661 
 1533      742D6C74 
 1533      6F2D6F62 
 1534              	.LASF109:
 1535 06b5 666C6F61 		.ascii	"float\000"
 1535      7400
 1536              	.LASF158:
 1537 06bb 53656E73 		.ascii	"SensorBus_context\000"
 1537      6F724275 
 1537      735F636F 
 1537      6E746578 
 1537      7400
 1538              	.LASF73:
 1539 06cd 64775374 		.ascii	"dwStatusChIdxMsk\000"
 1539      61747573 
 1539      43684964 
 1539      784D736B 
 1539      00
 1540              	.LASF157:
 1541 06de 63795F64 		.ascii	"cy_device\000"
 1541      65766963 
ARM GAS  C:\Users\admin\AppData\Local\Temp\ccRbtlt7.s 			page 34


 1541      6500
 1542              	.LASF101:
 1543 06e8 63707573 		.ascii	"cpussRomCtl\000"
 1543      73526F6D 
 1543      43746C00 
 1544              	.LASF71:
 1545 06f4 64774368 		.ascii	"dwChCtlPreemptablePos\000"
 1545      43746C50 
 1545      7265656D 
 1545      70746162 
 1545      6C65506F 
 1546              	.LASF153:
 1547 070a 74784C65 		.ascii	"txLeftToTransmit\000"
 1547      6674546F 
 1547      5472616E 
 1547      736D6974 
 1547      00
 1548              	.LASF24:
 1549 071b 75646242 		.ascii	"udbBase\000"
 1549      61736500 
 1550              	.LASF112:
 1551 0723 43595F53 		.ascii	"CY_SCB_I2C_ACK\000"
 1551      43425F49 
 1551      32435F41 
 1551      434B00
 1552              	.LASF111:
 1553 0732 5F426F6F 		.ascii	"_Bool\000"
 1553      6C00
 1554              	.LASF17:
 1555 0738 696E7433 		.ascii	"int32_t\000"
 1555      325F7400 
 1556              	.LASF2:
 1557 0740 756E7369 		.ascii	"unsigned char\000"
 1557      676E6564 
 1557      20636861 
 1557      7200
 1558              	.LASF67:
 1559 074e 666C6173 		.ascii	"flashCtlMainWs4Freq\000"
 1559      6843746C 
 1559      4D61696E 
 1559      57733446 
 1559      72657100 
 1560              	.LASF0:
 1561 0762 73686F72 		.ascii	"short int\000"
 1561      7420696E 
 1561      7400
 1562              	.LASF124:
 1563 076c 6D617374 		.ascii	"masterBufferSize\000"
 1563      65724275 
 1563      66666572 
 1563      53697A65 
 1563      00
 1564              	.LASF78:
 1565 077d 70657269 		.ascii	"periDivCmdDivSelMsk\000"
 1565      44697643 
 1565      6D644469 
 1565      7653656C 
ARM GAS  C:\Users\admin\AppData\Local\Temp\ccRbtlt7.s 			page 35


 1565      4D736B00 
 1566              	.LASF121:
 1567 0791 6D617374 		.ascii	"masterPause\000"
 1567      65725061 
 1567      75736500 
 1568              	.LASF116:
 1569 079d 63795F63 		.ascii	"cy_cb_scb_i2c_handle_addr_t\000"
 1569      625F7363 
 1569      625F6932 
 1569      635F6861 
 1569      6E646C65 
 1570              	.LASF126:
 1571 07b9 6D617374 		.ascii	"masterNumBytes\000"
 1571      65724E75 
 1571      6D427974 
 1571      657300
 1572              	.LASF132:
 1573 07c8 736C6176 		.ascii	"slaveTxBufferCnt\000"
 1573      65547842 
 1573      75666665 
 1573      72436E74 
 1573      00
 1574              	.LASF62:
 1575 07d9 666C6173 		.ascii	"flashEraseDelay\000"
 1575      68457261 
 1575      73654465 
 1575      6C617900 
 1576              	.LASF18:
 1577 07e9 75696E74 		.ascii	"uint32_t\000"
 1577      33325F74 
 1577      00
 1578              	.LASF138:
 1579 07f2 63795F73 		.ascii	"cy_stc_scb_i2c_context_t\000"
 1579      74635F73 
 1579      63625F69 
 1579      32635F63 
 1579      6F6E7465 
 1580              	.LASF20:
 1581 080b 6C6F6E67 		.ascii	"long double\000"
 1581      20646F75 
 1581      626C6500 
 1582              	.LASF108:
 1583 0817 63686172 		.ascii	"char\000"
 1583      00
 1584              	.LASF39:
 1585 081c 70726F74 		.ascii	"protVersion\000"
 1585      56657273 
 1585      696F6E00 
 1586              	.LASF102:
 1587 0828 63707573 		.ascii	"cpussRam0Ctl0\000"
 1587      7352616D 
 1587      3043746C 
 1587      3000
 1588              	.LASF5:
 1589 0836 5F5F7569 		.ascii	"__uint16_t\000"
 1589      6E743136 
 1589      5F7400
ARM GAS  C:\Users\admin\AppData\Local\Temp\ccRbtlt7.s 			page 36


 1590              	.LASF83:
 1591 0841 70657269 		.ascii	"periDiv16CtlOffset\000"
 1591      44697631 
 1591      3643746C 
 1591      4F666673 
 1591      657400
 1592              	.LASF7:
 1593 0854 5F5F696E 		.ascii	"__int32_t\000"
 1593      7433325F 
 1593      7400
 1594              	.LASF123:
 1595 085e 6D617374 		.ascii	"masterBuffer\000"
 1595      65724275 
 1595      66666572 
 1595      00
 1596              	.LASF36:
 1597 086b 6873696F 		.ascii	"hsiomVersion\000"
 1597      6D566572 
 1597      73696F6E 
 1597      00
 1598              	.LASF61:
 1599 0878 666C6173 		.ascii	"flashProgramDelay\000"
 1599      6850726F 
 1599      6772616D 
 1599      44656C61 
 1599      7900
 1600              	.LASF46:
 1601 088a 63707573 		.ascii	"cpussNotConnectedIrq\000"
 1601      734E6F74 
 1601      436F6E6E 
 1601      65637465 
 1601      64497271 
 1602              	.LASF145:
 1603 089f 72785269 		.ascii	"rxRingBufSize\000"
 1603      6E674275 
 1603      6653697A 
 1603      6500
 1604              	.LASF6:
 1605 08ad 73686F72 		.ascii	"short unsigned int\000"
 1605      7420756E 
 1605      7369676E 
 1605      65642069 
 1605      6E7400
 1606              	.LASF69:
 1607 08c0 64774368 		.ascii	"dwChSize\000"
 1607      53697A65 
 1607      00
 1608              	.LASF105:
 1609 08c9 69706353 		.ascii	"ipcStructSize\000"
 1609      74727563 
 1609      7453697A 
 1609      6500
 1610              	.LASF117:
 1611 08d7 75736552 		.ascii	"useRxFifo\000"
 1611      78466966 
 1611      6F00
 1612              	.LASF44:
ARM GAS  C:\Users\admin\AppData\Local\Temp\ccRbtlt7.s 			page 37


 1613 08e1 63707573 		.ascii	"cpussIpc0Irq\000"
 1613      73497063 
 1613      30497271 
 1613      00
 1614              	.LASF87:
 1615 08ee 6770696F 		.ascii	"gpioPrtCfgOffset\000"
 1615      50727443 
 1615      66674F66 
 1615      66736574 
 1615      00
 1616              	.LASF154:
 1617 08ff 696E6974 		.ascii	"initKey\000"
 1617      4B657900 
 1618              	.LASF148:
 1619 0907 72784275 		.ascii	"rxBuf\000"
 1619      6600
 1620              	.LASF129:
 1621 090d 736C6176 		.ascii	"slaveTxBuffer\000"
 1621      65547842 
 1621      75666665 
 1621      7200
 1622              	.LASF130:
 1623 091b 736C6176 		.ascii	"slaveTxBufferSize\000"
 1623      65547842 
 1623      75666665 
 1623      7253697A 
 1623      6500
 1624              	.LASF155:
 1625 092d 63795F73 		.ascii	"cy_stc_scb_uart_context_t\000"
 1625      74635F73 
 1625      63625F75 
 1625      6172745F 
 1625      636F6E74 
 1626              	.LASF49:
 1627 0947 73727373 		.ascii	"srssNumHfroot\000"
 1627      4E756D48 
 1627      66726F6F 
 1627      7400
 1628              	.LASF114:
 1629 0955 63795F65 		.ascii	"cy_en_scb_i2c_command_t\000"
 1629      6E5F7363 
 1629      625F6932 
 1629      635F636F 
 1629      6D6D616E 
 1630              	.LASF100:
 1631 096d 63707573 		.ascii	"cpussCm4NmiCtlOffset\000"
 1631      73436D34 
 1631      4E6D6943 
 1631      746C4F66 
 1631      66736574 
 1632              	.LASF60:
 1633 0982 666C6173 		.ascii	"flashWriteDelay\000"
 1633      68577269 
 1633      74654465 
 1633      6C617900 
 1634              	.LASF14:
 1635 0992 75696E74 		.ascii	"uint8_t\000"
ARM GAS  C:\Users\admin\AppData\Local\Temp\ccRbtlt7.s 			page 38


 1635      385F7400 
 1636              	.LASF93:
 1637 099a 63707573 		.ascii	"cpussCm4StatusOffset\000"
 1637      73436D34 
 1637      53746174 
 1637      75734F66 
 1637      66736574 
 1638              	.LASF86:
 1639 09af 6770696F 		.ascii	"gpioPrtIntrCfgOffset\000"
 1639      50727449 
 1639      6E747243 
 1639      66674F66 
 1639      66736574 
 1640              	.LASF147:
 1641 09c4 72785269 		.ascii	"rxRingBufTail\000"
 1641      6E674275 
 1641      66546169 
 1641      6C00
 1642              	.LASF97:
 1643 09d2 63707573 		.ascii	"cpussTrimRomCtlOffset\000"
 1643      73547269 
 1643      6D526F6D 
 1643      43746C4F 
 1643      66667365 
 1644              	.LASF142:
 1645 09e8 74785374 		.ascii	"txStatus\000"
 1645      61747573 
 1645      00
 1646              	.LASF33:
 1647 09f1 64775665 		.ascii	"dwVersion\000"
 1647      7273696F 
 1647      6E00
 1648              	.LASF29:
 1649 09fb 69706342 		.ascii	"ipcBase\000"
 1649      61736500 
 1650              	.LASF80:
 1651 0a03 70657269 		.ascii	"periDivCmdPaDivSelPos\000"
 1651      44697643 
 1651      6D645061 
 1651      44697653 
 1651      656C506F 
 1652              	.LASF141:
 1653 0a19 63795F73 		.ascii	"cy_stc_scb_uart_context\000"
 1653      74635F73 
 1653      63625F75 
 1653      6172745F 
 1653      636F6E74 
 1654              	.LASF161:
 1655 0a31 6D61696E 		.ascii	"main_cm4.c\000"
 1655      5F636D34 
 1655      2E6300
 1656              	.LASF58:
 1657 0a3c 666C6173 		.ascii	"flashRwwRequired\000"
 1657      68527777 
 1657      52657175 
 1657      69726564 
 1657      00
ARM GAS  C:\Users\admin\AppData\Local\Temp\ccRbtlt7.s 			page 39


 1658              		.ident	"GCC: (GNU Tools for ARM Embedded Processors) 5.4.1 20160609 (release) [ARM/embedded-5-bran
