Determining if the pthread_create exist failed with the following output:
Change Dir: /home/ecofoxtrot/catkin_ws/build/CMakeFiles/CMakeTmp

Run Build Command:"/usr/bin/make" "cmTC_e5e2e/fast"
/usr/bin/make -f CMakeFiles/cmTC_e5e2e.dir/build.make CMakeFiles/cmTC_e5e2e.dir/build
make[1]: Entering directory '/home/ecofoxtrot/catkin_ws/build/CMakeFiles/CMakeTmp'
Building C object CMakeFiles/cmTC_e5e2e.dir/CheckSymbolExists.c.o
/usr/bin/cc    -o CMakeFiles/cmTC_e5e2e.dir/CheckSymbolExists.c.o   -c /home/ecofoxtrot/catkin_ws/build/CMakeFiles/CMakeTmp/CheckSymbolExists.c
Linking C executable cmTC_e5e2e
/usr/bin/cmake -E cmake_link_script CMakeFiles/cmTC_e5e2e.dir/link.txt --verbose=1
/usr/bin/cc      -rdynamic CMakeFiles/cmTC_e5e2e.dir/CheckSymbolExists.c.o  -o cmTC_e5e2e 
CMakeFiles/cmTC_e5e2e.dir/CheckSymbolExists.c.o: In function `main':
CheckSymbolExists.c:(.text+0x14): undefined reference to `pthread_create'
CheckSymbolExists.c:(.text+0x18): undefined reference to `pthread_create'
collect2: error: ld returned 1 exit status
CMakeFiles/cmTC_e5e2e.dir/build.make:97: recipe for target 'cmTC_e5e2e' failed
make[1]: *** [cmTC_e5e2e] Error 1
make[1]: Leaving directory '/home/ecofoxtrot/catkin_ws/build/CMakeFiles/CMakeTmp'
Makefile:126: recipe for target 'cmTC_e5e2e/fast' failed
make: *** [cmTC_e5e2e/fast] Error 2

File /home/ecofoxtrot/catkin_ws/build/CMakeFiles/CMakeTmp/CheckSymbolExists.c:
/* */
#include <pthread.h>

int main(int argc, char** argv)
{
  (void)argv;
#ifndef pthread_create
  return ((int*)(&pthread_create))[argc];
#else
  (void)argc;
  return 0;
#endif
}

Determining if the function pthread_create exists in the pthreads failed with the following output:
Change Dir: /home/ecofoxtrot/catkin_ws/build/CMakeFiles/CMakeTmp

Run Build Command:"/usr/bin/make" "cmTC_ed6df/fast"
/usr/bin/make -f CMakeFiles/cmTC_ed6df.dir/build.make CMakeFiles/cmTC_ed6df.dir/build
make[1]: Entering directory '/home/ecofoxtrot/catkin_ws/build/CMakeFiles/CMakeTmp'
Building C object CMakeFiles/cmTC_ed6df.dir/CheckFunctionExists.c.o
/usr/bin/cc   -DCHECK_FUNCTION_EXISTS=pthread_create   -o CMakeFiles/cmTC_ed6df.dir/CheckFunctionExists.c.o   -c /usr/share/cmake-3.10/Modules/CheckFunctionExists.c
Linking C executable cmTC_ed6df
/usr/bin/cmake -E cmake_link_script CMakeFiles/cmTC_ed6df.dir/link.txt --verbose=1
/usr/bin/cc  -DCHECK_FUNCTION_EXISTS=pthread_create    -rdynamic CMakeFiles/cmTC_ed6df.dir/CheckFunctionExists.c.o  -o cmTC_ed6df -lpthreads 
/usr/bin/ld: cannot find -lpthreads
collect2: error: ld returned 1 exit status
CMakeFiles/cmTC_ed6df.dir/build.make:97: recipe for target 'cmTC_ed6df' failed
make[1]: *** [cmTC_ed6df] Error 1
make[1]: Leaving directory '/home/ecofoxtrot/catkin_ws/build/CMakeFiles/CMakeTmp'
Makefile:126: recipe for target 'cmTC_ed6df/fast' failed
make: *** [cmTC_ed6df/fast] Error 2


