ARM GAS  C:\Users\admin\AppData\Local\Temp\ccNUb9RO.s 			page 1


   1              		.syntax unified
   2              		.cpu cortex-m4
   3              		.eabi_attribute 27, 1
   4              		.fpu fpv4-sp-d16
   5              		.eabi_attribute 20, 1
   6              		.eabi_attribute 21, 1
   7              		.eabi_attribute 23, 3
   8              		.eabi_attribute 24, 1
   9              		.eabi_attribute 25, 1
  10              		.eabi_attribute 26, 1
  11              		.eabi_attribute 30, 1
  12              		.eabi_attribute 34, 1
  13              		.eabi_attribute 18, 4
  14              		.thumb
  15              		.syntax unified
  16              		.file	"main_cm4.c"
  17              		.text
  18              	.Ltext0:
  19              		.cfi_sections	.debug_frame
  20              		.section	.text.main,"ax",%progbits
  21              		.align	2
  22              		.global	main
  23              		.thumb
  24              		.thumb_func
  25              		.type	main, %function
  26              	main:
  27              	.LFB616:
  28              		.file 1 "main_cm4.c"
   1:main_cm4.c    **** /* ========================================
   2:main_cm4.c    ****  *
   3:main_cm4.c    ****  * Copyright YOUR COMPANY, THE YEAR
   4:main_cm4.c    ****  * All Rights Reserved
   5:main_cm4.c    ****  * UNPUBLISHED, LICENSED SOFTWARE.
   6:main_cm4.c    ****  *
   7:main_cm4.c    ****  * CONFIDENTIAL AND PROPRIETARY INFORMATION
   8:main_cm4.c    ****  * WHICH IS THE PROPERTY OF your company.
   9:main_cm4.c    ****  *
  10:main_cm4.c    ****  * ========================================
  11:main_cm4.c    **** */
  12:main_cm4.c    **** #include "project.h"
  13:main_cm4.c    **** 
  14:main_cm4.c    **** int main(void)
  15:main_cm4.c    **** {
  29              		.loc 1 15 0
  30              		.cfi_startproc
  31              		@ Volatile: function does not return.
  32              		@ args = 0, pretend = 0, frame = 0
  33              		@ frame_needed = 0, uses_anonymous_args = 0
  34              		@ link register save eliminated.
  35              	.L2:
  36 0000 FEE7     		b	.L2
  37              		.cfi_endproc
  38              	.LFE616:
  39              		.size	main, .-main
  40 0002 00BF     		.text
  41              	.Letext0:
  42              		.file 2 "c:\\program files (x86)\\cypress\\psoc creator\\4.4\\psoc creator\\import\\gnu\\arm\\5.4.
ARM GAS  C:\Users\admin\AppData\Local\Temp\ccNUb9RO.s 			page 2


  43              		.file 3 "c:\\program files (x86)\\cypress\\psoc creator\\4.4\\psoc creator\\import\\gnu\\arm\\5.4.
  44              		.file 4 "Generated_Source\\PSoC6\\pdl\\drivers/peripheral/device/cy_device.h"
  45              		.file 5 "Generated_Source\\PSoC6\\pdl\\drivers/peripheral/scb/cy_scb_i2c.h"
  46              		.file 6 "Generated_Source\\PSoC6\\pdl\\drivers/peripheral/scb/cy_scb_uart.h"
  47              		.file 7 "Generated_Source\\PSoC6\\pdl\\drivers/peripheral/tcpwm/cy_tcpwm_counter.h"
  48              		.file 8 "Generated_Source\\PSoC6\\pdl\\drivers/peripheral/tcpwm/cy_tcpwm_pwm.h"
  49              		.file 9 "Generated_Source\\PSoC6\\pdl\\cmsis/include/core_cm4.h"
  50              		.file 10 "Generated_Source\\PSoC6/SensorBus.h"
  51              		.file 11 "Generated_Source\\PSoC6/UART.h"
  52              		.file 12 "Generated_Source\\PSoC6/Timer_Echo.h"
  53              		.file 13 "Generated_Source\\PSoC6/PWM_Trigger.h"
  54              		.section	.debug_info,"",%progbits
  55              	.Ldebug_info0:
  56 0000 4B0A0000 		.4byte	0xa4b
  57 0004 0400     		.2byte	0x4
  58 0006 00000000 		.4byte	.Ldebug_abbrev0
  59 000a 04       		.byte	0x4
  60 000b 01       		.uleb128 0x1
  61 000c ED060000 		.4byte	.LASF198
  62 0010 0C       		.byte	0xc
  63 0011 490C0000 		.4byte	.LASF199
  64 0015 640A0000 		.4byte	.LASF200
  65 0019 00000000 		.4byte	.Ldebug_ranges0+0
  66 001d 00000000 		.4byte	0
  67 0021 00000000 		.4byte	.Ldebug_line0
  68 0025 02       		.uleb128 0x2
  69 0026 02       		.byte	0x2
  70 0027 05       		.byte	0x5
  71 0028 4D080000 		.4byte	.LASF0
  72 002c 02       		.uleb128 0x2
  73 002d 01       		.byte	0x1
  74 002e 06       		.byte	0x6
  75 002f 6B090000 		.4byte	.LASF1
  76 0033 03       		.uleb128 0x3
  77 0034 BC000000 		.4byte	.LASF3
  78 0038 02       		.byte	0x2
  79 0039 1D       		.byte	0x1d
  80 003a 3E000000 		.4byte	0x3e
  81 003e 02       		.uleb128 0x2
  82 003f 01       		.byte	0x1
  83 0040 08       		.byte	0x8
  84 0041 2B080000 		.4byte	.LASF2
  85 0045 03       		.uleb128 0x3
  86 0046 D4030000 		.4byte	.LASF4
  87 004a 02       		.byte	0x2
  88 004b 29       		.byte	0x29
  89 004c 25000000 		.4byte	0x25
  90 0050 03       		.uleb128 0x3
  91 0051 77090000 		.4byte	.LASF5
  92 0055 02       		.byte	0x2
  93 0056 2B       		.byte	0x2b
  94 0057 5B000000 		.4byte	0x5b
  95 005b 02       		.uleb128 0x2
  96 005c 02       		.byte	0x2
  97 005d 07       		.byte	0x7
  98 005e FA090000 		.4byte	.LASF6
  99 0062 03       		.uleb128 0x3
ARM GAS  C:\Users\admin\AppData\Local\Temp\ccNUb9RO.s 			page 3


 100 0063 95090000 		.4byte	.LASF7
 101 0067 02       		.byte	0x2
 102 0068 3F       		.byte	0x3f
 103 0069 6D000000 		.4byte	0x6d
 104 006d 02       		.uleb128 0x2
 105 006e 04       		.byte	0x4
 106 006f 05       		.byte	0x5
 107 0070 ED020000 		.4byte	.LASF8
 108 0074 03       		.uleb128 0x3
 109 0075 B9030000 		.4byte	.LASF9
 110 0079 02       		.byte	0x2
 111 007a 41       		.byte	0x41
 112 007b 7F000000 		.4byte	0x7f
 113 007f 02       		.uleb128 0x2
 114 0080 04       		.byte	0x4
 115 0081 07       		.byte	0x7
 116 0082 94040000 		.4byte	.LASF10
 117 0086 02       		.uleb128 0x2
 118 0087 08       		.byte	0x8
 119 0088 05       		.byte	0x5
 120 0089 0B020000 		.4byte	.LASF11
 121 008d 02       		.uleb128 0x2
 122 008e 08       		.byte	0x8
 123 008f 07       		.byte	0x7
 124 0090 45010000 		.4byte	.LASF12
 125 0094 04       		.uleb128 0x4
 126 0095 04       		.byte	0x4
 127 0096 05       		.byte	0x5
 128 0097 696E7400 		.ascii	"int\000"
 129 009b 02       		.uleb128 0x2
 130 009c 04       		.byte	0x4
 131 009d 07       		.byte	0x7
 132 009e 37040000 		.4byte	.LASF13
 133 00a2 03       		.uleb128 0x3
 134 00a3 710B0000 		.4byte	.LASF14
 135 00a7 03       		.byte	0x3
 136 00a8 18       		.byte	0x18
 137 00a9 33000000 		.4byte	0x33
 138 00ad 03       		.uleb128 0x3
 139 00ae 03020000 		.4byte	.LASF15
 140 00b2 03       		.byte	0x3
 141 00b3 20       		.byte	0x20
 142 00b4 45000000 		.4byte	0x45
 143 00b8 03       		.uleb128 0x3
 144 00b9 55040000 		.4byte	.LASF16
 145 00bd 03       		.byte	0x3
 146 00be 24       		.byte	0x24
 147 00bf 50000000 		.4byte	0x50
 148 00c3 03       		.uleb128 0x3
 149 00c4 23080000 		.4byte	.LASF17
 150 00c8 03       		.byte	0x3
 151 00c9 2C       		.byte	0x2c
 152 00ca 62000000 		.4byte	0x62
 153 00ce 03       		.uleb128 0x3
 154 00cf 0A090000 		.4byte	.LASF18
 155 00d3 03       		.byte	0x3
 156 00d4 30       		.byte	0x30
ARM GAS  C:\Users\admin\AppData\Local\Temp\ccNUb9RO.s 			page 4


 157 00d5 74000000 		.4byte	0x74
 158 00d9 02       		.uleb128 0x2
 159 00da 04       		.byte	0x4
 160 00db 07       		.byte	0x7
 161 00dc 3E060000 		.4byte	.LASF19
 162 00e0 05       		.uleb128 0x5
 163 00e1 CE000000 		.4byte	0xce
 164 00e5 02       		.uleb128 0x2
 165 00e6 08       		.byte	0x8
 166 00e7 04       		.byte	0x4
 167 00e8 35090000 		.4byte	.LASF20
 168 00ec 06       		.uleb128 0x6
 169 00ed B8       		.byte	0xb8
 170 00ee 04       		.byte	0x4
 171 00ef 34       		.byte	0x34
 172 00f0 FD040000 		.4byte	0x4fd
 173 00f4 07       		.uleb128 0x7
 174 00f5 1B010000 		.4byte	.LASF21
 175 00f9 04       		.byte	0x4
 176 00fa 37       		.byte	0x37
 177 00fb CE000000 		.4byte	0xce
 178 00ff 00       		.byte	0
 179 0100 07       		.uleb128 0x7
 180 0101 AE030000 		.4byte	.LASF22
 181 0105 04       		.byte	0x4
 182 0106 38       		.byte	0x38
 183 0107 CE000000 		.4byte	0xce
 184 010b 04       		.byte	0x4
 185 010c 07       		.uleb128 0x7
 186 010d 1F030000 		.4byte	.LASF23
 187 0111 04       		.byte	0x4
 188 0112 39       		.byte	0x39
 189 0113 CE000000 		.4byte	0xce
 190 0117 08       		.byte	0x8
 191 0118 07       		.uleb128 0x7
 192 0119 06080000 		.4byte	.LASF24
 193 011d 04       		.byte	0x4
 194 011e 3A       		.byte	0x3a
 195 011f CE000000 		.4byte	0xce
 196 0123 0C       		.byte	0xc
 197 0124 07       		.uleb128 0x7
 198 0125 5D020000 		.4byte	.LASF25
 199 0129 04       		.byte	0x4
 200 012a 3B       		.byte	0x3b
 201 012b CE000000 		.4byte	0xce
 202 012f 10       		.byte	0x10
 203 0130 07       		.uleb128 0x7
 204 0131 A7020000 		.4byte	.LASF26
 205 0135 04       		.byte	0x4
 206 0136 3C       		.byte	0x3c
 207 0137 CE000000 		.4byte	0xce
 208 013b 14       		.byte	0x14
 209 013c 07       		.uleb128 0x7
 210 013d EF040000 		.4byte	.LASF27
 211 0141 04       		.byte	0x4
 212 0142 3D       		.byte	0x3d
 213 0143 CE000000 		.4byte	0xce
ARM GAS  C:\Users\admin\AppData\Local\Temp\ccNUb9RO.s 			page 5


 214 0147 18       		.byte	0x18
 215 0148 07       		.uleb128 0x7
 216 0149 98000000 		.4byte	.LASF28
 217 014d 04       		.byte	0x4
 218 014e 3E       		.byte	0x3e
 219 014f CE000000 		.4byte	0xce
 220 0153 1C       		.byte	0x1c
 221 0154 07       		.uleb128 0x7
 222 0155 130C0000 		.4byte	.LASF29
 223 0159 04       		.byte	0x4
 224 015a 3F       		.byte	0x3f
 225 015b CE000000 		.4byte	0xce
 226 015f 20       		.byte	0x20
 227 0160 07       		.uleb128 0x7
 228 0161 D5060000 		.4byte	.LASF30
 229 0165 04       		.byte	0x4
 230 0166 40       		.byte	0x40
 231 0167 CE000000 		.4byte	0xce
 232 016b 24       		.byte	0x24
 233 016c 07       		.uleb128 0x7
 234 016d F4050000 		.4byte	.LASF31
 235 0171 04       		.byte	0x4
 236 0172 43       		.byte	0x43
 237 0173 A2000000 		.4byte	0xa2
 238 0177 28       		.byte	0x28
 239 0178 07       		.uleb128 0x7
 240 0179 7B000000 		.4byte	.LASF32
 241 017d 04       		.byte	0x4
 242 017e 44       		.byte	0x44
 243 017f A2000000 		.4byte	0xa2
 244 0183 29       		.byte	0x29
 245 0184 07       		.uleb128 0x7
 246 0185 090C0000 		.4byte	.LASF33
 247 0189 04       		.byte	0x4
 248 018a 45       		.byte	0x45
 249 018b A2000000 		.4byte	0xa2
 250 018f 2A       		.byte	0x2a
 251 0190 07       		.uleb128 0x7
 252 0191 C7060000 		.4byte	.LASF34
 253 0195 04       		.byte	0x4
 254 0196 46       		.byte	0x46
 255 0197 A2000000 		.4byte	0xa2
 256 019b 2B       		.byte	0x2b
 257 019c 07       		.uleb128 0x7
 258 019d 79050000 		.4byte	.LASF35
 259 01a1 04       		.byte	0x4
 260 01a2 47       		.byte	0x47
 261 01a3 A2000000 		.4byte	0xa2
 262 01a7 2C       		.byte	0x2c
 263 01a8 07       		.uleb128 0x7
 264 01a9 AC090000 		.4byte	.LASF36
 265 01ad 04       		.byte	0x4
 266 01ae 48       		.byte	0x48
 267 01af A2000000 		.4byte	0xa2
 268 01b3 2D       		.byte	0x2d
 269 01b4 07       		.uleb128 0x7
 270 01b5 66020000 		.4byte	.LASF37
ARM GAS  C:\Users\admin\AppData\Local\Temp\ccNUb9RO.s 			page 6


 271 01b9 04       		.byte	0x4
 272 01ba 49       		.byte	0x49
 273 01bb A2000000 		.4byte	0xa2
 274 01bf 2E       		.byte	0x2e
 275 01c0 07       		.uleb128 0x7
 276 01c1 01060000 		.4byte	.LASF38
 277 01c5 04       		.byte	0x4
 278 01c6 4A       		.byte	0x4a
 279 01c7 A2000000 		.4byte	0xa2
 280 01cb 2F       		.byte	0x2f
 281 01cc 07       		.uleb128 0x7
 282 01cd 51090000 		.4byte	.LASF39
 283 01d1 04       		.byte	0x4
 284 01d2 4B       		.byte	0x4b
 285 01d3 A2000000 		.4byte	0xa2
 286 01d7 30       		.byte	0x30
 287 01d8 07       		.uleb128 0x7
 288 01d9 E4040000 		.4byte	.LASF40
 289 01dd 04       		.byte	0x4
 290 01de 4E       		.byte	0x4e
 291 01df A2000000 		.4byte	0xa2
 292 01e3 31       		.byte	0x31
 293 01e4 07       		.uleb128 0x7
 294 01e5 AE000000 		.4byte	.LASF41
 295 01e9 04       		.byte	0x4
 296 01ea 4F       		.byte	0x4f
 297 01eb A2000000 		.4byte	0xa2
 298 01ef 32       		.byte	0x32
 299 01f0 07       		.uleb128 0x7
 300 01f1 2B040000 		.4byte	.LASF42
 301 01f5 04       		.byte	0x4
 302 01f6 50       		.byte	0x50
 303 01f7 A2000000 		.4byte	0xa2
 304 01fb 33       		.byte	0x33
 305 01fc 07       		.uleb128 0x7
 306 01fd 6C060000 		.4byte	.LASF43
 307 0201 04       		.byte	0x4
 308 0202 51       		.byte	0x51
 309 0203 A2000000 		.4byte	0xa2
 310 0207 34       		.byte	0x34
 311 0208 07       		.uleb128 0x7
 312 0209 470A0000 		.4byte	.LASF44
 313 020d 04       		.byte	0x4
 314 020e 52       		.byte	0x52
 315 020f AD000000 		.4byte	0xad
 316 0213 36       		.byte	0x36
 317 0214 07       		.uleb128 0x7
 318 0215 39030000 		.4byte	.LASF45
 319 0219 04       		.byte	0x4
 320 021a 53       		.byte	0x53
 321 021b AD000000 		.4byte	0xad
 322 021f 38       		.byte	0x38
 323 0220 07       		.uleb128 0x7
 324 0221 CB090000 		.4byte	.LASF46
 325 0225 04       		.byte	0x4
 326 0226 54       		.byte	0x54
 327 0227 AD000000 		.4byte	0xad
ARM GAS  C:\Users\admin\AppData\Local\Temp\ccNUb9RO.s 			page 7


 328 022b 3A       		.byte	0x3a
 329 022c 07       		.uleb128 0x7
 330 022d 98020000 		.4byte	.LASF47
 331 0231 04       		.byte	0x4
 332 0232 55       		.byte	0x55
 333 0233 A2000000 		.4byte	0xa2
 334 0237 3C       		.byte	0x3c
 335 0238 07       		.uleb128 0x7
 336 0239 60030000 		.4byte	.LASF48
 337 023d 04       		.byte	0x4
 338 023e 56       		.byte	0x56
 339 023f A2000000 		.4byte	0xa2
 340 0243 3D       		.byte	0x3d
 341 0244 07       		.uleb128 0x7
 342 0245 180B0000 		.4byte	.LASF49
 343 0249 04       		.byte	0x4
 344 024a 57       		.byte	0x57
 345 024b A2000000 		.4byte	0xa2
 346 024f 3E       		.byte	0x3e
 347 0250 07       		.uleb128 0x7
 348 0251 2C010000 		.4byte	.LASF50
 349 0255 04       		.byte	0x4
 350 0256 58       		.byte	0x58
 351 0257 A2000000 		.4byte	0xa2
 352 025b 3F       		.byte	0x3f
 353 025c 07       		.uleb128 0x7
 354 025d E0060000 		.4byte	.LASF51
 355 0261 04       		.byte	0x4
 356 0262 59       		.byte	0x59
 357 0263 A2000000 		.4byte	0xa2
 358 0267 40       		.byte	0x40
 359 0268 07       		.uleb128 0x7
 360 0269 C4030000 		.4byte	.LASF52
 361 026d 04       		.byte	0x4
 362 026e 5A       		.byte	0x5a
 363 026f A2000000 		.4byte	0xa2
 364 0273 41       		.byte	0x41
 365 0274 07       		.uleb128 0x7
 366 0275 F8040000 		.4byte	.LASF53
 367 0279 04       		.byte	0x4
 368 027a 5B       		.byte	0x5b
 369 027b A2000000 		.4byte	0xa2
 370 027f 42       		.byte	0x42
 371 0280 07       		.uleb128 0x7
 372 0281 B3060000 		.4byte	.LASF54
 373 0285 04       		.byte	0x4
 374 0286 5C       		.byte	0x5c
 375 0287 A2000000 		.4byte	0xa2
 376 028b 43       		.byte	0x43
 377 028c 07       		.uleb128 0x7
 378 028d 28030000 		.4byte	.LASF55
 379 0291 04       		.byte	0x4
 380 0292 5D       		.byte	0x5d
 381 0293 A2000000 		.4byte	0xa2
 382 0297 44       		.byte	0x44
 383 0298 07       		.uleb128 0x7
 384 0299 12000000 		.4byte	.LASF56
ARM GAS  C:\Users\admin\AppData\Local\Temp\ccNUb9RO.s 			page 8


 385 029d 04       		.byte	0x4
 386 029e 5E       		.byte	0x5e
 387 029f CE000000 		.4byte	0xce
 388 02a3 48       		.byte	0x48
 389 02a4 07       		.uleb128 0x7
 390 02a5 11030000 		.4byte	.LASF57
 391 02a9 04       		.byte	0x4
 392 02aa 5F       		.byte	0x5f
 393 02ab CE000000 		.4byte	0xce
 394 02af 4C       		.byte	0x4c
 395 02b0 07       		.uleb128 0x7
 396 02b1 540C0000 		.4byte	.LASF58
 397 02b5 04       		.byte	0x4
 398 02b6 60       		.byte	0x60
 399 02b7 A2000000 		.4byte	0xa2
 400 02bb 50       		.byte	0x50
 401 02bc 07       		.uleb128 0x7
 402 02bd B5010000 		.4byte	.LASF59
 403 02c1 04       		.byte	0x4
 404 02c2 61       		.byte	0x61
 405 02c3 A2000000 		.4byte	0xa2
 406 02c7 51       		.byte	0x51
 407 02c8 07       		.uleb128 0x7
 408 02c9 610B0000 		.4byte	.LASF60
 409 02cd 04       		.byte	0x4
 410 02ce 62       		.byte	0x62
 411 02cf A2000000 		.4byte	0xa2
 412 02d3 52       		.byte	0x52
 413 02d4 07       		.uleb128 0x7
 414 02d5 B9090000 		.4byte	.LASF61
 415 02d9 04       		.byte	0x4
 416 02da 63       		.byte	0x63
 417 02db A2000000 		.4byte	0xa2
 418 02df 53       		.byte	0x53
 419 02e0 07       		.uleb128 0x7
 420 02e1 FA080000 		.4byte	.LASF62
 421 02e5 04       		.byte	0x4
 422 02e6 64       		.byte	0x64
 423 02e7 A2000000 		.4byte	0xa2
 424 02eb 54       		.byte	0x54
 425 02ec 07       		.uleb128 0x7
 426 02ed EF010000 		.4byte	.LASF63
 427 02f1 04       		.byte	0x4
 428 02f2 65       		.byte	0x65
 429 02f3 A2000000 		.4byte	0xa2
 430 02f7 55       		.byte	0x55
 431 02f8 07       		.uleb128 0x7
 432 02f9 80040000 		.4byte	.LASF64
 433 02fd 04       		.byte	0x4
 434 02fe 66       		.byte	0x66
 435 02ff A2000000 		.4byte	0xa2
 436 0303 56       		.byte	0x56
 437 0304 07       		.uleb128 0x7
 438 0305 7C080000 		.4byte	.LASF65
 439 0309 04       		.byte	0x4
 440 030a 67       		.byte	0x67
 441 030b A2000000 		.4byte	0xa2
ARM GAS  C:\Users\admin\AppData\Local\Temp\ccNUb9RO.s 			page 9


 442 030f 57       		.byte	0x57
 443 0310 07       		.uleb128 0x7
 444 0311 36000000 		.4byte	.LASF66
 445 0315 04       		.byte	0x4
 446 0316 68       		.byte	0x68
 447 0317 A2000000 		.4byte	0xa2
 448 031b 58       		.byte	0x58
 449 031c 07       		.uleb128 0x7
 450 031d 39080000 		.4byte	.LASF67
 451 0321 04       		.byte	0x4
 452 0322 69       		.byte	0x69
 453 0323 A2000000 		.4byte	0xa2
 454 0327 59       		.byte	0x59
 455 0328 07       		.uleb128 0x7
 456 0329 47060000 		.4byte	.LASF68
 457 032d 04       		.byte	0x4
 458 032e 6E       		.byte	0x6e
 459 032f B8000000 		.4byte	0xb8
 460 0333 5A       		.byte	0x5a
 461 0334 07       		.uleb128 0x7
 462 0335 0D0A0000 		.4byte	.LASF69
 463 0339 04       		.byte	0x4
 464 033a 6F       		.byte	0x6f
 465 033b B8000000 		.4byte	0xb8
 466 033f 5C       		.byte	0x5c
 467 0340 07       		.uleb128 0x7
 468 0341 89000000 		.4byte	.LASF70
 469 0345 04       		.byte	0x4
 470 0346 70       		.byte	0x70
 471 0347 A2000000 		.4byte	0xa2
 472 034b 5E       		.byte	0x5e
 473 034c 07       		.uleb128 0x7
 474 034d E7070000 		.4byte	.LASF71
 475 0351 04       		.byte	0x4
 476 0352 71       		.byte	0x71
 477 0353 A2000000 		.4byte	0xa2
 478 0357 5F       		.byte	0x5f
 479 0358 07       		.uleb128 0x7
 480 0359 A2060000 		.4byte	.LASF72
 481 035d 04       		.byte	0x4
 482 035e 72       		.byte	0x72
 483 035f A2000000 		.4byte	0xa2
 484 0363 60       		.byte	0x60
 485 0364 07       		.uleb128 0x7
 486 0365 C0070000 		.4byte	.LASF73
 487 0369 04       		.byte	0x4
 488 036a 73       		.byte	0x73
 489 036b CE000000 		.4byte	0xce
 490 036f 64       		.byte	0x64
 491 0370 07       		.uleb128 0x7
 492 0371 6B010000 		.4byte	.LASF74
 493 0375 04       		.byte	0x4
 494 0376 76       		.byte	0x76
 495 0377 B8000000 		.4byte	0xb8
 496 037b 68       		.byte	0x68
 497 037c 07       		.uleb128 0x7
 498 037d 6E040000 		.4byte	.LASF75
ARM GAS  C:\Users\admin\AppData\Local\Temp\ccNUb9RO.s 			page 10


 499 0381 04       		.byte	0x4
 500 0382 77       		.byte	0x77
 501 0383 B8000000 		.4byte	0xb8
 502 0387 6A       		.byte	0x6a
 503 0388 07       		.uleb128 0x7
 504 0389 38050000 		.4byte	.LASF76
 505 038d 04       		.byte	0x4
 506 038e 78       		.byte	0x78
 507 038f B8000000 		.4byte	0xb8
 508 0393 6C       		.byte	0x6c
 509 0394 07       		.uleb128 0x7
 510 0395 6C050000 		.4byte	.LASF77
 511 0399 04       		.byte	0x4
 512 039a 79       		.byte	0x79
 513 039b B8000000 		.4byte	0xb8
 514 039f 6E       		.byte	0x6e
 515 03a0 07       		.uleb128 0x7
 516 03a1 68080000 		.4byte	.LASF78
 517 03a5 04       		.byte	0x4
 518 03a6 7B       		.byte	0x7b
 519 03a7 A2000000 		.4byte	0xa2
 520 03ab 70       		.byte	0x70
 521 03ac 07       		.uleb128 0x7
 522 03ad 37020000 		.4byte	.LASF79
 523 03b1 04       		.byte	0x4
 524 03b2 7C       		.byte	0x7c
 525 03b3 A2000000 		.4byte	0xa2
 526 03b7 71       		.byte	0x71
 527 03b8 07       		.uleb128 0x7
 528 03b9 1B0C0000 		.4byte	.LASF80
 529 03bd 04       		.byte	0x4
 530 03be 7D       		.byte	0x7d
 531 03bf A2000000 		.4byte	0xa2
 532 03c3 72       		.byte	0x72
 533 03c4 07       		.uleb128 0x7
 534 03c5 7D060000 		.4byte	.LASF81
 535 03c9 04       		.byte	0x4
 536 03ca 7E       		.byte	0x7e
 537 03cb A2000000 		.4byte	0xa2
 538 03cf 73       		.byte	0x73
 539 03d0 07       		.uleb128 0x7
 540 03d1 81030000 		.4byte	.LASF82
 541 03d5 04       		.byte	0x4
 542 03d6 80       		.byte	0x80
 543 03d7 B8000000 		.4byte	0xb8
 544 03db 74       		.byte	0x74
 545 03dc 07       		.uleb128 0x7
 546 03dd 82090000 		.4byte	.LASF83
 547 03e1 04       		.byte	0x4
 548 03e2 81       		.byte	0x81
 549 03e3 B8000000 		.4byte	0xb8
 550 03e7 76       		.byte	0x76
 551 03e8 07       		.uleb128 0x7
 552 03e9 4B030000 		.4byte	.LASF84
 553 03ed 04       		.byte	0x4
 554 03ee 82       		.byte	0x82
 555 03ef B8000000 		.4byte	0xb8
ARM GAS  C:\Users\admin\AppData\Local\Temp\ccNUb9RO.s 			page 11


 556 03f3 78       		.byte	0x78
 557 03f4 07       		.uleb128 0x7
 558 03f5 D2000000 		.4byte	.LASF85
 559 03f9 04       		.byte	0x4
 560 03fa 83       		.byte	0x83
 561 03fb B8000000 		.4byte	0xb8
 562 03ff 7A       		.byte	0x7a
 563 0400 07       		.uleb128 0x7
 564 0401 8E0B0000 		.4byte	.LASF86
 565 0405 04       		.byte	0x4
 566 0406 86       		.byte	0x86
 567 0407 A2000000 		.4byte	0xa2
 568 040b 7C       		.byte	0x7c
 569 040c 07       		.uleb128 0x7
 570 040d BF0A0000 		.4byte	.LASF87
 571 0411 04       		.byte	0x4
 572 0412 87       		.byte	0x87
 573 0413 A2000000 		.4byte	0xa2
 574 0417 7D       		.byte	0x7d
 575 0418 07       		.uleb128 0x7
 576 0419 4A000000 		.4byte	.LASF88
 577 041d 04       		.byte	0x4
 578 041e 88       		.byte	0x88
 579 041f A2000000 		.4byte	0xa2
 580 0423 7E       		.byte	0x7e
 581 0424 07       		.uleb128 0x7
 582 0425 93030000 		.4byte	.LASF89
 583 0429 04       		.byte	0x4
 584 042a 89       		.byte	0x89
 585 042b A2000000 		.4byte	0xa2
 586 042f 7F       		.byte	0x7f
 587 0430 07       		.uleb128 0x7
 588 0431 17040000 		.4byte	.LASF90
 589 0435 04       		.byte	0x4
 590 0436 8A       		.byte	0x8a
 591 0437 A2000000 		.4byte	0xa2
 592 043b 80       		.byte	0x80
 593 043c 07       		.uleb128 0x7
 594 043d A80A0000 		.4byte	.LASF91
 595 0441 04       		.byte	0x4
 596 0442 8D       		.byte	0x8d
 597 0443 CE000000 		.4byte	0xce
 598 0447 84       		.byte	0x84
 599 0448 07       		.uleb128 0x7
 600 0449 E7000000 		.4byte	.LASF92
 601 044d 04       		.byte	0x4
 602 044e 8E       		.byte	0x8e
 603 044f CE000000 		.4byte	0xce
 604 0453 88       		.byte	0x88
 605 0454 07       		.uleb128 0x7
 606 0455 790B0000 		.4byte	.LASF93
 607 0459 04       		.byte	0x4
 608 045a 8F       		.byte	0x8f
 609 045b CE000000 		.4byte	0xce
 610 045f 8C       		.byte	0x8c
 611 0460 07       		.uleb128 0x7
 612 0461 0D060000 		.4byte	.LASF94
ARM GAS  C:\Users\admin\AppData\Local\Temp\ccNUb9RO.s 			page 12


 613 0465 04       		.byte	0x4
 614 0466 90       		.byte	0x90
 615 0467 CE000000 		.4byte	0xce
 616 046b 90       		.byte	0x90
 617 046c 07       		.uleb128 0x7
 618 046d E7030000 		.4byte	.LASF95
 619 0471 04       		.byte	0x4
 620 0472 91       		.byte	0x91
 621 0473 CE000000 		.4byte	0xce
 622 0477 94       		.byte	0x94
 623 0478 07       		.uleb128 0x7
 624 0479 C5050000 		.4byte	.LASF96
 625 047d 04       		.byte	0x4
 626 047e 92       		.byte	0x92
 627 047f CE000000 		.4byte	0xce
 628 0483 98       		.byte	0x98
 629 0484 07       		.uleb128 0x7
 630 0485 E40B0000 		.4byte	.LASF97
 631 0489 04       		.byte	0x4
 632 048a 93       		.byte	0x93
 633 048b CE000000 		.4byte	0xce
 634 048f 9C       		.byte	0x9c
 635 0490 07       		.uleb128 0x7
 636 0491 85010000 		.4byte	.LASF98
 637 0495 04       		.byte	0x4
 638 0496 94       		.byte	0x94
 639 0497 CE000000 		.4byte	0xce
 640 049b A0       		.byte	0xa0
 641 049c 07       		.uleb128 0x7
 642 049d 83020000 		.4byte	.LASF99
 643 04a1 04       		.byte	0x4
 644 04a2 95       		.byte	0x95
 645 04a3 B8000000 		.4byte	0xb8
 646 04a7 A4       		.byte	0xa4
 647 04a8 07       		.uleb128 0x7
 648 04a9 3E0B0000 		.4byte	.LASF100
 649 04ad 04       		.byte	0x4
 650 04ae 96       		.byte	0x96
 651 04af B8000000 		.4byte	0xb8
 652 04b3 A6       		.byte	0xa6
 653 04b4 07       		.uleb128 0x7
 654 04b5 DB070000 		.4byte	.LASF101
 655 04b9 04       		.byte	0x4
 656 04ba 97       		.byte	0x97
 657 04bb B8000000 		.4byte	0xb8
 658 04bf A8       		.byte	0xa8
 659 04c0 07       		.uleb128 0x7
 660 04c1 5D090000 		.4byte	.LASF102
 661 04c5 04       		.byte	0x4
 662 04c6 98       		.byte	0x98
 663 04c7 B8000000 		.4byte	0xb8
 664 04cb AA       		.byte	0xaa
 665 04cc 07       		.uleb128 0x7
 666 04cd 47050000 		.4byte	.LASF103
 667 04d1 04       		.byte	0x4
 668 04d2 99       		.byte	0x99
 669 04d3 B8000000 		.4byte	0xb8
ARM GAS  C:\Users\admin\AppData\Local\Temp\ccNUb9RO.s 			page 13


 670 04d7 AC       		.byte	0xac
 671 04d8 07       		.uleb128 0x7
 672 04d9 94060000 		.4byte	.LASF104
 673 04dd 04       		.byte	0x4
 674 04de 9A       		.byte	0x9a
 675 04df B8000000 		.4byte	0xb8
 676 04e3 AE       		.byte	0xae
 677 04e4 07       		.uleb128 0x7
 678 04e5 200A0000 		.4byte	.LASF105
 679 04e9 04       		.byte	0x4
 680 04ea 9D       		.byte	0x9d
 681 04eb B8000000 		.4byte	0xb8
 682 04ef B0       		.byte	0xb0
 683 04f0 07       		.uleb128 0x7
 684 04f1 67000000 		.4byte	.LASF106
 685 04f5 04       		.byte	0x4
 686 04f6 9E       		.byte	0x9e
 687 04f7 CE000000 		.4byte	0xce
 688 04fb B4       		.byte	0xb4
 689 04fc 00       		.byte	0
 690 04fd 03       		.uleb128 0x3
 691 04fe 8B050000 		.4byte	.LASF107
 692 0502 04       		.byte	0x4
 693 0503 9F       		.byte	0x9f
 694 0504 EC000000 		.4byte	0xec
 695 0508 02       		.uleb128 0x2
 696 0509 01       		.byte	0x1
 697 050a 08       		.byte	0x8
 698 050b 41090000 		.4byte	.LASF108
 699 050f 02       		.uleb128 0x2
 700 0510 04       		.byte	0x4
 701 0511 04       		.byte	0x4
 702 0512 A8070000 		.4byte	.LASF109
 703 0516 02       		.uleb128 0x2
 704 0517 08       		.byte	0x8
 705 0518 04       		.byte	0x4
 706 0519 44030000 		.4byte	.LASF110
 707 051d 08       		.uleb128 0x8
 708 051e 04       		.byte	0x4
 709 051f 02       		.uleb128 0x2
 710 0520 01       		.byte	0x1
 711 0521 02       		.byte	0x2
 712 0522 1D080000 		.4byte	.LASF111
 713 0526 09       		.uleb128 0x9
 714 0527 01       		.byte	0x1
 715 0528 3E000000 		.4byte	0x3e
 716 052c 05       		.byte	0x5
 717 052d 2402     		.2byte	0x224
 718 052f 40050000 		.4byte	0x540
 719 0533 0A       		.uleb128 0xa
 720 0534 0E080000 		.4byte	.LASF112
 721 0538 00       		.byte	0
 722 0539 0A       		.uleb128 0xa
 723 053a 02030000 		.4byte	.LASF113
 724 053e 01       		.byte	0x1
 725 053f 00       		.byte	0
 726 0540 0B       		.uleb128 0xb
ARM GAS  C:\Users\admin\AppData\Local\Temp\ccNUb9RO.s 			page 14


 727 0541 260B0000 		.4byte	.LASF114
 728 0545 05       		.byte	0x5
 729 0546 2702     		.2byte	0x227
 730 0548 26050000 		.4byte	0x526
 731 054c 0B       		.uleb128 0xb
 732 054d CF020000 		.4byte	.LASF115
 733 0551 05       		.byte	0x5
 734 0552 3902     		.2byte	0x239
 735 0554 58050000 		.4byte	0x558
 736 0558 0C       		.uleb128 0xc
 737 0559 04       		.byte	0x4
 738 055a 5E050000 		.4byte	0x55e
 739 055e 0D       		.uleb128 0xd
 740 055f 69050000 		.4byte	0x569
 741 0563 0E       		.uleb128 0xe
 742 0564 CE000000 		.4byte	0xce
 743 0568 00       		.byte	0
 744 0569 0B       		.uleb128 0xb
 745 056a AD080000 		.4byte	.LASF116
 746 056e 05       		.byte	0x5
 747 056f 4402     		.2byte	0x244
 748 0571 75050000 		.4byte	0x575
 749 0575 0C       		.uleb128 0xc
 750 0576 04       		.byte	0x4
 751 0577 7B050000 		.4byte	0x57b
 752 057b 0F       		.uleb128 0xf
 753 057c 40050000 		.4byte	0x540
 754 0580 8A050000 		.4byte	0x58a
 755 0584 0E       		.uleb128 0xe
 756 0585 CE000000 		.4byte	0xce
 757 0589 00       		.byte	0
 758 058a 10       		.uleb128 0x10
 759 058b D8010000 		.4byte	.LASF140
 760 058f 4C       		.byte	0x4c
 761 0590 05       		.byte	0x5
 762 0591 C302     		.2byte	0x2c3
 763 0593 A9060000 		.4byte	0x6a9
 764 0597 11       		.uleb128 0x11
 765 0598 2E0A0000 		.4byte	.LASF117
 766 059c 05       		.byte	0x5
 767 059d C602     		.2byte	0x2c6
 768 059f 1F050000 		.4byte	0x51f
 769 05a3 00       		.byte	0
 770 05a4 11       		.uleb128 0x11
 771 05a5 0D050000 		.4byte	.LASF118
 772 05a9 05       		.byte	0x5
 773 05aa C702     		.2byte	0x2c7
 774 05ac 1F050000 		.4byte	0x51f
 775 05b0 01       		.byte	0x1
 776 05b1 11       		.uleb128 0x11
 777 05b2 C9020000 		.4byte	.LASF119
 778 05b6 05       		.byte	0x5
 779 05b7 C902     		.2byte	0x2c9
 780 05b9 E0000000 		.4byte	0xe0
 781 05bd 04       		.byte	0x4
 782 05be 11       		.uleb128 0x11
 783 05bf 9B010000 		.4byte	.LASF120
ARM GAS  C:\Users\admin\AppData\Local\Temp\ccNUb9RO.s 			page 15


 784 05c3 05       		.byte	0x5
 785 05c4 CB02     		.2byte	0x2cb
 786 05c6 E0000000 		.4byte	0xe0
 787 05ca 08       		.byte	0x8
 788 05cb 11       		.uleb128 0x11
 789 05cc 90080000 		.4byte	.LASF121
 790 05d0 05       		.byte	0x5
 791 05d1 CC02     		.2byte	0x2cc
 792 05d3 1F050000 		.4byte	0x51f
 793 05d7 0C       		.byte	0xc
 794 05d8 11       		.uleb128 0x11
 795 05d9 F6020000 		.4byte	.LASF122
 796 05dd 05       		.byte	0x5
 797 05de CD02     		.2byte	0x2cd
 798 05e0 1F050000 		.4byte	0x51f
 799 05e4 0D       		.byte	0xd
 800 05e5 11       		.uleb128 0x11
 801 05e6 9F090000 		.4byte	.LASF123
 802 05ea 05       		.byte	0x5
 803 05eb CF02     		.2byte	0x2cf
 804 05ed A9060000 		.4byte	0x6a9
 805 05f1 10       		.byte	0x10
 806 05f2 11       		.uleb128 0x11
 807 05f3 57080000 		.4byte	.LASF124
 808 05f7 05       		.byte	0x5
 809 05f8 D002     		.2byte	0x2d0
 810 05fa CE000000 		.4byte	0xce
 811 05fe 14       		.byte	0x14
 812 05ff 11       		.uleb128 0x11
 813 0600 5C060000 		.4byte	.LASF125
 814 0604 05       		.byte	0x5
 815 0605 D102     		.2byte	0x2d1
 816 0607 E0000000 		.4byte	0xe0
 817 060b 18       		.byte	0x18
 818 060c 11       		.uleb128 0x11
 819 060d DA080000 		.4byte	.LASF126
 820 0611 05       		.byte	0x5
 821 0612 D202     		.2byte	0x2d2
 822 0614 E0000000 		.4byte	0xe0
 823 0618 1C       		.byte	0x1c
 824 0619 11       		.uleb128 0x11
 825 061a C6000000 		.4byte	.LASF127
 826 061e 05       		.byte	0x5
 827 061f D402     		.2byte	0x2d4
 828 0621 E0000000 		.4byte	0xe0
 829 0625 20       		.byte	0x20
 830 0626 11       		.uleb128 0x11
 831 0627 5E040000 		.4byte	.LASF128
 832 062b 05       		.byte	0x5
 833 062c D502     		.2byte	0x2d5
 834 062e AF060000 		.4byte	0x6af
 835 0632 24       		.byte	0x24
 836 0633 11       		.uleb128 0x11
 837 0634 DE0A0000 		.4byte	.LASF129
 838 0638 05       		.byte	0x5
 839 0639 D702     		.2byte	0x2d7
 840 063b A9060000 		.4byte	0x6a9
ARM GAS  C:\Users\admin\AppData\Local\Temp\ccNUb9RO.s 			page 16


 841 063f 28       		.byte	0x28
 842 0640 11       		.uleb128 0x11
 843 0641 EC0A0000 		.4byte	.LASF130
 844 0645 05       		.byte	0x5
 845 0646 D802     		.2byte	0x2d8
 846 0648 CE000000 		.4byte	0xce
 847 064c 2C       		.byte	0x2c
 848 064d 11       		.uleb128 0x11
 849 064e 44040000 		.4byte	.LASF131
 850 0652 05       		.byte	0x5
 851 0653 D902     		.2byte	0x2d9
 852 0655 E0000000 		.4byte	0xe0
 853 0659 30       		.byte	0x30
 854 065a 11       		.uleb128 0x11
 855 065b E9080000 		.4byte	.LASF132
 856 065f 05       		.byte	0x5
 857 0660 DA02     		.2byte	0x2da
 858 0662 E0000000 		.4byte	0xe0
 859 0666 34       		.byte	0x34
 860 0667 11       		.uleb128 0x11
 861 0668 DB050000 		.4byte	.LASF133
 862 066c 05       		.byte	0x5
 863 066d DC02     		.2byte	0x2dc
 864 066f A9060000 		.4byte	0x6a9
 865 0673 38       		.byte	0x38
 866 0674 11       		.uleb128 0x11
 867 0675 71020000 		.4byte	.LASF134
 868 0679 05       		.byte	0x5
 869 067a DD02     		.2byte	0x2dd
 870 067c CE000000 		.4byte	0xce
 871 0680 3C       		.byte	0x3c
 872 0681 11       		.uleb128 0x11
 873 0682 C7010000 		.4byte	.LASF135
 874 0686 05       		.byte	0x5
 875 0687 DE02     		.2byte	0x2de
 876 0689 E0000000 		.4byte	0xe0
 877 068d 40       		.byte	0x40
 878 068e 11       		.uleb128 0x11
 879 068f 63050000 		.4byte	.LASF136
 880 0693 05       		.byte	0x5
 881 0694 E402     		.2byte	0x2e4
 882 0696 4C050000 		.4byte	0x54c
 883 069a 44       		.byte	0x44
 884 069b 11       		.uleb128 0x11
 885 069c A7030000 		.4byte	.LASF137
 886 06a0 05       		.byte	0x5
 887 06a1 EB02     		.2byte	0x2eb
 888 06a3 69050000 		.4byte	0x569
 889 06a7 48       		.byte	0x48
 890 06a8 00       		.byte	0
 891 06a9 0C       		.uleb128 0xc
 892 06aa 04       		.byte	0x4
 893 06ab A2000000 		.4byte	0xa2
 894 06af 05       		.uleb128 0x5
 895 06b0 1F050000 		.4byte	0x51f
 896 06b4 0B       		.uleb128 0xb
 897 06b5 13090000 		.4byte	.LASF138
ARM GAS  C:\Users\admin\AppData\Local\Temp\ccNUb9RO.s 			page 17


 898 06b9 05       		.byte	0x5
 899 06ba EE02     		.2byte	0x2ee
 900 06bc 8A050000 		.4byte	0x58a
 901 06c0 0B       		.uleb128 0xb
 902 06c1 B8040000 		.4byte	.LASF139
 903 06c5 06       		.byte	0x6
 904 06c6 D901     		.2byte	0x1d9
 905 06c8 58050000 		.4byte	0x558
 906 06cc 10       		.uleb128 0x10
 907 06cd 310C0000 		.4byte	.LASF141
 908 06d1 38       		.byte	0x38
 909 06d2 06       		.byte	0x6
 910 06d3 7502     		.2byte	0x275
 911 06d5 90070000 		.4byte	0x790
 912 06d9 11       		.uleb128 0x11
 913 06da 04050000 		.4byte	.LASF142
 914 06de 06       		.byte	0x6
 915 06df 7802     		.2byte	0x278
 916 06e1 E0000000 		.4byte	0xe0
 917 06e5 00       		.byte	0
 918 06e6 11       		.uleb128 0x11
 919 06e7 BE060000 		.4byte	.LASF143
 920 06eb 06       		.byte	0x6
 921 06ec 7902     		.2byte	0x279
 922 06ee E0000000 		.4byte	0xe0
 923 06f2 04       		.byte	0x4
 924 06f3 11       		.uleb128 0x11
 925 06f4 7B010000 		.4byte	.LASF144
 926 06f8 06       		.byte	0x6
 927 06f9 7B02     		.2byte	0x27b
 928 06fb 1D050000 		.4byte	0x51d
 929 06ff 08       		.byte	0x8
 930 0700 11       		.uleb128 0x11
 931 0701 E0090000 		.4byte	.LASF145
 932 0705 06       		.byte	0x6
 933 0706 7C02     		.2byte	0x27c
 934 0708 CE000000 		.4byte	0xce
 935 070c 0C       		.byte	0xc
 936 070d 11       		.uleb128 0x11
 937 070e B7050000 		.4byte	.LASF146
 938 0712 06       		.byte	0x6
 939 0713 7D02     		.2byte	0x27d
 940 0715 E0000000 		.4byte	0xe0
 941 0719 10       		.byte	0x10
 942 071a 11       		.uleb128 0x11
 943 071b CD0B0000 		.4byte	.LASF147
 944 071f 06       		.byte	0x6
 945 0720 7E02     		.2byte	0x27e
 946 0722 E0000000 		.4byte	0xe0
 947 0726 14       		.byte	0x14
 948 0727 11       		.uleb128 0x11
 949 0728 D80A0000 		.4byte	.LASF148
 950 072c 06       		.byte	0x6
 951 072d 8002     		.2byte	0x280
 952 072f 1D050000 		.4byte	0x51d
 953 0733 18       		.byte	0x18
 954 0734 11       		.uleb128 0x11
ARM GAS  C:\Users\admin\AppData\Local\Temp\ccNUb9RO.s 			page 18


 955 0735 2C000000 		.4byte	.LASF149
 956 0739 06       		.byte	0x6
 957 073a 8102     		.2byte	0x281
 958 073c CE000000 		.4byte	0xce
 959 0740 1C       		.byte	0x1c
 960 0741 11       		.uleb128 0x11
 961 0742 DE030000 		.4byte	.LASF150
 962 0746 06       		.byte	0x6
 963 0747 8202     		.2byte	0x282
 964 0749 E0000000 		.4byte	0xe0
 965 074d 20       		.byte	0x20
 966 074e 11       		.uleb128 0x11
 967 074f 85050000 		.4byte	.LASF151
 968 0753 06       		.byte	0x6
 969 0754 8402     		.2byte	0x284
 970 0756 1D050000 		.4byte	0x51d
 971 075a 24       		.byte	0x24
 972 075b 11       		.uleb128 0x11
 973 075c FC030000 		.4byte	.LASF152
 974 0760 06       		.byte	0x6
 975 0761 8502     		.2byte	0x285
 976 0763 CE000000 		.4byte	0xce
 977 0767 28       		.byte	0x28
 978 0768 11       		.uleb128 0x11
 979 0769 4C020000 		.4byte	.LASF153
 980 076d 06       		.byte	0x6
 981 076e 8602     		.2byte	0x286
 982 0770 E0000000 		.4byte	0xe0
 983 0774 2C       		.byte	0x2c
 984 0775 11       		.uleb128 0x11
 985 0776 63050000 		.4byte	.LASF136
 986 077a 06       		.byte	0x6
 987 077b 8B02     		.2byte	0x28b
 988 077d C0060000 		.4byte	0x6c0
 989 0781 30       		.byte	0x30
 990 0782 11       		.uleb128 0x11
 991 0783 D00A0000 		.4byte	.LASF154
 992 0787 06       		.byte	0x6
 993 0788 8E02     		.2byte	0x28e
 994 078a CE000000 		.4byte	0xce
 995 078e 34       		.byte	0x34
 996 078f 00       		.byte	0
 997 0790 0B       		.uleb128 0xb
 998 0791 FE0A0000 		.4byte	.LASF155
 999 0795 06       		.byte	0x6
 1000 0796 9102     		.2byte	0x291
 1001 0798 CC060000 		.4byte	0x6cc
 1002 079c 12       		.uleb128 0x12
 1003 079d 22060000 		.4byte	.LASF156
 1004 07a1 4C       		.byte	0x4c
 1005 07a2 07       		.byte	0x7
 1006 07a3 2F       		.byte	0x2f
 1007 07a4 8D080000 		.4byte	0x88d
 1008 07a8 07       		.uleb128 0x7
 1009 07a9 25010000 		.4byte	.LASF157
 1010 07ad 07       		.byte	0x7
 1011 07ae 31       		.byte	0x31
ARM GAS  C:\Users\admin\AppData\Local\Temp\ccNUb9RO.s 			page 19


 1012 07af CE000000 		.4byte	0xce
 1013 07b3 00       		.byte	0
 1014 07b4 07       		.uleb128 0x7
 1015 07b5 5C010000 		.4byte	.LASF158
 1016 07b9 07       		.byte	0x7
 1017 07ba 33       		.byte	0x33
 1018 07bb CE000000 		.4byte	0xce
 1019 07bf 04       		.byte	0x4
 1020 07c0 07       		.uleb128 0x7
 1021 07c1 24000000 		.4byte	.LASF159
 1022 07c5 07       		.byte	0x7
 1023 07c6 34       		.byte	0x34
 1024 07c7 CE000000 		.4byte	0xce
 1025 07cb 08       		.byte	0x8
 1026 07cc 07       		.uleb128 0x7
 1027 07cd FE000000 		.4byte	.LASF160
 1028 07d1 07       		.byte	0x7
 1029 07d2 35       		.byte	0x35
 1030 07d3 CE000000 		.4byte	0xce
 1031 07d7 0C       		.byte	0xc
 1032 07d8 07       		.uleb128 0x7
 1033 07d9 C9080000 		.4byte	.LASF161
 1034 07dd 07       		.byte	0x7
 1035 07de 37       		.byte	0x37
 1036 07df CE000000 		.4byte	0xce
 1037 07e3 10       		.byte	0x10
 1038 07e4 07       		.uleb128 0x7
 1039 07e5 2C090000 		.4byte	.LASF162
 1040 07e9 07       		.byte	0x7
 1041 07ea 38       		.byte	0x38
 1042 07eb CE000000 		.4byte	0xce
 1043 07ef 14       		.byte	0x14
 1044 07f0 07       		.uleb128 0x7
 1045 07f1 DB0B0000 		.4byte	.LASF163
 1046 07f5 07       		.byte	0x7
 1047 07f6 39       		.byte	0x39
 1048 07f7 CE000000 		.4byte	0xce
 1049 07fb 18       		.byte	0x18
 1050 07fc 07       		.uleb128 0x7
 1051 07fd A6040000 		.4byte	.LASF164
 1052 0801 07       		.byte	0x7
 1053 0802 3A       		.byte	0x3a
 1054 0803 1F050000 		.4byte	0x51f
 1055 0807 1C       		.byte	0x1c
 1056 0808 07       		.uleb128 0x7
 1057 0809 06040000 		.4byte	.LASF165
 1058 080d 07       		.byte	0x7
 1059 080e 3C       		.byte	0x3c
 1060 080f CE000000 		.4byte	0xce
 1061 0813 20       		.byte	0x20
 1062 0814 07       		.uleb128 0x7
 1063 0815 70030000 		.4byte	.LASF166
 1064 0819 07       		.byte	0x7
 1065 081a 3D       		.byte	0x3d
 1066 081b CE000000 		.4byte	0xce
 1067 081f 24       		.byte	0x24
 1068 0820 07       		.uleb128 0x7
ARM GAS  C:\Users\admin\AppData\Local\Temp\ccNUb9RO.s 			page 20


 1069 0821 38010000 		.4byte	.LASF167
 1070 0825 07       		.byte	0x7
 1071 0826 3F       		.byte	0x3f
 1072 0827 CE000000 		.4byte	0xce
 1073 082b 28       		.byte	0x28
 1074 082c 07       		.uleb128 0x7
 1075 082d BD0B0000 		.4byte	.LASF168
 1076 0831 07       		.byte	0x7
 1077 0832 40       		.byte	0x40
 1078 0833 CE000000 		.4byte	0xce
 1079 0837 2C       		.byte	0x2c
 1080 0838 07       		.uleb128 0x7
 1081 0839 EE090000 		.4byte	.LASF169
 1082 083d 07       		.byte	0x7
 1083 083e 42       		.byte	0x42
 1084 083f CE000000 		.4byte	0xce
 1085 0843 30       		.byte	0x30
 1086 0844 07       		.uleb128 0x7
 1087 0845 380A0000 		.4byte	.LASF170
 1088 0849 07       		.byte	0x7
 1089 084a 43       		.byte	0x43
 1090 084b CE000000 		.4byte	0xce
 1091 084f 34       		.byte	0x34
 1092 0850 07       		.uleb128 0x7
 1093 0851 E9050000 		.4byte	.LASF171
 1094 0855 07       		.byte	0x7
 1095 0856 45       		.byte	0x45
 1096 0857 CE000000 		.4byte	0xce
 1097 085b 38       		.byte	0x38
 1098 085c 07       		.uleb128 0x7
 1099 085d 0D010000 		.4byte	.LASF172
 1100 0861 07       		.byte	0x7
 1101 0862 46       		.byte	0x46
 1102 0863 CE000000 		.4byte	0xce
 1103 0867 3C       		.byte	0x3c
 1104 0868 07       		.uleb128 0x7
 1105 0869 160A0000 		.4byte	.LASF173
 1106 086d 07       		.byte	0x7
 1107 086e 48       		.byte	0x48
 1108 086f CE000000 		.4byte	0xce
 1109 0873 40       		.byte	0x40
 1110 0874 07       		.uleb128 0x7
 1111 0875 FA0B0000 		.4byte	.LASF174
 1112 0879 07       		.byte	0x7
 1113 087a 49       		.byte	0x49
 1114 087b CE000000 		.4byte	0xce
 1115 087f 44       		.byte	0x44
 1116 0880 07       		.uleb128 0x7
 1117 0881 46090000 		.4byte	.LASF175
 1118 0885 07       		.byte	0x7
 1119 0886 4B       		.byte	0x4b
 1120 0887 CE000000 		.4byte	0xce
 1121 088b 48       		.byte	0x48
 1122 088c 00       		.byte	0
 1123 088d 03       		.uleb128 0x3
 1124 088e 19020000 		.4byte	.LASF176
 1125 0892 07       		.byte	0x7
ARM GAS  C:\Users\admin\AppData\Local\Temp\ccNUb9RO.s 			page 21


 1126 0893 4C       		.byte	0x4c
 1127 0894 9C070000 		.4byte	0x79c
 1128 0898 12       		.uleb128 0x12
 1129 0899 B1020000 		.4byte	.LASF177
 1130 089d 64       		.byte	0x64
 1131 089e 08       		.byte	0x8
 1132 089f 2F       		.byte	0x2f
 1133 08a0 D1090000 		.4byte	0x9d1
 1134 08a4 07       		.uleb128 0x7
 1135 08a5 A0070000 		.4byte	.LASF178
 1136 08a9 08       		.byte	0x8
 1137 08aa 31       		.byte	0x31
 1138 08ab CE000000 		.4byte	0xce
 1139 08af 00       		.byte	0
 1140 08b0 07       		.uleb128 0x7
 1141 08b1 5C010000 		.4byte	.LASF158
 1142 08b5 08       		.byte	0x8
 1143 08b6 33       		.byte	0x33
 1144 08b7 CE000000 		.4byte	0xce
 1145 08bb 04       		.byte	0x4
 1146 08bc 07       		.uleb128 0x7
 1147 08bd A1000000 		.4byte	.LASF179
 1148 08c1 08       		.byte	0x8
 1149 08c2 34       		.byte	0x34
 1150 08c3 CE000000 		.4byte	0xce
 1151 08c7 08       		.byte	0x8
 1152 08c8 07       		.uleb128 0x7
 1153 08c9 A8050000 		.4byte	.LASF180
 1154 08cd 08       		.byte	0x8
 1155 08ce 35       		.byte	0x35
 1156 08cf CE000000 		.4byte	0xce
 1157 08d3 0C       		.byte	0xc
 1158 08d4 07       		.uleb128 0x7
 1159 08d5 24000000 		.4byte	.LASF159
 1160 08d9 08       		.byte	0x8
 1161 08da 36       		.byte	0x36
 1162 08db CE000000 		.4byte	0xce
 1163 08df 10       		.byte	0x10
 1164 08e0 07       		.uleb128 0x7
 1165 08e1 540A0000 		.4byte	.LASF181
 1166 08e5 08       		.byte	0x8
 1167 08e6 37       		.byte	0x37
 1168 08e7 CE000000 		.4byte	0xce
 1169 08eb 14       		.byte	0x14
 1170 08ec 07       		.uleb128 0x7
 1171 08ed 5C0A0000 		.4byte	.LASF182
 1172 08f1 08       		.byte	0x8
 1173 08f2 38       		.byte	0x38
 1174 08f3 CE000000 		.4byte	0xce
 1175 08f7 18       		.byte	0x18
 1176 08f8 07       		.uleb128 0x7
 1177 08f9 9C080000 		.4byte	.LASF183
 1178 08fd 08       		.byte	0x8
 1179 08fe 39       		.byte	0x39
 1180 08ff 1F050000 		.4byte	0x51f
 1181 0903 1C       		.byte	0x1c
 1182 0904 07       		.uleb128 0x7
ARM GAS  C:\Users\admin\AppData\Local\Temp\ccNUb9RO.s 			page 22


 1183 0905 2C090000 		.4byte	.LASF162
 1184 0909 08       		.byte	0x8
 1185 090a 3A       		.byte	0x3a
 1186 090b CE000000 		.4byte	0xce
 1187 090f 20       		.byte	0x20
 1188 0910 07       		.uleb128 0x7
 1189 0911 DB0B0000 		.4byte	.LASF163
 1190 0915 08       		.byte	0x8
 1191 0916 3B       		.byte	0x3b
 1192 0917 CE000000 		.4byte	0xce
 1193 091b 24       		.byte	0x24
 1194 091c 07       		.uleb128 0x7
 1195 091d A6040000 		.4byte	.LASF164
 1196 0921 08       		.byte	0x8
 1197 0922 3C       		.byte	0x3c
 1198 0923 1F050000 		.4byte	0x51f
 1199 0927 28       		.byte	0x28
 1200 0928 07       		.uleb128 0x7
 1201 0929 06040000 		.4byte	.LASF165
 1202 092d 08       		.byte	0x8
 1203 092e 3E       		.byte	0x3e
 1204 092f CE000000 		.4byte	0xce
 1205 0933 2C       		.byte	0x2c
 1206 0934 07       		.uleb128 0x7
 1207 0935 9B050000 		.4byte	.LASF184
 1208 0939 08       		.byte	0x8
 1209 093a 3F       		.byte	0x3f
 1210 093b CE000000 		.4byte	0xce
 1211 093f 30       		.byte	0x30
 1212 0940 07       		.uleb128 0x7
 1213 0941 530B0000 		.4byte	.LASF185
 1214 0945 08       		.byte	0x8
 1215 0946 40       		.byte	0x40
 1216 0947 CE000000 		.4byte	0xce
 1217 094b 34       		.byte	0x34
 1218 094c 07       		.uleb128 0x7
 1219 094d FD070000 		.4byte	.LASF186
 1220 0951 08       		.byte	0x8
 1221 0952 41       		.byte	0x41
 1222 0953 CE000000 		.4byte	0xce
 1223 0957 38       		.byte	0x38
 1224 0958 07       		.uleb128 0x7
 1225 0959 17050000 		.4byte	.LASF187
 1226 095d 08       		.byte	0x8
 1227 095e 42       		.byte	0x42
 1228 095f CE000000 		.4byte	0xce
 1229 0963 3C       		.byte	0x3c
 1230 0964 07       		.uleb128 0x7
 1231 0965 52060000 		.4byte	.LASF188
 1232 0969 08       		.byte	0x8
 1233 096a 44       		.byte	0x44
 1234 096b CE000000 		.4byte	0xce
 1235 096f 40       		.byte	0x40
 1236 0970 07       		.uleb128 0x7
 1237 0971 BD0B0000 		.4byte	.LASF168
 1238 0975 08       		.byte	0x8
 1239 0976 45       		.byte	0x45
ARM GAS  C:\Users\admin\AppData\Local\Temp\ccNUb9RO.s 			page 23


 1240 0977 CE000000 		.4byte	0xce
 1241 097b 44       		.byte	0x44
 1242 097c 07       		.uleb128 0x7
 1243 097d EE090000 		.4byte	.LASF169
 1244 0981 08       		.byte	0x8
 1245 0982 47       		.byte	0x47
 1246 0983 CE000000 		.4byte	0xce
 1247 0987 48       		.byte	0x48
 1248 0988 07       		.uleb128 0x7
 1249 0989 380A0000 		.4byte	.LASF170
 1250 098d 08       		.byte	0x8
 1251 098e 48       		.byte	0x48
 1252 098f CE000000 		.4byte	0xce
 1253 0993 4C       		.byte	0x4c
 1254 0994 07       		.uleb128 0x7
 1255 0995 E9050000 		.4byte	.LASF171
 1256 0999 08       		.byte	0x8
 1257 099a 4A       		.byte	0x4a
 1258 099b CE000000 		.4byte	0xce
 1259 099f 50       		.byte	0x50
 1260 09a0 07       		.uleb128 0x7
 1261 09a1 55050000 		.4byte	.LASF189
 1262 09a5 08       		.byte	0x8
 1263 09a6 4B       		.byte	0x4b
 1264 09a7 CE000000 		.4byte	0xce
 1265 09ab 54       		.byte	0x54
 1266 09ac 07       		.uleb128 0x7
 1267 09ad 5D000000 		.4byte	.LASF190
 1268 09b1 08       		.byte	0x8
 1269 09b2 4D       		.byte	0x4d
 1270 09b3 CE000000 		.4byte	0xce
 1271 09b7 58       		.byte	0x58
 1272 09b8 07       		.uleb128 0x7
 1273 09b9 FA0B0000 		.4byte	.LASF174
 1274 09bd 08       		.byte	0x8
 1275 09be 4E       		.byte	0x4e
 1276 09bf CE000000 		.4byte	0xce
 1277 09c3 5C       		.byte	0x5c
 1278 09c4 07       		.uleb128 0x7
 1279 09c5 46090000 		.4byte	.LASF175
 1280 09c9 08       		.byte	0x8
 1281 09ca 50       		.byte	0x50
 1282 09cb CE000000 		.4byte	0xce
 1283 09cf 60       		.byte	0x60
 1284 09d0 00       		.byte	0
 1285 09d1 03       		.uleb128 0x3
 1286 09d2 A30B0000 		.4byte	.LASF191
 1287 09d6 08       		.byte	0x8
 1288 09d7 51       		.byte	0x51
 1289 09d8 98080000 		.4byte	0x898
 1290 09dc 13       		.uleb128 0x13
 1291 09dd 6B030000 		.4byte	.LASF201
 1292 09e1 01       		.byte	0x1
 1293 09e2 0E       		.byte	0xe
 1294 09e3 94000000 		.4byte	0x94
 1295 09e7 00000000 		.4byte	.LFB616
 1296 09eb 02000000 		.4byte	.LFE616-.LFB616
ARM GAS  C:\Users\admin\AppData\Local\Temp\ccNUb9RO.s 			page 24


 1297 09ef 01       		.uleb128 0x1
 1298 09f0 9C       		.byte	0x9c
 1299 09f1 14       		.uleb128 0x14
 1300 09f2 A8010000 		.4byte	.LASF192
 1301 09f6 09       		.byte	0x9
 1302 09f7 F907     		.2byte	0x7f9
 1303 09f9 FD090000 		.4byte	0x9fd
 1304 09fd 05       		.uleb128 0x5
 1305 09fe C3000000 		.4byte	0xc3
 1306 0a02 15       		.uleb128 0x15
 1307 0a03 D1070000 		.4byte	.LASF193
 1308 0a07 04       		.byte	0x4
 1309 0a08 A7       		.byte	0xa7
 1310 0a09 0D0A0000 		.4byte	0xa0d
 1311 0a0d 0C       		.uleb128 0xc
 1312 0a0e 04       		.byte	0x4
 1313 0a0f 130A0000 		.4byte	0xa13
 1314 0a13 16       		.uleb128 0x16
 1315 0a14 FD040000 		.4byte	0x4fd
 1316 0a18 15       		.uleb128 0x15
 1317 0a19 AE070000 		.4byte	.LASF194
 1318 0a1d 0A       		.byte	0xa
 1319 0a1e 7F       		.byte	0x7f
 1320 0a1f B4060000 		.4byte	0x6b4
 1321 0a23 15       		.uleb128 0x15
 1322 0a24 D7040000 		.4byte	.LASF195
 1323 0a28 0B       		.byte	0xb
 1324 0a29 87       		.byte	0x87
 1325 0a2a 90070000 		.4byte	0x790
 1326 0a2e 15       		.uleb128 0x15
 1327 0a2f 00000000 		.4byte	.LASF196
 1328 0a33 0C       		.byte	0xc
 1329 0a34 1F       		.byte	0x1f
 1330 0a35 390A0000 		.4byte	0xa39
 1331 0a39 16       		.uleb128 0x16
 1332 0a3a 8D080000 		.4byte	0x88d
 1333 0a3e 15       		.uleb128 0x15
 1334 0a3f 25050000 		.4byte	.LASF197
 1335 0a43 0D       		.byte	0xd
 1336 0a44 1F       		.byte	0x1f
 1337 0a45 490A0000 		.4byte	0xa49
 1338 0a49 16       		.uleb128 0x16
 1339 0a4a D1090000 		.4byte	0x9d1
 1340 0a4e 00       		.byte	0
 1341              		.section	.debug_abbrev,"",%progbits
 1342              	.Ldebug_abbrev0:
 1343 0000 01       		.uleb128 0x1
 1344 0001 11       		.uleb128 0x11
 1345 0002 01       		.byte	0x1
 1346 0003 25       		.uleb128 0x25
 1347 0004 0E       		.uleb128 0xe
 1348 0005 13       		.uleb128 0x13
 1349 0006 0B       		.uleb128 0xb
 1350 0007 03       		.uleb128 0x3
 1351 0008 0E       		.uleb128 0xe
 1352 0009 1B       		.uleb128 0x1b
 1353 000a 0E       		.uleb128 0xe
ARM GAS  C:\Users\admin\AppData\Local\Temp\ccNUb9RO.s 			page 25


 1354 000b 55       		.uleb128 0x55
 1355 000c 17       		.uleb128 0x17
 1356 000d 11       		.uleb128 0x11
 1357 000e 01       		.uleb128 0x1
 1358 000f 10       		.uleb128 0x10
 1359 0010 17       		.uleb128 0x17
 1360 0011 00       		.byte	0
 1361 0012 00       		.byte	0
 1362 0013 02       		.uleb128 0x2
 1363 0014 24       		.uleb128 0x24
 1364 0015 00       		.byte	0
 1365 0016 0B       		.uleb128 0xb
 1366 0017 0B       		.uleb128 0xb
 1367 0018 3E       		.uleb128 0x3e
 1368 0019 0B       		.uleb128 0xb
 1369 001a 03       		.uleb128 0x3
 1370 001b 0E       		.uleb128 0xe
 1371 001c 00       		.byte	0
 1372 001d 00       		.byte	0
 1373 001e 03       		.uleb128 0x3
 1374 001f 16       		.uleb128 0x16
 1375 0020 00       		.byte	0
 1376 0021 03       		.uleb128 0x3
 1377 0022 0E       		.uleb128 0xe
 1378 0023 3A       		.uleb128 0x3a
 1379 0024 0B       		.uleb128 0xb
 1380 0025 3B       		.uleb128 0x3b
 1381 0026 0B       		.uleb128 0xb
 1382 0027 49       		.uleb128 0x49
 1383 0028 13       		.uleb128 0x13
 1384 0029 00       		.byte	0
 1385 002a 00       		.byte	0
 1386 002b 04       		.uleb128 0x4
 1387 002c 24       		.uleb128 0x24
 1388 002d 00       		.byte	0
 1389 002e 0B       		.uleb128 0xb
 1390 002f 0B       		.uleb128 0xb
 1391 0030 3E       		.uleb128 0x3e
 1392 0031 0B       		.uleb128 0xb
 1393 0032 03       		.uleb128 0x3
 1394 0033 08       		.uleb128 0x8
 1395 0034 00       		.byte	0
 1396 0035 00       		.byte	0
 1397 0036 05       		.uleb128 0x5
 1398 0037 35       		.uleb128 0x35
 1399 0038 00       		.byte	0
 1400 0039 49       		.uleb128 0x49
 1401 003a 13       		.uleb128 0x13
 1402 003b 00       		.byte	0
 1403 003c 00       		.byte	0
 1404 003d 06       		.uleb128 0x6
 1405 003e 13       		.uleb128 0x13
 1406 003f 01       		.byte	0x1
 1407 0040 0B       		.uleb128 0xb
 1408 0041 0B       		.uleb128 0xb
 1409 0042 3A       		.uleb128 0x3a
 1410 0043 0B       		.uleb128 0xb
ARM GAS  C:\Users\admin\AppData\Local\Temp\ccNUb9RO.s 			page 26


 1411 0044 3B       		.uleb128 0x3b
 1412 0045 0B       		.uleb128 0xb
 1413 0046 01       		.uleb128 0x1
 1414 0047 13       		.uleb128 0x13
 1415 0048 00       		.byte	0
 1416 0049 00       		.byte	0
 1417 004a 07       		.uleb128 0x7
 1418 004b 0D       		.uleb128 0xd
 1419 004c 00       		.byte	0
 1420 004d 03       		.uleb128 0x3
 1421 004e 0E       		.uleb128 0xe
 1422 004f 3A       		.uleb128 0x3a
 1423 0050 0B       		.uleb128 0xb
 1424 0051 3B       		.uleb128 0x3b
 1425 0052 0B       		.uleb128 0xb
 1426 0053 49       		.uleb128 0x49
 1427 0054 13       		.uleb128 0x13
 1428 0055 38       		.uleb128 0x38
 1429 0056 0B       		.uleb128 0xb
 1430 0057 00       		.byte	0
 1431 0058 00       		.byte	0
 1432 0059 08       		.uleb128 0x8
 1433 005a 0F       		.uleb128 0xf
 1434 005b 00       		.byte	0
 1435 005c 0B       		.uleb128 0xb
 1436 005d 0B       		.uleb128 0xb
 1437 005e 00       		.byte	0
 1438 005f 00       		.byte	0
 1439 0060 09       		.uleb128 0x9
 1440 0061 04       		.uleb128 0x4
 1441 0062 01       		.byte	0x1
 1442 0063 0B       		.uleb128 0xb
 1443 0064 0B       		.uleb128 0xb
 1444 0065 49       		.uleb128 0x49
 1445 0066 13       		.uleb128 0x13
 1446 0067 3A       		.uleb128 0x3a
 1447 0068 0B       		.uleb128 0xb
 1448 0069 3B       		.uleb128 0x3b
 1449 006a 05       		.uleb128 0x5
 1450 006b 01       		.uleb128 0x1
 1451 006c 13       		.uleb128 0x13
 1452 006d 00       		.byte	0
 1453 006e 00       		.byte	0
 1454 006f 0A       		.uleb128 0xa
 1455 0070 28       		.uleb128 0x28
 1456 0071 00       		.byte	0
 1457 0072 03       		.uleb128 0x3
 1458 0073 0E       		.uleb128 0xe
 1459 0074 1C       		.uleb128 0x1c
 1460 0075 0B       		.uleb128 0xb
 1461 0076 00       		.byte	0
 1462 0077 00       		.byte	0
 1463 0078 0B       		.uleb128 0xb
 1464 0079 16       		.uleb128 0x16
 1465 007a 00       		.byte	0
 1466 007b 03       		.uleb128 0x3
 1467 007c 0E       		.uleb128 0xe
ARM GAS  C:\Users\admin\AppData\Local\Temp\ccNUb9RO.s 			page 27


 1468 007d 3A       		.uleb128 0x3a
 1469 007e 0B       		.uleb128 0xb
 1470 007f 3B       		.uleb128 0x3b
 1471 0080 05       		.uleb128 0x5
 1472 0081 49       		.uleb128 0x49
 1473 0082 13       		.uleb128 0x13
 1474 0083 00       		.byte	0
 1475 0084 00       		.byte	0
 1476 0085 0C       		.uleb128 0xc
 1477 0086 0F       		.uleb128 0xf
 1478 0087 00       		.byte	0
 1479 0088 0B       		.uleb128 0xb
 1480 0089 0B       		.uleb128 0xb
 1481 008a 49       		.uleb128 0x49
 1482 008b 13       		.uleb128 0x13
 1483 008c 00       		.byte	0
 1484 008d 00       		.byte	0
 1485 008e 0D       		.uleb128 0xd
 1486 008f 15       		.uleb128 0x15
 1487 0090 01       		.byte	0x1
 1488 0091 27       		.uleb128 0x27
 1489 0092 19       		.uleb128 0x19
 1490 0093 01       		.uleb128 0x1
 1491 0094 13       		.uleb128 0x13
 1492 0095 00       		.byte	0
 1493 0096 00       		.byte	0
 1494 0097 0E       		.uleb128 0xe
 1495 0098 05       		.uleb128 0x5
 1496 0099 00       		.byte	0
 1497 009a 49       		.uleb128 0x49
 1498 009b 13       		.uleb128 0x13
 1499 009c 00       		.byte	0
 1500 009d 00       		.byte	0
 1501 009e 0F       		.uleb128 0xf
 1502 009f 15       		.uleb128 0x15
 1503 00a0 01       		.byte	0x1
 1504 00a1 27       		.uleb128 0x27
 1505 00a2 19       		.uleb128 0x19
 1506 00a3 49       		.uleb128 0x49
 1507 00a4 13       		.uleb128 0x13
 1508 00a5 01       		.uleb128 0x1
 1509 00a6 13       		.uleb128 0x13
 1510 00a7 00       		.byte	0
 1511 00a8 00       		.byte	0
 1512 00a9 10       		.uleb128 0x10
 1513 00aa 13       		.uleb128 0x13
 1514 00ab 01       		.byte	0x1
 1515 00ac 03       		.uleb128 0x3
 1516 00ad 0E       		.uleb128 0xe
 1517 00ae 0B       		.uleb128 0xb
 1518 00af 0B       		.uleb128 0xb
 1519 00b0 3A       		.uleb128 0x3a
 1520 00b1 0B       		.uleb128 0xb
 1521 00b2 3B       		.uleb128 0x3b
 1522 00b3 05       		.uleb128 0x5
 1523 00b4 01       		.uleb128 0x1
 1524 00b5 13       		.uleb128 0x13
ARM GAS  C:\Users\admin\AppData\Local\Temp\ccNUb9RO.s 			page 28


 1525 00b6 00       		.byte	0
 1526 00b7 00       		.byte	0
 1527 00b8 11       		.uleb128 0x11
 1528 00b9 0D       		.uleb128 0xd
 1529 00ba 00       		.byte	0
 1530 00bb 03       		.uleb128 0x3
 1531 00bc 0E       		.uleb128 0xe
 1532 00bd 3A       		.uleb128 0x3a
 1533 00be 0B       		.uleb128 0xb
 1534 00bf 3B       		.uleb128 0x3b
 1535 00c0 05       		.uleb128 0x5
 1536 00c1 49       		.uleb128 0x49
 1537 00c2 13       		.uleb128 0x13
 1538 00c3 38       		.uleb128 0x38
 1539 00c4 0B       		.uleb128 0xb
 1540 00c5 00       		.byte	0
 1541 00c6 00       		.byte	0
 1542 00c7 12       		.uleb128 0x12
 1543 00c8 13       		.uleb128 0x13
 1544 00c9 01       		.byte	0x1
 1545 00ca 03       		.uleb128 0x3
 1546 00cb 0E       		.uleb128 0xe
 1547 00cc 0B       		.uleb128 0xb
 1548 00cd 0B       		.uleb128 0xb
 1549 00ce 3A       		.uleb128 0x3a
 1550 00cf 0B       		.uleb128 0xb
 1551 00d0 3B       		.uleb128 0x3b
 1552 00d1 0B       		.uleb128 0xb
 1553 00d2 01       		.uleb128 0x1
 1554 00d3 13       		.uleb128 0x13
 1555 00d4 00       		.byte	0
 1556 00d5 00       		.byte	0
 1557 00d6 13       		.uleb128 0x13
 1558 00d7 2E       		.uleb128 0x2e
 1559 00d8 00       		.byte	0
 1560 00d9 3F       		.uleb128 0x3f
 1561 00da 19       		.uleb128 0x19
 1562 00db 03       		.uleb128 0x3
 1563 00dc 0E       		.uleb128 0xe
 1564 00dd 3A       		.uleb128 0x3a
 1565 00de 0B       		.uleb128 0xb
 1566 00df 3B       		.uleb128 0x3b
 1567 00e0 0B       		.uleb128 0xb
 1568 00e1 27       		.uleb128 0x27
 1569 00e2 19       		.uleb128 0x19
 1570 00e3 49       		.uleb128 0x49
 1571 00e4 13       		.uleb128 0x13
 1572 00e5 8701     		.uleb128 0x87
 1573 00e7 19       		.uleb128 0x19
 1574 00e8 11       		.uleb128 0x11
 1575 00e9 01       		.uleb128 0x1
 1576 00ea 12       		.uleb128 0x12
 1577 00eb 06       		.uleb128 0x6
 1578 00ec 40       		.uleb128 0x40
 1579 00ed 18       		.uleb128 0x18
 1580 00ee 9742     		.uleb128 0x2117
 1581 00f0 19       		.uleb128 0x19
ARM GAS  C:\Users\admin\AppData\Local\Temp\ccNUb9RO.s 			page 29


 1582 00f1 00       		.byte	0
 1583 00f2 00       		.byte	0
 1584 00f3 14       		.uleb128 0x14
 1585 00f4 34       		.uleb128 0x34
 1586 00f5 00       		.byte	0
 1587 00f6 03       		.uleb128 0x3
 1588 00f7 0E       		.uleb128 0xe
 1589 00f8 3A       		.uleb128 0x3a
 1590 00f9 0B       		.uleb128 0xb
 1591 00fa 3B       		.uleb128 0x3b
 1592 00fb 05       		.uleb128 0x5
 1593 00fc 49       		.uleb128 0x49
 1594 00fd 13       		.uleb128 0x13
 1595 00fe 3F       		.uleb128 0x3f
 1596 00ff 19       		.uleb128 0x19
 1597 0100 3C       		.uleb128 0x3c
 1598 0101 19       		.uleb128 0x19
 1599 0102 00       		.byte	0
 1600 0103 00       		.byte	0
 1601 0104 15       		.uleb128 0x15
 1602 0105 34       		.uleb128 0x34
 1603 0106 00       		.byte	0
 1604 0107 03       		.uleb128 0x3
 1605 0108 0E       		.uleb128 0xe
 1606 0109 3A       		.uleb128 0x3a
 1607 010a 0B       		.uleb128 0xb
 1608 010b 3B       		.uleb128 0x3b
 1609 010c 0B       		.uleb128 0xb
 1610 010d 49       		.uleb128 0x49
 1611 010e 13       		.uleb128 0x13
 1612 010f 3F       		.uleb128 0x3f
 1613 0110 19       		.uleb128 0x19
 1614 0111 3C       		.uleb128 0x3c
 1615 0112 19       		.uleb128 0x19
 1616 0113 00       		.byte	0
 1617 0114 00       		.byte	0
 1618 0115 16       		.uleb128 0x16
 1619 0116 26       		.uleb128 0x26
 1620 0117 00       		.byte	0
 1621 0118 49       		.uleb128 0x49
 1622 0119 13       		.uleb128 0x13
 1623 011a 00       		.byte	0
 1624 011b 00       		.byte	0
 1625 011c 00       		.byte	0
 1626              		.section	.debug_aranges,"",%progbits
 1627 0000 1C000000 		.4byte	0x1c
 1628 0004 0200     		.2byte	0x2
 1629 0006 00000000 		.4byte	.Ldebug_info0
 1630 000a 04       		.byte	0x4
 1631 000b 00       		.byte	0
 1632 000c 0000     		.2byte	0
 1633 000e 0000     		.2byte	0
 1634 0010 00000000 		.4byte	.LFB616
 1635 0014 02000000 		.4byte	.LFE616-.LFB616
 1636 0018 00000000 		.4byte	0
 1637 001c 00000000 		.4byte	0
 1638              		.section	.debug_ranges,"",%progbits
ARM GAS  C:\Users\admin\AppData\Local\Temp\ccNUb9RO.s 			page 30


 1639              	.Ldebug_ranges0:
 1640 0000 00000000 		.4byte	.LFB616
 1641 0004 02000000 		.4byte	.LFE616
 1642 0008 00000000 		.4byte	0
 1643 000c 00000000 		.4byte	0
 1644              		.section	.debug_line,"",%progbits
 1645              	.Ldebug_line0:
 1646 0000 AE020000 		.section	.debug_str,"MS",%progbits,1
 1646      02009902 
 1646      00000201 
 1646      FB0E0D00 
 1646      01010101 
 1647              	.LASF196:
 1648 0000 54696D65 		.ascii	"Timer_Echo_config\000"
 1648      725F4563 
 1648      686F5F63 
 1648      6F6E6669 
 1648      6700
 1649              	.LASF56:
 1650 0012 70726F74 		.ascii	"protBusMasterMask\000"
 1650      4275734D 
 1650      61737465 
 1650      724D6173 
 1650      6B00
 1651              	.LASF159:
 1652 0024 72756E4D 		.ascii	"runMode\000"
 1652      6F646500 
 1653              	.LASF149:
 1654 002c 72784275 		.ascii	"rxBufSize\000"
 1654      6653697A 
 1654      6500
 1655              	.LASF66:
 1656 0036 666C6173 		.ascii	"flashCtlMainWs3Freq\000"
 1656      6843746C 
 1656      4D61696E 
 1656      57733346 
 1656      72657100 
 1657              	.LASF88:
 1658 004a 6770696F 		.ascii	"gpioPrtCfgInOffset\000"
 1658      50727443 
 1658      6667496E 
 1658      4F666673 
 1658      657400
 1659              	.LASF190:
 1660 005d 6B696C6C 		.ascii	"killInput\000"
 1660      496E7075 
 1660      7400
 1661              	.LASF106:
 1662 0067 6970634C 		.ascii	"ipcLockStatusOffset\000"
 1662      6F636B53 
 1662      74617475 
 1662      734F6666 
 1662      73657400 
 1663              	.LASF32:
 1664 007b 63727970 		.ascii	"cryptoVersion\000"
 1664      746F5665 
 1664      7273696F 
ARM GAS  C:\Users\admin\AppData\Local\Temp\ccNUb9RO.s 			page 31


 1664      6E00
 1665              	.LASF70:
 1666 0089 64774368 		.ascii	"dwChCtlPrioPos\000"
 1666      43746C50 
 1666      72696F50 
 1666      6F7300
 1667              	.LASF28:
 1668 0098 70617373 		.ascii	"passBase\000"
 1668      42617365 
 1668      00
 1669              	.LASF179:
 1670 00a1 70776D41 		.ascii	"pwmAlignment\000"
 1670      6C69676E 
 1670      6D656E74 
 1670      00
 1671              	.LASF41:
 1672 00ae 63707573 		.ascii	"cpussIpcIrqNr\000"
 1672      73497063 
 1672      4972714E 
 1672      7200
 1673              	.LASF3:
 1674 00bc 5F5F7569 		.ascii	"__uint8_t\000"
 1674      6E74385F 
 1674      7400
 1675              	.LASF127:
 1676 00c6 736C6176 		.ascii	"slaveStatus\000"
 1676      65537461 
 1676      74757300 
 1677              	.LASF85:
 1678 00d2 70657269 		.ascii	"periDiv24_5CtlOffset\000"
 1678      44697632 
 1678      345F3543 
 1678      746C4F66 
 1678      66736574 
 1679              	.LASF92:
 1680 00e7 63707573 		.ascii	"cpussCm4ClockCtlOffset\000"
 1680      73436D34 
 1680      436C6F63 
 1680      6B43746C 
 1680      4F666673 
 1681              	.LASF160:
 1682 00fe 636F756E 		.ascii	"countDirection\000"
 1682      74446972 
 1682      65637469 
 1682      6F6E00
 1683              	.LASF172:
 1684 010d 73746F70 		.ascii	"stopInputMode\000"
 1684      496E7075 
 1684      744D6F64 
 1684      6500
 1685              	.LASF21:
 1686 011b 63707573 		.ascii	"cpussBase\000"
 1686      73426173 
 1686      6500
 1687              	.LASF157:
 1688 0125 70657269 		.ascii	"period\000"
 1688      6F6400
ARM GAS  C:\Users\admin\AppData\Local\Temp\ccNUb9RO.s 			page 32


 1689              	.LASF50:
 1690 012c 70657269 		.ascii	"periClockNr\000"
 1690      436C6F63 
 1690      6B4E7200 
 1691              	.LASF167:
 1692 0138 63617074 		.ascii	"captureInput\000"
 1692      75726549 
 1692      6E707574 
 1692      00
 1693              	.LASF12:
 1694 0145 6C6F6E67 		.ascii	"long long unsigned int\000"
 1694      206C6F6E 
 1694      6720756E 
 1694      7369676E 
 1694      65642069 
 1695              	.LASF158:
 1696 015c 636C6F63 		.ascii	"clockPrescaler\000"
 1696      6B507265 
 1696      7363616C 
 1696      657200
 1697              	.LASF74:
 1698 016b 70657269 		.ascii	"periTrCmdOffset\000"
 1698      5472436D 
 1698      644F6666 
 1698      73657400 
 1699              	.LASF144:
 1700 017b 72785269 		.ascii	"rxRingBuf\000"
 1700      6E674275 
 1700      6600
 1701              	.LASF98:
 1702 0185 63707573 		.ascii	"cpussSysTickCtlOffset\000"
 1702      73537973 
 1702      5469636B 
 1702      43746C4F 
 1702      66667365 
 1703              	.LASF120:
 1704 019b 6D617374 		.ascii	"masterStatus\000"
 1704      65725374 
 1704      61747573 
 1704      00
 1705              	.LASF192:
 1706 01a8 49544D5F 		.ascii	"ITM_RxBuffer\000"
 1706      52784275 
 1706      66666572 
 1706      00
 1707              	.LASF59:
 1708 01b5 666C6173 		.ascii	"flashPipeRequired\000"
 1708      68506970 
 1708      65526571 
 1708      75697265 
 1708      6400
 1709              	.LASF135:
 1710 01c7 736C6176 		.ascii	"slaveRxBufferIdx\000"
 1710      65527842 
 1710      75666665 
 1710      72496478 
 1710      00
ARM GAS  C:\Users\admin\AppData\Local\Temp\ccNUb9RO.s 			page 33


 1711              	.LASF140:
 1712 01d8 63795F73 		.ascii	"cy_stc_scb_i2c_context\000"
 1712      74635F73 
 1712      63625F69 
 1712      32635F63 
 1712      6F6E7465 
 1713              	.LASF63:
 1714 01ef 666C6173 		.ascii	"flashCtlMainWs0Freq\000"
 1714      6843746C 
 1714      4D61696E 
 1714      57733046 
 1714      72657100 
 1715              	.LASF15:
 1716 0203 696E7431 		.ascii	"int16_t\000"
 1716      365F7400 
 1717              	.LASF11:
 1718 020b 6C6F6E67 		.ascii	"long long int\000"
 1718      206C6F6E 
 1718      6720696E 
 1718      7400
 1719              	.LASF176:
 1720 0219 63795F73 		.ascii	"cy_stc_tcpwm_counter_config_t\000"
 1720      74635F74 
 1720      6370776D 
 1720      5F636F75 
 1720      6E746572 
 1721              	.LASF79:
 1722 0237 70657269 		.ascii	"periDivCmdTypeSelPos\000"
 1722      44697643 
 1722      6D645479 
 1722      70655365 
 1722      6C506F73 
 1723              	.LASF153:
 1724 024c 74784C65 		.ascii	"txLeftToTransmit\000"
 1724      6674546F 
 1724      5472616E 
 1724      736D6974 
 1724      00
 1725              	.LASF25:
 1726 025d 70726F74 		.ascii	"protBase\000"
 1726      42617365 
 1726      00
 1727              	.LASF37:
 1728 0266 69706356 		.ascii	"ipcVersion\000"
 1728      65727369 
 1728      6F6E00
 1729              	.LASF134:
 1730 0271 736C6176 		.ascii	"slaveRxBufferSize\000"
 1730      65527842 
 1730      75666665 
 1730      7253697A 
 1730      6500
 1731              	.LASF99:
 1732 0283 63707573 		.ascii	"cpussCm0NmiCtlOffset\000"
 1732      73436D30 
 1732      4E6D6943 
 1732      746C4F66 
ARM GAS  C:\Users\admin\AppData\Local\Temp\ccNUb9RO.s 			page 34


 1732      66736574 
 1733              	.LASF47:
 1734 0298 73727373 		.ascii	"srssNumClkpath\000"
 1734      4E756D43 
 1734      6C6B7061 
 1734      746800
 1735              	.LASF26:
 1736 02a7 6873696F 		.ascii	"hsiomBase\000"
 1736      6D426173 
 1736      6500
 1737              	.LASF177:
 1738 02b1 63795F73 		.ascii	"cy_stc_tcpwm_pwm_config\000"
 1738      74635F74 
 1738      6370776D 
 1738      5F70776D 
 1738      5F636F6E 
 1739              	.LASF119:
 1740 02c9 73746174 		.ascii	"state\000"
 1740      6500
 1741              	.LASF115:
 1742 02cf 63795F63 		.ascii	"cy_cb_scb_i2c_handle_events_t\000"
 1742      625F7363 
 1742      625F6932 
 1742      635F6861 
 1742      6E646C65 
 1743              	.LASF8:
 1744 02ed 6C6F6E67 		.ascii	"long int\000"
 1744      20696E74 
 1744      00
 1745              	.LASF122:
 1746 02f6 6D617374 		.ascii	"masterRdDir\000"
 1746      65725264 
 1746      44697200 
 1747              	.LASF113:
 1748 0302 43595F53 		.ascii	"CY_SCB_I2C_NAK\000"
 1748      43425F49 
 1748      32435F4E 
 1748      414B00
 1749              	.LASF57:
 1750 0311 63727970 		.ascii	"cryptoMemSize\000"
 1750      746F4D65 
 1750      6D53697A 
 1750      6500
 1751              	.LASF23:
 1752 031f 70657269 		.ascii	"periBase\000"
 1752      42617365 
 1752      00
 1753              	.LASF55:
 1754 0328 73797350 		.ascii	"sysPmSimoPresent\000"
 1754      6D53696D 
 1754      6F507265 
 1754      73656E74 
 1754      00
 1755              	.LASF45:
 1756 0339 63707573 		.ascii	"cpussFmIrq\000"
 1756      73466D49 
 1756      727100
ARM GAS  C:\Users\admin\AppData\Local\Temp\ccNUb9RO.s 			page 35


 1757              	.LASF110:
 1758 0344 646F7562 		.ascii	"double\000"
 1758      6C6500
 1759              	.LASF84:
 1760 034b 70657269 		.ascii	"periDiv16_5CtlOffset\000"
 1760      44697631 
 1760      365F3543 
 1760      746C4F66 
 1760      66736574 
 1761              	.LASF48:
 1762 0360 73727373 		.ascii	"srssNumPll\000"
 1762      4E756D50 
 1762      6C6C00
 1763              	.LASF201:
 1764 036b 6D61696E 		.ascii	"main\000"
 1764      00
 1765              	.LASF166:
 1766 0370 63617074 		.ascii	"captureInputMode\000"
 1766      75726549 
 1766      6E707574 
 1766      4D6F6465 
 1766      00
 1767              	.LASF82:
 1768 0381 70657269 		.ascii	"periDiv8CtlOffset\000"
 1768      44697638 
 1768      43746C4F 
 1768      66667365 
 1768      7400
 1769              	.LASF89:
 1770 0393 6770696F 		.ascii	"gpioPrtCfgOutOffset\000"
 1770      50727443 
 1770      66674F75 
 1770      744F6666 
 1770      73657400 
 1771              	.LASF137:
 1772 03a7 63624164 		.ascii	"cbAddr\000"
 1772      647200
 1773              	.LASF22:
 1774 03ae 666C6173 		.ascii	"flashcBase\000"
 1774      68634261 
 1774      736500
 1775              	.LASF9:
 1776 03b9 5F5F7569 		.ascii	"__uint32_t\000"
 1776      6E743332 
 1776      5F7400
 1777              	.LASF52:
 1778 03c4 70617373 		.ascii	"passSarChannels\000"
 1778      53617243 
 1778      68616E6E 
 1778      656C7300 
 1779              	.LASF4:
 1780 03d4 5F5F696E 		.ascii	"__int16_t\000"
 1780      7431365F 
 1780      7400
 1781              	.LASF150:
 1782 03de 72784275 		.ascii	"rxBufIdx\000"
 1782      66496478 
ARM GAS  C:\Users\admin\AppData\Local\Temp\ccNUb9RO.s 			page 36


 1782      00
 1783              	.LASF95:
 1784 03e7 63707573 		.ascii	"cpussCm4PwrCtlOffset\000"
 1784      73436D34 
 1784      50777243 
 1784      746C4F66 
 1784      66736574 
 1785              	.LASF152:
 1786 03fc 74784275 		.ascii	"txBufSize\000"
 1786      6653697A 
 1786      6500
 1787              	.LASF165:
 1788 0406 696E7465 		.ascii	"interruptSources\000"
 1788      72727570 
 1788      74536F75 
 1788      72636573 
 1788      00
 1789              	.LASF90:
 1790 0417 6770696F 		.ascii	"gpioPrtCfgSioOffset\000"
 1790      50727443 
 1790      66675369 
 1790      6F4F6666 
 1790      73657400 
 1791              	.LASF42:
 1792 042b 63707573 		.ascii	"cpussDwChNr\000"
 1792      73447743 
 1792      684E7200 
 1793              	.LASF13:
 1794 0437 756E7369 		.ascii	"unsigned int\000"
 1794      676E6564 
 1794      20696E74 
 1794      00
 1795              	.LASF131:
 1796 0444 736C6176 		.ascii	"slaveTxBufferIdx\000"
 1796      65547842 
 1796      75666665 
 1796      72496478 
 1796      00
 1797              	.LASF16:
 1798 0455 75696E74 		.ascii	"uint16_t\000"
 1798      31365F74 
 1798      00
 1799              	.LASF128:
 1800 045e 736C6176 		.ascii	"slaveRdBufEmpty\000"
 1800      65526442 
 1800      7566456D 
 1800      70747900 
 1801              	.LASF75:
 1802 046e 70657269 		.ascii	"periTrCmdGrSelMsk\000"
 1802      5472436D 
 1802      64477253 
 1802      656C4D73 
 1802      6B00
 1803              	.LASF64:
 1804 0480 666C6173 		.ascii	"flashCtlMainWs1Freq\000"
 1804      6843746C 
 1804      4D61696E 
ARM GAS  C:\Users\admin\AppData\Local\Temp\ccNUb9RO.s 			page 37


 1804      57733146 
 1804      72657100 
 1805              	.LASF10:
 1806 0494 6C6F6E67 		.ascii	"long unsigned int\000"
 1806      20756E73 
 1806      69676E65 
 1806      6420696E 
 1806      7400
 1807              	.LASF164:
 1808 04a6 656E6162 		.ascii	"enableCompareSwap\000"
 1808      6C65436F 
 1808      6D706172 
 1808      65537761 
 1808      7000
 1809              	.LASF139:
 1810 04b8 63795F63 		.ascii	"cy_cb_scb_uart_handle_events_t\000"
 1810      625F7363 
 1810      625F7561 
 1810      72745F68 
 1810      616E646C 
 1811              	.LASF195:
 1812 04d7 55415254 		.ascii	"UART_context\000"
 1812      5F636F6E 
 1812      74657874 
 1812      00
 1813              	.LASF40:
 1814 04e4 63707573 		.ascii	"cpussIpcNr\000"
 1814      73497063 
 1814      4E7200
 1815              	.LASF27:
 1816 04ef 6770696F 		.ascii	"gpioBase\000"
 1816      42617365 
 1816      00
 1817              	.LASF53:
 1818 04f8 65704D6F 		.ascii	"epMonitorNr\000"
 1818      6E69746F 
 1818      724E7200 
 1819              	.LASF142:
 1820 0504 74785374 		.ascii	"txStatus\000"
 1820      61747573 
 1820      00
 1821              	.LASF118:
 1822 050d 75736554 		.ascii	"useTxFifo\000"
 1822      78466966 
 1822      6F00
 1823              	.LASF187:
 1824 0517 73776170 		.ascii	"swapInputMode\000"
 1824      496E7075 
 1824      744D6F64 
 1824      6500
 1825              	.LASF197:
 1826 0525 50574D5F 		.ascii	"PWM_Trigger_config\000"
 1826      54726967 
 1826      6765725F 
 1826      636F6E66 
 1826      696700
 1827              	.LASF76:
ARM GAS  C:\Users\admin\AppData\Local\Temp\ccNUb9RO.s 			page 38


 1828 0538 70657269 		.ascii	"periTrGrOffset\000"
 1828      54724772 
 1828      4F666673 
 1828      657400
 1829              	.LASF103:
 1830 0547 63707573 		.ascii	"cpussRam1Ctl0\000"
 1830      7352616D 
 1830      3143746C 
 1830      3000
 1831              	.LASF189:
 1832 0555 6B696C6C 		.ascii	"killInputMode\000"
 1832      496E7075 
 1832      744D6F64 
 1832      6500
 1833              	.LASF136:
 1834 0563 63624576 		.ascii	"cbEvents\000"
 1834      656E7473 
 1834      00
 1835              	.LASF77:
 1836 056c 70657269 		.ascii	"periTrGrSize\000"
 1836      54724772 
 1836      53697A65 
 1836      00
 1837              	.LASF35:
 1838 0579 6770696F 		.ascii	"gpioVersion\000"
 1838      56657273 
 1838      696F6E00 
 1839              	.LASF151:
 1840 0585 74784275 		.ascii	"txBuf\000"
 1840      6600
 1841              	.LASF107:
 1842 058b 63795F73 		.ascii	"cy_stc_device_t\000"
 1842      74635F64 
 1842      65766963 
 1842      655F7400 
 1843              	.LASF184:
 1844 059b 696E7665 		.ascii	"invertPWMOut\000"
 1844      72745057 
 1844      4D4F7574 
 1844      00
 1845              	.LASF180:
 1846 05a8 64656164 		.ascii	"deadTimeClocks\000"
 1846      54696D65 
 1846      436C6F63 
 1846      6B7300
 1847              	.LASF146:
 1848 05b7 72785269 		.ascii	"rxRingBufHead\000"
 1848      6E674275 
 1848      66486561 
 1848      6400
 1849              	.LASF96:
 1850 05c5 63707573 		.ascii	"cpussTrimRamCtlOffset\000"
 1850      73547269 
 1850      6D52616D 
 1850      43746C4F 
 1850      66667365 
 1851              	.LASF133:
ARM GAS  C:\Users\admin\AppData\Local\Temp\ccNUb9RO.s 			page 39


 1852 05db 736C6176 		.ascii	"slaveRxBuffer\000"
 1852      65527842 
 1852      75666665 
 1852      7200
 1853              	.LASF171:
 1854 05e9 73746172 		.ascii	"startInput\000"
 1854      74496E70 
 1854      757400
 1855              	.LASF31:
 1856 05f4 63707573 		.ascii	"cpussVersion\000"
 1856      73566572 
 1856      73696F6E 
 1856      00
 1857              	.LASF38:
 1858 0601 70657269 		.ascii	"periVersion\000"
 1858      56657273 
 1858      696F6E00 
 1859              	.LASF94:
 1860 060d 63707573 		.ascii	"cpussCm0StatusOffset\000"
 1860      73436D30 
 1860      53746174 
 1860      75734F66 
 1860      66736574 
 1861              	.LASF156:
 1862 0622 63795F73 		.ascii	"cy_stc_tcpwm_counter_config\000"
 1862      74635F74 
 1862      6370776D 
 1862      5F636F75 
 1862      6E746572 
 1863              	.LASF19:
 1864 063e 73697A65 		.ascii	"sizetype\000"
 1864      74797065 
 1864      00
 1865              	.LASF68:
 1866 0647 64774368 		.ascii	"dwChOffset\000"
 1866      4F666673 
 1866      657400
 1867              	.LASF188:
 1868 0652 73776170 		.ascii	"swapInput\000"
 1868      496E7075 
 1868      7400
 1869              	.LASF125:
 1870 065c 6D617374 		.ascii	"masterBufferIdx\000"
 1870      65724275 
 1870      66666572 
 1870      49647800 
 1871              	.LASF43:
 1872 066c 63707573 		.ascii	"cpussFlashPaSize\000"
 1872      73466C61 
 1872      73685061 
 1872      53697A65 
 1872      00
 1873              	.LASF81:
 1874 067d 70657269 		.ascii	"periDivCmdPaTypeSelPos\000"
 1874      44697643 
 1874      6D645061 
 1874      54797065 
ARM GAS  C:\Users\admin\AppData\Local\Temp\ccNUb9RO.s 			page 40


 1874      53656C50 
 1875              	.LASF104:
 1876 0694 63707573 		.ascii	"cpussRam2Ctl0\000"
 1876      7352616D 
 1876      3243746C 
 1876      3000
 1877              	.LASF72:
 1878 06a2 64775374 		.ascii	"dwStatusChIdxPos\000"
 1878      61747573 
 1878      43684964 
 1878      78506F73 
 1878      00
 1879              	.LASF54:
 1880 06b3 75646250 		.ascii	"udbPresent\000"
 1880      72657365 
 1880      6E7400
 1881              	.LASF143:
 1882 06be 72785374 		.ascii	"rxStatus\000"
 1882      61747573 
 1882      00
 1883              	.LASF34:
 1884 06c7 666C6173 		.ascii	"flashcVersion\000"
 1884      68635665 
 1884      7273696F 
 1884      6E00
 1885              	.LASF30:
 1886 06d5 63727970 		.ascii	"cryptoBase\000"
 1886      746F4261 
 1886      736500
 1887              	.LASF51:
 1888 06e0 736D6966 		.ascii	"smifDeviceNr\000"
 1888      44657669 
 1888      63654E72 
 1888      00
 1889              	.LASF198:
 1890 06ed 474E5520 		.ascii	"GNU C11 5.4.1 20160609 (release) [ARM/embedded-5-br"
 1890      43313120 
 1890      352E342E 
 1890      31203230 
 1890      31363036 
 1891 0720 616E6368 		.ascii	"anch revision 237715] -mcpu=cortex-m4 -mfloat-abi=s"
 1891      20726576 
 1891      6973696F 
 1891      6E203233 
 1891      37373135 
 1892 0753 6F667466 		.ascii	"oftfp -mfpu=fpv4-sp-d16 -mthumb -g -Og -ffunction-s"
 1892      70202D6D 
 1892      6670753D 
 1892      66707634 
 1892      2D73702D 
 1893 0786 65637469 		.ascii	"ections -ffat-lto-objects\000"
 1893      6F6E7320 
 1893      2D666661 
 1893      742D6C74 
 1893      6F2D6F62 
 1894              	.LASF178:
 1895 07a0 70776D4D 		.ascii	"pwmMode\000"
ARM GAS  C:\Users\admin\AppData\Local\Temp\ccNUb9RO.s 			page 41


 1895      6F646500 
 1896              	.LASF109:
 1897 07a8 666C6F61 		.ascii	"float\000"
 1897      7400
 1898              	.LASF194:
 1899 07ae 53656E73 		.ascii	"SensorBus_context\000"
 1899      6F724275 
 1899      735F636F 
 1899      6E746578 
 1899      7400
 1900              	.LASF73:
 1901 07c0 64775374 		.ascii	"dwStatusChIdxMsk\000"
 1901      61747573 
 1901      43684964 
 1901      784D736B 
 1901      00
 1902              	.LASF193:
 1903 07d1 63795F64 		.ascii	"cy_device\000"
 1903      65766963 
 1903      6500
 1904              	.LASF101:
 1905 07db 63707573 		.ascii	"cpussRomCtl\000"
 1905      73526F6D 
 1905      43746C00 
 1906              	.LASF71:
 1907 07e7 64774368 		.ascii	"dwChCtlPreemptablePos\000"
 1907      43746C50 
 1907      7265656D 
 1907      70746162 
 1907      6C65506F 
 1908              	.LASF186:
 1909 07fd 6B696C6C 		.ascii	"killMode\000"
 1909      4D6F6465 
 1909      00
 1910              	.LASF24:
 1911 0806 75646242 		.ascii	"udbBase\000"
 1911      61736500 
 1912              	.LASF112:
 1913 080e 43595F53 		.ascii	"CY_SCB_I2C_ACK\000"
 1913      43425F49 
 1913      32435F41 
 1913      434B00
 1914              	.LASF111:
 1915 081d 5F426F6F 		.ascii	"_Bool\000"
 1915      6C00
 1916              	.LASF17:
 1917 0823 696E7433 		.ascii	"int32_t\000"
 1917      325F7400 
 1918              	.LASF2:
 1919 082b 756E7369 		.ascii	"unsigned char\000"
 1919      676E6564 
 1919      20636861 
 1919      7200
 1920              	.LASF67:
 1921 0839 666C6173 		.ascii	"flashCtlMainWs4Freq\000"
 1921      6843746C 
 1921      4D61696E 
ARM GAS  C:\Users\admin\AppData\Local\Temp\ccNUb9RO.s 			page 42


 1921      57733446 
 1921      72657100 
 1922              	.LASF0:
 1923 084d 73686F72 		.ascii	"short int\000"
 1923      7420696E 
 1923      7400
 1924              	.LASF124:
 1925 0857 6D617374 		.ascii	"masterBufferSize\000"
 1925      65724275 
 1925      66666572 
 1925      53697A65 
 1925      00
 1926              	.LASF78:
 1927 0868 70657269 		.ascii	"periDivCmdDivSelMsk\000"
 1927      44697643 
 1927      6D644469 
 1927      7653656C 
 1927      4D736B00 
 1928              	.LASF65:
 1929 087c 666C6173 		.ascii	"flashCtlMainWs2Freq\000"
 1929      6843746C 
 1929      4D61696E 
 1929      57733246 
 1929      72657100 
 1930              	.LASF121:
 1931 0890 6D617374 		.ascii	"masterPause\000"
 1931      65725061 
 1931      75736500 
 1932              	.LASF183:
 1933 089c 656E6162 		.ascii	"enablePeriodSwap\000"
 1933      6C655065 
 1933      72696F64 
 1933      53776170 
 1933      00
 1934              	.LASF116:
 1935 08ad 63795F63 		.ascii	"cy_cb_scb_i2c_handle_addr_t\000"
 1935      625F7363 
 1935      625F6932 
 1935      635F6861 
 1935      6E646C65 
 1936              	.LASF161:
 1937 08c9 636F6D70 		.ascii	"compareOrCapture\000"
 1937      6172654F 
 1937      72436170 
 1937      74757265 
 1937      00
 1938              	.LASF126:
 1939 08da 6D617374 		.ascii	"masterNumBytes\000"
 1939      65724E75 
 1939      6D427974 
 1939      657300
 1940              	.LASF132:
 1941 08e9 736C6176 		.ascii	"slaveTxBufferCnt\000"
 1941      65547842 
 1941      75666665 
 1941      72436E74 
 1941      00
ARM GAS  C:\Users\admin\AppData\Local\Temp\ccNUb9RO.s 			page 43


 1942              	.LASF62:
 1943 08fa 666C6173 		.ascii	"flashEraseDelay\000"
 1943      68457261 
 1943      73654465 
 1943      6C617900 
 1944              	.LASF18:
 1945 090a 75696E74 		.ascii	"uint32_t\000"
 1945      33325F74 
 1945      00
 1946              	.LASF138:
 1947 0913 63795F73 		.ascii	"cy_stc_scb_i2c_context_t\000"
 1947      74635F73 
 1947      63625F69 
 1947      32635F63 
 1947      6F6E7465 
 1948              	.LASF162:
 1949 092c 636F6D70 		.ascii	"compare0\000"
 1949      61726530 
 1949      00
 1950              	.LASF20:
 1951 0935 6C6F6E67 		.ascii	"long double\000"
 1951      20646F75 
 1951      626C6500 
 1952              	.LASF108:
 1953 0941 63686172 		.ascii	"char\000"
 1953      00
 1954              	.LASF175:
 1955 0946 636F756E 		.ascii	"countInput\000"
 1955      74496E70 
 1955      757400
 1956              	.LASF39:
 1957 0951 70726F74 		.ascii	"protVersion\000"
 1957      56657273 
 1957      696F6E00 
 1958              	.LASF102:
 1959 095d 63707573 		.ascii	"cpussRam0Ctl0\000"
 1959      7352616D 
 1959      3043746C 
 1959      3000
 1960              	.LASF1:
 1961 096b 7369676E 		.ascii	"signed char\000"
 1961      65642063 
 1961      68617200 
 1962              	.LASF5:
 1963 0977 5F5F7569 		.ascii	"__uint16_t\000"
 1963      6E743136 
 1963      5F7400
 1964              	.LASF83:
 1965 0982 70657269 		.ascii	"periDiv16CtlOffset\000"
 1965      44697631 
 1965      3643746C 
 1965      4F666673 
 1965      657400
 1966              	.LASF7:
 1967 0995 5F5F696E 		.ascii	"__int32_t\000"
 1967      7433325F 
 1967      7400
ARM GAS  C:\Users\admin\AppData\Local\Temp\ccNUb9RO.s 			page 44


 1968              	.LASF123:
 1969 099f 6D617374 		.ascii	"masterBuffer\000"
 1969      65724275 
 1969      66666572 
 1969      00
 1970              	.LASF36:
 1971 09ac 6873696F 		.ascii	"hsiomVersion\000"
 1971      6D566572 
 1971      73696F6E 
 1971      00
 1972              	.LASF61:
 1973 09b9 666C6173 		.ascii	"flashProgramDelay\000"
 1973      6850726F 
 1973      6772616D 
 1973      44656C61 
 1973      7900
 1974              	.LASF46:
 1975 09cb 63707573 		.ascii	"cpussNotConnectedIrq\000"
 1975      734E6F74 
 1975      436F6E6E 
 1975      65637465 
 1975      64497271 
 1976              	.LASF145:
 1977 09e0 72785269 		.ascii	"rxRingBufSize\000"
 1977      6E674275 
 1977      6653697A 
 1977      6500
 1978              	.LASF169:
 1979 09ee 72656C6F 		.ascii	"reloadInput\000"
 1979      6164496E 
 1979      70757400 
 1980              	.LASF6:
 1981 09fa 73686F72 		.ascii	"short unsigned int\000"
 1981      7420756E 
 1981      7369676E 
 1981      65642069 
 1981      6E7400
 1982              	.LASF69:
 1983 0a0d 64774368 		.ascii	"dwChSize\000"
 1983      53697A65 
 1983      00
 1984              	.LASF173:
 1985 0a16 73746F70 		.ascii	"stopInput\000"
 1985      496E7075 
 1985      7400
 1986              	.LASF105:
 1987 0a20 69706353 		.ascii	"ipcStructSize\000"
 1987      74727563 
 1987      7453697A 
 1987      6500
 1988              	.LASF117:
 1989 0a2e 75736552 		.ascii	"useRxFifo\000"
 1989      78466966 
 1989      6F00
 1990              	.LASF170:
 1991 0a38 73746172 		.ascii	"startInputMode\000"
 1991      74496E70 
ARM GAS  C:\Users\admin\AppData\Local\Temp\ccNUb9RO.s 			page 45


 1991      75744D6F 
 1991      646500
 1992              	.LASF44:
 1993 0a47 63707573 		.ascii	"cpussIpc0Irq\000"
 1993      73497063 
 1993      30497271 
 1993      00
 1994              	.LASF181:
 1995 0a54 70657269 		.ascii	"period0\000"
 1995      6F643000 
 1996              	.LASF182:
 1997 0a5c 70657269 		.ascii	"period1\000"
 1997      6F643100 
 1998              	.LASF200:
 1999 0a64 433A5C55 		.ascii	"C:\\Users\\admin\\Desktop\\PSoC Creator_1\\SeniorDe"
 1999      73657273 
 1999      5C61646D 
 1999      696E5C44 
 1999      65736B74 
 2000 0a92 7369676E 		.ascii	"sign\\UltraSonic.cydsn\000"
 2000      5C556C74 
 2000      7261536F 
 2000      6E69632E 
 2000      63796473 
 2001              	.LASF91:
 2002 0aa8 63707573 		.ascii	"cpussCm0ClockCtlOffset\000"
 2002      73436D30 
 2002      436C6F63 
 2002      6B43746C 
 2002      4F666673 
 2003              	.LASF87:
 2004 0abf 6770696F 		.ascii	"gpioPrtCfgOffset\000"
 2004      50727443 
 2004      66674F66 
 2004      66736574 
 2004      00
 2005              	.LASF154:
 2006 0ad0 696E6974 		.ascii	"initKey\000"
 2006      4B657900 
 2007              	.LASF148:
 2008 0ad8 72784275 		.ascii	"rxBuf\000"
 2008      6600
 2009              	.LASF129:
 2010 0ade 736C6176 		.ascii	"slaveTxBuffer\000"
 2010      65547842 
 2010      75666665 
 2010      7200
 2011              	.LASF130:
 2012 0aec 736C6176 		.ascii	"slaveTxBufferSize\000"
 2012      65547842 
 2012      75666665 
 2012      7253697A 
 2012      6500
 2013              	.LASF155:
 2014 0afe 63795F73 		.ascii	"cy_stc_scb_uart_context_t\000"
 2014      74635F73 
 2014      63625F75 
ARM GAS  C:\Users\admin\AppData\Local\Temp\ccNUb9RO.s 			page 46


 2014      6172745F 
 2014      636F6E74 
 2015              	.LASF49:
 2016 0b18 73727373 		.ascii	"srssNumHfroot\000"
 2016      4E756D48 
 2016      66726F6F 
 2016      7400
 2017              	.LASF114:
 2018 0b26 63795F65 		.ascii	"cy_en_scb_i2c_command_t\000"
 2018      6E5F7363 
 2018      625F6932 
 2018      635F636F 
 2018      6D6D616E 
 2019              	.LASF100:
 2020 0b3e 63707573 		.ascii	"cpussCm4NmiCtlOffset\000"
 2020      73436D34 
 2020      4E6D6943 
 2020      746C4F66 
 2020      66736574 
 2021              	.LASF185:
 2022 0b53 696E7665 		.ascii	"invertPWMOutN\000"
 2022      72745057 
 2022      4D4F7574 
 2022      4E00
 2023              	.LASF60:
 2024 0b61 666C6173 		.ascii	"flashWriteDelay\000"
 2024      68577269 
 2024      74654465 
 2024      6C617900 
 2025              	.LASF14:
 2026 0b71 75696E74 		.ascii	"uint8_t\000"
 2026      385F7400 
 2027              	.LASF93:
 2028 0b79 63707573 		.ascii	"cpussCm4StatusOffset\000"
 2028      73436D34 
 2028      53746174 
 2028      75734F66 
 2028      66736574 
 2029              	.LASF86:
 2030 0b8e 6770696F 		.ascii	"gpioPrtIntrCfgOffset\000"
 2030      50727449 
 2030      6E747243 
 2030      66674F66 
 2030      66736574 
 2031              	.LASF191:
 2032 0ba3 63795F73 		.ascii	"cy_stc_tcpwm_pwm_config_t\000"
 2032      74635F74 
 2032      6370776D 
 2032      5F70776D 
 2032      5F636F6E 
 2033              	.LASF168:
 2034 0bbd 72656C6F 		.ascii	"reloadInputMode\000"
 2034      6164496E 
 2034      7075744D 
 2034      6F646500 
 2035              	.LASF147:
 2036 0bcd 72785269 		.ascii	"rxRingBufTail\000"
ARM GAS  C:\Users\admin\AppData\Local\Temp\ccNUb9RO.s 			page 47


 2036      6E674275 
 2036      66546169 
 2036      6C00
 2037              	.LASF163:
 2038 0bdb 636F6D70 		.ascii	"compare1\000"
 2038      61726531 
 2038      00
 2039              	.LASF97:
 2040 0be4 63707573 		.ascii	"cpussTrimRomCtlOffset\000"
 2040      73547269 
 2040      6D526F6D 
 2040      43746C4F 
 2040      66667365 
 2041              	.LASF174:
 2042 0bfa 636F756E 		.ascii	"countInputMode\000"
 2042      74496E70 
 2042      75744D6F 
 2042      646500
 2043              	.LASF33:
 2044 0c09 64775665 		.ascii	"dwVersion\000"
 2044      7273696F 
 2044      6E00
 2045              	.LASF29:
 2046 0c13 69706342 		.ascii	"ipcBase\000"
 2046      61736500 
 2047              	.LASF80:
 2048 0c1b 70657269 		.ascii	"periDivCmdPaDivSelPos\000"
 2048      44697643 
 2048      6D645061 
 2048      44697653 
 2048      656C506F 
 2049              	.LASF141:
 2050 0c31 63795F73 		.ascii	"cy_stc_scb_uart_context\000"
 2050      74635F73 
 2050      63625F75 
 2050      6172745F 
 2050      636F6E74 
 2051              	.LASF199:
 2052 0c49 6D61696E 		.ascii	"main_cm4.c\000"
 2052      5F636D34 
 2052      2E6300
 2053              	.LASF58:
 2054 0c54 666C6173 		.ascii	"flashRwwRequired\000"
 2054      68527777 
 2054      52657175 
 2054      69726564 
 2054      00
 2055              		.ident	"GCC: (GNU Tools for ARM Embedded Processors) 5.4.1 20160609 (release) [ARM/embedded-5-bran
